  {
    "TimeGenerated": "5/10/2021, 5:52:56.967 PM",
    "Account": "",
    "AccountType": "",
    "Computer": "VM1.testenv.onmicrosoft.com",
    "EventSourceName": "Microsoft-Windows-Security-Auditing",
    "Channel": "Security",
    "Task": 1,
    "Level": 0,
    "EventData": "<EventData xmlns=\"http://schemas.microsoft.com/win/2004/08/events/event\">\n  <Data Name=\"ProcessId\">4016</Data>\n  <Data Name=\"Application\">\\device\\harddiskvolume1\\windowsazure\\guestagent_2.7.41491.1005_2020-11-17_025846\\guestagent\\windowsazureguestagent.exe</Data>\n  <Data Name=\"SourceAddress\">0.0.0.0</Data>\n  <Data Name=\"SourcePort\">62726</Data>\n  <Data Name=\"Protocol\">6</Data>\n  <Data Name=\"FilterRTID\">0</Data>\n  <Data Name=\"LayerName\">%%14608</Data>\n  <Data Name=\"LayerRTID\">36</Data>\n</EventData>",
    "EventID": 5158,
    "Activity": "5158 - The Windows Filtering Platform has permitted a bind to a local port.",
    "PartitionKey": "",
    "RowKey": "",
    "StorageAccount": "",
    "AzureDeploymentID": "",
    "AzureTableName": "",
    "AccessList": "",
    "AccessMask": null,
    "HandleId": null,
    "ObjectName": "",
    "ObjectServer": "",
    "ObjectType": "",
    "OperationType": "",
    "SubjectAccount": "",
    "SubcategoryGuid": "",
    "SubcategoryId": "",
    "SubjectDomainName": "",
    "SubjectKeyIdentifier": "",
    "SubjectLogonId": null,
    "SubjectUserName": "",
    "SubjectUserSid": "",
    "SourceComputerId": "5c7f3782-1e64-f470-738c-cf904f80d3d3",
    "EventOriginId": "862c4600-b1f2-46f6-a0c5-c886f4c375e7",
    "MG": "00000000-0000-0000-0000-000000000001",
    "TimeCollected": "5/10/2021, 5:54:12.472 PM",
    "ManagementGroupName": "AOI-83c61c06-76fd-494d-990d-0805b4a177a6"
  },
  {
    "TimeGenerated": "5/10/2021, 5:52:56.967 PM",
    "Account": "",
    "AccountType": "",
    "Computer": "VM1.testenv.onmicrosoft.com",
    "EventSourceName": "Microsoft-Windows-Security-Auditing",
    "Channel": "Security",
    "Task": 1,
    "Level": 0,
    "EventData": "<EventData xmlns=\"http://schemas.microsoft.com/win/2004/08/events/event\">\n  <Data Name=\"ProcessID\">4016</Data>\n  <Data Name=\"Application\">\\device\\harddiskvolume1\\windowsazure\\guestagent_2.7.41491.1005_2020-11-17_025846\\guestagent\\windowsazureguestagent.exe</Data>\n  <Data Name=\"Direction\">%%14593</Data>\n  <Data Name=\"SourceAddress\">10.0.0.5</Data>\n  <Data Name=\"SourcePort\">62726</Data>\n  <Data Name=\"DestAddress\">168.63.129.16</Data>\n  <Data Name=\"DestPort\">80</Data>\n  <Data Name=\"Protocol\">6</Data>\n  <Data Name=\"FilterRTID\">79531</Data>\n  <Data Name=\"LayerName\">%%14611</Data>\n  <Data Name=\"LayerRTID\">48</Data>\n  <Data Name=\"RemoteUserID\">S-1-0-0</Data>\n  <Data Name=\"RemoteMachineID\">S-1-0-0</Data>\n</EventData>",
    "EventID": 5156,
    "Activity": "5156 - The Windows Filtering Platform has allowed a connection.",
    "PartitionKey": "",
    "RowKey": "",
    "StorageAccount": "",
    "AzureDeploymentID": "",
    "AzureTableName": "",
    "AccessList": "",
    "AccessMask": null,
    "HandleId": null,
    "ObjectName": "",
    "ObjectServer": "",
    "ObjectType": "",
    "OperationType": "",
    "SubjectAccount": "",
    "SubcategoryGuid": "",
    "SubcategoryId": "",
    "SubjectDomainName": "",
    "SubjectKeyIdentifier": "",
    "SubjectLogonId": null,
    "SubjectUserName": "",
    "SubjectUserSid": "",
    "SourceComputerId": "5c7f3782-1e64-f470-738c-cf904f80d3d3",
    "EventOriginId": "862c4600-b1f2-46f6-a0c5-c886f4c375e7",
    "MG": "00000000-0000-0000-0000-000000000001",
    "TimeCollected": "5/10/2021, 5:54:12.472 PM",
    "ManagementGroupName": "AOI-83c61c06-76fd-494d-990d-0805b4a177a6"
  },
  {
    "TimeGenerated": "5/10/2021, 5:57:00.570 PM",
    "Account": "",
    "AccountType": "",
    "Computer": "DC1.testenv.onmicrosoft.com",
    "EventSourceName": "Service Control Manager",
    "Channel": "System",
    "Task": 1,
    "Level": 2,
    "EventData": "<EventData xmlns=\"http://schemas.microsoft.com/win/2004/08/events/event\">\n  <Data Name=\"param1\">Microsoft Advanced Threat Analytics Center</Data>\n  <Data Name=\"param2\">2039962</Data>\n  <Data Name=\"param3\">5000</Data>\n  <Data Name=\"param4\">1</Data>\n  <Data Name=\"param5\">Restart the service</Data>\n  <Binary>410054004100430065006E007400650072000000</Binary>\n</EventData>",
    "EventID": 7031,
    "Activity": "7031",
    "PartitionKey": "",
    "RowKey": "",
    "StorageAccount": "",
    "AzureDeploymentID": "",
    "AzureTableName": "",
    "AccessList": "",
    "AccessMask": null,
    "HandleId": null,
    "ObjectName": "",
    "ObjectServer": "",
    "ObjectType": "",
    "OperationType": "",
    "SubjectAccount": "",
    "SubcategoryGuid": "",
    "SubcategoryId": "",
    "SubjectDomainName": "",
    "SubjectKeyIdentifier": "",
    "SubjectLogonId": null,
    "SubjectUserName": "",
    "SubjectUserSid": "",
    "SourceComputerId": "5c7f3782-1e64-f470-738c-cf904f80d3d3",
    "EventOriginId": "c0e2c38f-750c-4e27-a68e-6e79fdbeeb86",
    "MG": "00000000-0000-0000-0000-000000000001",
    "TimeCollected": "5/10/2021, 5:58:58.281 PM",
    "ManagementGroupName": "AOI-83c61c06-76fd-494d-990d-0805b4a177a6"
  },
  {
    "TimeGenerated": "5/10/2021, 5:57:02.670 PM",
    "Account": "",
    "AccountType": "",
    "Computer": "DC1.testenv.onmicrosoft.com",
    "EventSourceName": "Service Control Manager",
    "Channel": "System",
    "Task": 1,
    "Level": 2,
    "EventData": "<EventData xmlns=\"http://schemas.microsoft.com/win/2004/08/events/event\">\n  <Data Name=\"param1\">Microsoft Advanced Threat Analytics Gateway Updater</Data>\n  <Data Name=\"param2\">1828600</Data>\n  <Data Name=\"param3\">5000</Data>\n  <Data Name=\"param4\">1</Data>\n  <Data Name=\"param5\">Restart the service</Data>\n  <Binary>410054004100470061007400650077006100790055007000640061007400650072000000</Binary>\n</EventData>",
    "EventID": 7031,
    "Activity": "7031",
    "PartitionKey": "",
    "RowKey": "",
    "StorageAccount": "",
    "AzureDeploymentID": "",
    "AzureTableName": "",
    "AccessList": "",
    "AccessMask": null,
    "HandleId": null,
    "ObjectName": "",
    "ObjectServer": "",
    "ObjectType": "",
    "OperationType": "",
    "SubjectAccount": "",
    "SubcategoryGuid": "",
    "SubcategoryId": "",
    "SubjectDomainName": "",
    "SubjectKeyIdentifier": "",
    "SubjectLogonId": null,
    "SubjectUserName": "",
    "SubjectUserSid": "",
    "SourceComputerId": "5c7f3782-1e64-f470-738c-cf904f80d3d3",
    "EventOriginId": "c0e2c38f-750c-4e27-a68e-6e79fdbeeb86",
    "MG": "00000000-0000-0000-0000-000000000001",
    "TimeCollected": "5/10/2021, 5:58:58.281 PM",
    "ManagementGroupName": "AOI-83c61c06-76fd-494d-990d-0805b4a177a6"
  },
  {
    "TimeGenerated": "5/10/2021, 5:57:08.027 PM",
    "Account": "",
    "AccountType": "",
    "Computer": "DC1.testenv.onmicrosoft.com",
    "EventSourceName": "Service Control Manager",
    "Channel": "System",
    "Task": 1,
    "Level": 2,
    "EventData": "<EventData xmlns=\"http://schemas.microsoft.com/win/2004/08/events/event\">\n  <Data Name=\"param1\">Microsoft Advanced Threat Analytics Center</Data>\n  <Data Name=\"param2\">2039963</Data>\n  <Data Name=\"param3\">5000</Data>\n  <Data Name=\"param4\">1</Data>\n  <Data Name=\"param5\">Restart the service</Data>\n  <Binary>410054004100430065006E007400650072000000</Binary>\n</EventData>",
    "EventID": 7031,
    "Activity": "7031",
    "PartitionKey": "",
    "RowKey": "",
    "StorageAccount": "",
    "AzureDeploymentID": "",
    "AzureTableName": "",
    "AccessList": "",
    "AccessMask": null,
    "HandleId": null,
    "ObjectName": "",
    "ObjectServer": "",
    "ObjectType": "",
    "OperationType": "",
    "SubjectAccount": "",
    "SubcategoryGuid": "",
    "SubcategoryId": "",
    "SubjectDomainName": "",
    "SubjectKeyIdentifier": "",
    "SubjectLogonId": null,
    "SubjectUserName": "",
    "SubjectUserSid": "",
    "SourceComputerId": "5c7f3782-1e64-f470-738c-cf904f80d3d3",
    "EventOriginId": "c0e2c38f-750c-4e27-a68e-6e79fdbeeb86",
    "MG": "00000000-0000-0000-0000-000000000001",
    "TimeCollected": "5/10/2021, 5:58:58.281 PM",
    "ManagementGroupName": "AOI-83c61c06-76fd-494d-990d-0805b4a177a6"
  },
  {
    "TimeGenerated": "5/10/2021, 5:57:10.890 PM",
    "Account": "",
    "AccountType": "",
    "Computer": "DC1.testenv.onmicrosoft.com",
    "EventSourceName": "Service Control Manager",
    "Channel": "System",
    "Task": 1,
    "Level": 2,
    "EventData": "<EventData xmlns=\"http://schemas.microsoft.com/win/2004/08/events/event\">\n  <Data Name=\"param1\">Microsoft Advanced Threat Analytics Gateway Updater</Data>\n  <Data Name=\"param2\">1828601</Data>\n  <Data Name=\"param3\">5000</Data>\n  <Data Name=\"param4\">1</Data>\n  <Data Name=\"param5\">Restart the service</Data>\n  <Binary>410054004100470061007400650077006100790055007000640061007400650072000000</Binary>\n</EventData>",
    "EventID": 7031,
    "Activity": "7031",
    "PartitionKey": "",
    "RowKey": "",
    "StorageAccount": "",
    "AzureDeploymentID": "",
    "AzureTableName": "",
    "AccessList": "",
    "AccessMask": null,
    "HandleId": null,
    "ObjectName": "",
    "ObjectServer": "",
    "ObjectType": "",
    "OperationType": "",
    "SubjectAccount": "",
    "SubcategoryGuid": "",
    "SubcategoryId": "",
    "SubjectDomainName": "",
    "SubjectKeyIdentifier": "",
    "SubjectLogonId": null,
    "SubjectUserName": "",
    "SubjectUserSid": "",
    "SourceComputerId": "5c7f3782-1e64-f470-738c-cf904f80d3d3",
    "EventOriginId": "c0e2c38f-750c-4e27-a68e-6e79fdbeeb86",
    "MG": "00000000-0000-0000-0000-000000000001",
    "TimeCollected": "5/10/2021, 5:58:58.281 PM",
    "ManagementGroupName": "AOI-83c61c06-76fd-494d-990d-0805b4a177a6"
  },
  {
    "TimeGenerated": "5/10/2021, 5:57:15.447 PM",
    "Account": "",
    "AccountType": "",
    "Computer": "DC1.testenv.onmicrosoft.com",
    "EventSourceName": "Service Control Manager",
    "Channel": "System",
    "Task": 1,
    "Level": 2,
    "EventData": "<EventData xmlns=\"http://schemas.microsoft.com/win/2004/08/events/event\">\n  <Data Name=\"param1\">Microsoft Advanced Threat Analytics Center</Data>\n  <Data Name=\"param2\">2039964</Data>\n  <Data Name=\"param3\">5000</Data>\n  <Data Name=\"param4\">1</Data>\n  <Data Name=\"param5\">Restart the service</Data>\n  <Binary>410054004100430065006E007400650072000000</Binary>\n</EventData>",
    "EventID": 7031,
    "Activity": "7031",
    "PartitionKey": "",
    "RowKey": "",
    "StorageAccount": "",
    "AzureDeploymentID": "",
    "AzureTableName": "",
    "AccessList": "",
    "AccessMask": null,
    "HandleId": null,
    "ObjectName": "",
    "ObjectServer": "",
    "ObjectType": "",
    "OperationType": "",
    "SubjectAccount": "",
    "SubcategoryGuid": "",
    "SubcategoryId": "",
    "SubjectDomainName": "",
    "SubjectKeyIdentifier": "",
    "SubjectLogonId": null,
    "SubjectUserName": "",
    "SubjectUserSid": "",
    "SourceComputerId": "5c7f3782-1e64-f470-738c-cf904f80d3d3",
    "EventOriginId": "c0e2c38f-750c-4e27-a68e-6e79fdbeeb86",
    "MG": "00000000-0000-0000-0000-000000000001",
    "TimeCollected": "5/10/2021, 5:58:58.281 PM",
    "ManagementGroupName": "AOI-83c61c06-76fd-494d-990d-0805b4a177a6"
  },
  {
    "TimeGenerated": "5/10/2021, 5:57:19.157 PM",
    "Account": "",
    "AccountType": "",
    "Computer": "DC1.testenv.onmicrosoft.com",
    "EventSourceName": "Service Control Manager",
    "Channel": "System",
    "Task": 1,
    "Level": 2,
    "EventData": "<EventData xmlns=\"http://schemas.microsoft.com/win/2004/08/events/event\">\n  <Data Name=\"param1\">Microsoft Advanced Threat Analytics Gateway Updater</Data>\n  <Data Name=\"param2\">1828602</Data>\n  <Data Name=\"param3\">5000</Data>\n  <Data Name=\"param4\">1</Data>\n  <Data Name=\"param5\">Restart the service</Data>\n  <Binary>410054004100470061007400650077006100790055007000640061007400650072000000</Binary>\n</EventData>",
    "EventID": 7031,
    "Activity": "7031",
    "PartitionKey": "",
    "RowKey": "",
    "StorageAccount": "",
    "AzureDeploymentID": "",
    "AzureTableName": "",
    "AccessList": "",
    "AccessMask": null,
    "HandleId": null,
    "ObjectName": "",
    "ObjectServer": "",
    "ObjectType": "",
    "OperationType": "",
    "SubjectAccount": "",
    "SubcategoryGuid": "",
    "SubcategoryId": "",
    "SubjectDomainName": "",
    "SubjectKeyIdentifier": "",
    "SubjectLogonId": null,
    "SubjectUserName": "",
    "SubjectUserSid": "",
    "SourceComputerId": "5c7f3782-1e64-f470-738c-cf904f80d3d3",
    "EventOriginId": "c0e2c38f-750c-4e27-a68e-6e79fdbeeb86",
    "MG": "00000000-0000-0000-0000-000000000001",
    "TimeCollected": "5/10/2021, 5:58:58.281 PM",
    "ManagementGroupName": "AOI-83c61c06-76fd-494d-990d-0805b4a177a6"
  },
  {
    "TimeGenerated": "5/10/2021, 5:57:22.853 PM",
    "Account": "",
    "AccountType": "",
    "Computer": "DC1.testenv.onmicrosoft.com",
    "EventSourceName": "Service Control Manager",
    "Channel": "System",
    "Task": 1,
    "Level": 2,
    "EventData": "<EventData xmlns=\"http://schemas.microsoft.com/win/2004/08/events/event\">\n  <Data Name=\"param1\">Microsoft Advanced Threat Analytics Center</Data>\n  <Data Name=\"param2\">2039965</Data>\n  <Data Name=\"param3\">5000</Data>\n  <Data Name=\"param4\">1</Data>\n  <Data Name=\"param5\">Restart the service</Data>\n  <Binary>410054004100430065006E007400650072000000</Binary>\n</EventData>",
    "EventID": 7031,
    "Activity": "7031",
    "PartitionKey": "",
    "RowKey": "",
    "StorageAccount": "",
    "AzureDeploymentID": "",
    "AzureTableName": "",
    "AccessList": "",
    "AccessMask": null,
    "HandleId": null,
    "ObjectName": "",
    "ObjectServer": "",
    "ObjectType": "",
    "OperationType": "",
    "SubjectAccount": "",
    "SubcategoryGuid": "",
    "SubcategoryId": "",
    "SubjectDomainName": "",
    "SubjectKeyIdentifier": "",
    "SubjectLogonId": null,
    "SubjectUserName": "",
    "SubjectUserSid": "",
    "SourceComputerId": "5c7f3782-1e64-f470-738c-cf904f80d3d3",
    "EventOriginId": "c0e2c38f-750c-4e27-a68e-6e79fdbeeb86",
    "MG": "00000000-0000-0000-0000-000000000001",
    "TimeCollected": "5/10/2021, 5:58:58.281 PM",
    "ManagementGroupName": "AOI-83c61c06-76fd-494d-990d-0805b4a177a6"
  },
  {
    "TimeGenerated": "5/10/2021, 5:57:27.360 PM",
    "Account": "",
    "AccountType": "",
    "Computer": "DC1.testenv.onmicrosoft.com",
    "EventSourceName": "Service Control Manager",
    "Channel": "System",
    "Task": 1,
    "Level": 2,
    "EventData": "<EventData xmlns=\"http://schemas.microsoft.com/win/2004/08/events/event\">\n  <Data Name=\"param1\">Microsoft Advanced Threat Analytics Gateway Updater</Data>\n  <Data Name=\"param2\">1828603</Data>\n  <Data Name=\"param3\">5000</Data>\n  <Data Name=\"param4\">1</Data>\n  <Data Name=\"param5\">Restart the service</Data>\n  <Binary>410054004100470061007400650077006100790055007000640061007400650072000000</Binary>\n</EventData>",
    "EventID": 7031,
    "Activity": "7031",
    "PartitionKey": "",
    "RowKey": "",
    "StorageAccount": "",
    "AzureDeploymentID": "",
    "AzureTableName": "",
    "AccessList": "",
    "AccessMask": null,
    "HandleId": null,
    "ObjectName": "",
    "ObjectServer": "",
    "ObjectType": "",
    "OperationType": "",
    "SubjectAccount": "",
    "SubcategoryGuid": "",
    "SubcategoryId": "",
    "SubjectDomainName": "",
    "SubjectKeyIdentifier": "",
    "SubjectLogonId": null,
    "SubjectUserName": "",
    "SubjectUserSid": "",
    "SourceComputerId": "5c7f3782-1e64-f470-738c-cf904f80d3d3",
    "EventOriginId": "c0e2c38f-750c-4e27-a68e-6e79fdbeeb86",
    "MG": "00000000-0000-0000-0000-000000000001",
    "TimeCollected": "5/10/2021, 5:58:58.281 PM",
    "ManagementGroupName": "AOI-83c61c06-76fd-494d-990d-0805b4a177a6"
  },
  {
    "TimeGenerated": "5/10/2021, 5:57:30.290 PM",
    "Account": "",
    "AccountType": "",
    "Computer": "DC1.testenv.onmicrosoft.com",
    "EventSourceName": "Service Control Manager",
    "Channel": "System",
    "Task": 1,
    "Level": 2,
    "EventData": "<EventData xmlns=\"http://schemas.microsoft.com/win/2004/08/events/event\">\n  <Data Name=\"param1\">Microsoft Advanced Threat Analytics Center</Data>\n  <Data Name=\"param2\">2039966</Data>\n  <Data Name=\"param3\">5000</Data>\n  <Data Name=\"param4\">1</Data>\n  <Data Name=\"param5\">Restart the service</Data>\n  <Binary>410054004100430065006E007400650072000000</Binary>\n</EventData>",
    "EventID": 7031,
    "Activity": "7031",
    "PartitionKey": "",
    "RowKey": "",
    "StorageAccount": "",
    "AzureDeploymentID": "",
    "AzureTableName": "",
    "AccessList": "",
    "AccessMask": null,
    "HandleId": null,
    "ObjectName": "",
    "ObjectServer": "",
    "ObjectType": "",
    "OperationType": "",
    "SubjectAccount": "",
    "SubcategoryGuid": "",
    "SubcategoryId": "",
    "SubjectDomainName": "",
    "SubjectKeyIdentifier": "",
    "SubjectLogonId": null,
    "SubjectUserName": "",
    "SubjectUserSid": "",
    "SourceComputerId": "5c7f3782-1e64-f470-738c-cf904f80d3d3",
    "EventOriginId": "c0e2c38f-750c-4e27-a68e-6e79fdbeeb86",
    "MG": "00000000-0000-0000-0000-000000000001",
    "TimeCollected": "5/10/2021, 5:58:58.281 PM",
    "ManagementGroupName": "AOI-83c61c06-76fd-494d-990d-0805b4a177a6"
  },
  {
    "TimeGenerated": "5/10/2021, 5:57:35.670 PM",
    "Account": "",
    "AccountType": "",
    "Computer": "DC1.testenv.onmicrosoft.com",
    "EventSourceName": "Service Control Manager",
    "Channel": "System",
    "Task": 1,
    "Level": 2,
    "EventData": "<EventData xmlns=\"http://schemas.microsoft.com/win/2004/08/events/event\">\n  <Data Name=\"param1\">Microsoft Advanced Threat Analytics Gateway Updater</Data>\n  <Data Name=\"param2\">1828604</Data>\n  <Data Name=\"param3\">5000</Data>\n  <Data Name=\"param4\">1</Data>\n  <Data Name=\"param5\">Restart the service</Data>\n  <Binary>410054004100470061007400650077006100790055007000640061007400650072000000</Binary>\n</EventData>",
    "EventID": 7031,
    "Activity": "7031",
    "PartitionKey": "",
    "RowKey": "",
    "StorageAccount": "",
    "AzureDeploymentID": "",
    "AzureTableName": "",
    "AccessList": "",
    "AccessMask": null,
    "HandleId": null,
    "ObjectName": "",
    "ObjectServer": "",
    "ObjectType": "",
    "OperationType": "",
    "SubjectAccount": "",
    "SubcategoryGuid": "",
    "SubcategoryId": "",
    "SubjectDomainName": "",
    "SubjectKeyIdentifier": "",
    "SubjectLogonId": null,
    "SubjectUserName": "",
    "SubjectUserSid": "",
    "SourceComputerId": "5c7f3782-1e64-f470-738c-cf904f80d3d3",
    "EventOriginId": "c0e2c38f-750c-4e27-a68e-6e79fdbeeb86",
    "MG": "00000000-0000-0000-0000-000000000001",
    "TimeCollected": "5/10/2021, 5:58:58.281 PM",
    "ManagementGroupName": "AOI-83c61c06-76fd-494d-990d-0805b4a177a6"
  },
  {
    "TimeGenerated": "5/10/2021, 5:57:37.743 PM",
    "Account": "",
    "AccountType": "",
    "Computer": "DC1.testenv.onmicrosoft.com",
    "EventSourceName": "Service Control Manager",
    "Channel": "System",
    "Task": 1,
    "Level": 2,
    "EventData": "<EventData xmlns=\"http://schemas.microsoft.com/win/2004/08/events/event\">\n  <Data Name=\"param1\">Microsoft Advanced Threat Analytics Center</Data>\n  <Data Name=\"param2\">2039967</Data>\n  <Data Name=\"param3\">5000</Data>\n  <Data Name=\"param4\">1</Data>\n  <Data Name=\"param5\">Restart the service</Data>\n  <Binary>410054004100430065006E007400650072000000</Binary>\n</EventData>",
    "EventID": 7031,
    "Activity": "7031",
    "PartitionKey": "",
    "RowKey": "",
    "StorageAccount": "",
    "AzureDeploymentID": "",
    "AzureTableName": "",
    "AccessList": "",
    "AccessMask": null,
    "HandleId": null,
    "ObjectName": "",
    "ObjectServer": "",
    "ObjectType": "",
    "OperationType": "",
    "SubjectAccount": "",
    "SubcategoryGuid": "",
    "SubcategoryId": "",
    "SubjectDomainName": "",
    "SubjectKeyIdentifier": "",
    "SubjectLogonId": null,
    "SubjectUserName": "",
    "SubjectUserSid": "",
    "SourceComputerId": "5c7f3782-1e64-f470-738c-cf904f80d3d3",
    "EventOriginId": "c0e2c38f-750c-4e27-a68e-6e79fdbeeb86",
    "MG": "00000000-0000-0000-0000-000000000001",
    "TimeCollected": "5/10/2021, 5:58:58.281 PM",
    "ManagementGroupName": "AOI-83c61c06-76fd-494d-990d-0805b4a177a6"
  },
  {
    "TimeGenerated": "5/10/2021, 5:57:43.893 PM",
    "Account": "",
    "AccountType": "",
    "Computer": "DC1.testenv.onmicrosoft.com",
    "EventSourceName": "Service Control Manager",
    "Channel": "System",
    "Task": 1,
    "Level": 2,
    "EventData": "<EventData xmlns=\"http://schemas.microsoft.com/win/2004/08/events/event\">\n  <Data Name=\"param1\">Microsoft Advanced Threat Analytics Gateway Updater</Data>\n  <Data Name=\"param2\">1828605</Data>\n  <Data Name=\"param3\">5000</Data>\n  <Data Name=\"param4\">1</Data>\n  <Data Name=\"param5\">Restart the service</Data>\n  <Binary>410054004100470061007400650077006100790055007000640061007400650072000000</Binary>\n</EventData>",
    "EventID": 7031,
    "Activity": "7031",
    "PartitionKey": "",
    "RowKey": "",
    "StorageAccount": "",
    "AzureDeploymentID": "",
    "AzureTableName": "",
    "AccessList": "",
    "AccessMask": null,
    "HandleId": null,
    "ObjectName": "",
    "ObjectServer": "",
    "ObjectType": "",
    "OperationType": "",
    "SubjectAccount": "",
    "SubcategoryGuid": "",
    "SubcategoryId": "",
    "SubjectDomainName": "",
    "SubjectKeyIdentifier": "",
    "SubjectLogonId": null,
    "SubjectUserName": "",
    "SubjectUserSid": "",
    "SourceComputerId": "5c7f3782-1e64-f470-738c-cf904f80d3d3",
    "EventOriginId": "c0e2c38f-750c-4e27-a68e-6e79fdbeeb86",
    "MG": "00000000-0000-0000-0000-000000000001",
    "TimeCollected": "5/10/2021, 5:58:58.281 PM",
    "ManagementGroupName": "AOI-83c61c06-76fd-494d-990d-0805b4a177a6"
  },
  {
    "TimeGenerated": "5/10/2021, 5:57:45.197 PM",
    "Account": "",
    "AccountType": "",
    "Computer": "DC1.testenv.onmicrosoft.com",
    "EventSourceName": "Service Control Manager",
    "Channel": "System",
    "Task": 1,
    "Level": 2,
    "EventData": "<EventData xmlns=\"http://schemas.microsoft.com/win/2004/08/events/event\">\n  <Data Name=\"param1\">Microsoft Advanced Threat Analytics Center</Data>\n  <Data Name=\"param2\">2039968</Data>\n  <Data Name=\"param3\">5000</Data>\n  <Data Name=\"param4\">1</Data>\n  <Data Name=\"param5\">Restart the service</Data>\n  <Binary>410054004100430065006E007400650072000000</Binary>\n</EventData>",
    "EventID": 7031,
    "Activity": "7031",
    "PartitionKey": "",
    "RowKey": "",
    "StorageAccount": "",
    "AzureDeploymentID": "",
    "AzureTableName": "",
    "AccessList": "",
    "AccessMask": null,
    "HandleId": null,
    "ObjectName": "",
    "ObjectServer": "",
    "ObjectType": "",
    "OperationType": "",
    "SubjectAccount": "",
    "SubcategoryGuid": "",
    "SubcategoryId": "",
    "SubjectDomainName": "",
    "SubjectKeyIdentifier": "",
    "SubjectLogonId": null,
    "SubjectUserName": "",
    "SubjectUserSid": "",
    "SourceComputerId": "5c7f3782-1e64-f470-738c-cf904f80d3d3",
    "EventOriginId": "c0e2c38f-750c-4e27-a68e-6e79fdbeeb86",
    "MG": "00000000-0000-0000-0000-000000000001",
    "TimeCollected": "5/10/2021, 5:58:58.281 PM",
    "ManagementGroupName": "AOI-83c61c06-76fd-494d-990d-0805b4a177a6"
  },
  {
    "TimeGenerated": "5/10/2021, 5:57:52.140 PM",
    "Account": "",
    "AccountType": "",
    "Computer": "DC1.testenv.onmicrosoft.com",
    "EventSourceName": "Service Control Manager",
    "Channel": "System",
    "Task": 1,
    "Level": 2,
    "EventData": "<EventData xmlns=\"http://schemas.microsoft.com/win/2004/08/events/event\">\n  <Data Name=\"param1\">Microsoft Advanced Threat Analytics Gateway Updater</Data>\n  <Data Name=\"param2\">1828606</Data>\n  <Data Name=\"param3\">5000</Data>\n  <Data Name=\"param4\">1</Data>\n  <Data Name=\"param5\">Restart the service</Data>\n  <Binary>410054004100470061007400650077006100790055007000640061007400650072000000</Binary>\n</EventData>",
    "EventID": 7031,
    "Activity": "7031",
    "PartitionKey": "",
    "RowKey": "",
    "StorageAccount": "",
    "AzureDeploymentID": "",
    "AzureTableName": "",
    "AccessList": "",
    "AccessMask": null,
    "HandleId": null,
    "ObjectName": "",
    "ObjectServer": "",
    "ObjectType": "",
    "OperationType": "",
    "SubjectAccount": "",
    "SubcategoryGuid": "",
    "SubcategoryId": "",
    "SubjectDomainName": "",
    "SubjectKeyIdentifier": "",
    "SubjectLogonId": null,
    "SubjectUserName": "",
    "SubjectUserSid": "",
    "SourceComputerId": "5c7f3782-1e64-f470-738c-cf904f80d3d3",
    "EventOriginId": "c0e2c38f-750c-4e27-a68e-6e79fdbeeb86",
    "MG": "00000000-0000-0000-0000-000000000001",
    "TimeCollected": "5/10/2021, 5:58:58.281 PM",
    "ManagementGroupName": "AOI-83c61c06-76fd-494d-990d-0805b4a177a6"
  },
  {
    "TimeGenerated": "5/10/2021, 5:57:52.620 PM",
    "Account": "",
    "AccountType": "",
    "Computer": "DC1.testenv.onmicrosoft.com",
    "EventSourceName": "Service Control Manager",
    "Channel": "System",
    "Task": 1,
    "Level": 2,
    "EventData": "<EventData xmlns=\"http://schemas.microsoft.com/win/2004/08/events/event\">\n  <Data Name=\"param1\">Microsoft Advanced Threat Analytics Center</Data>\n  <Data Name=\"param2\">2039969</Data>\n  <Data Name=\"param3\">5000</Data>\n  <Data Name=\"param4\">1</Data>\n  <Data Name=\"param5\">Restart the service</Data>\n  <Binary>410054004100430065006E007400650072000000</Binary>\n</EventData>",
    "EventID": 7031,
    "Activity": "7031",
    "PartitionKey": "",
    "RowKey": "",
    "StorageAccount": "",
    "AzureDeploymentID": "",
    "AzureTableName": "",
    "AccessList": "",
    "AccessMask": null,
    "HandleId": null,
    "ObjectName": "",
    "ObjectServer": "",
    "ObjectType": "",
    "OperationType": "",
    "SubjectAccount": "",
    "SubcategoryGuid": "",
    "SubcategoryId": "",
    "SubjectDomainName": "",
    "SubjectKeyIdentifier": "",
    "SubjectLogonId": null,
    "SubjectUserName": "",
    "SubjectUserSid": "",
    "SourceComputerId": "5c7f3782-1e64-f470-738c-cf904f80d3d3",
    "EventOriginId": "c0e2c38f-750c-4e27-a68e-6e79fdbeeb86",
    "MG": "00000000-0000-0000-0000-000000000001",
    "TimeCollected": "5/10/2021, 5:58:58.281 PM",
    "ManagementGroupName": "AOI-83c61c06-76fd-494d-990d-0805b4a177a6"
  },
  {
    "TimeGenerated": "5/10/2021, 6:14:08.753 PM",
    "Account": "",
    "AccountType": "",
    "Computer": "VM1.testenv.onmicrosoft.com",
    "EventSourceName": "Microsoft-Windows-Security-Auditing",
    "Channel": "Security",
    "Task": 1,
    "Level": 0,
    "EventData": "<EventData xmlns=\"http://schemas.microsoft.com/win/2004/08/events/event\">\n  <Data Name=\"ProcessId\">4016</Data>\n  <Data Name=\"Application\">\\device\\harddiskvolume1\\windowsazure\\guestagent_2.7.41491.1005_2020-11-17_025846\\guestagent\\windowsazureguestagent.exe</Data>\n  <Data Name=\"SourceAddress\">0.0.0.0</Data>\n  <Data Name=\"SourcePort\">62900</Data>\n  <Data Name=\"Protocol\">6</Data>\n  <Data Name=\"FilterRTID\">0</Data>\n  <Data Name=\"LayerName\">%%14608</Data>\n  <Data Name=\"LayerRTID\">36</Data>\n</EventData>",
    "EventID": 5158,
    "Activity": "5158 - The Windows Filtering Platform has permitted a bind to a local port.",
    "PartitionKey": "",
    "RowKey": "",
    "StorageAccount": "",
    "AzureDeploymentID": "",
    "AzureTableName": "",
    "AccessList": "",
    "AccessMask": null,
    "HandleId": null,
    "ObjectName": "",
    "ObjectServer": "",
    "ObjectType": "",
    "OperationType": "",
    "SubjectAccount": "",
    "SubcategoryGuid": "",
    "SubcategoryId": "",
    "SubjectDomainName": "",
    "SubjectKeyIdentifier": "",
    "SubjectLogonId": null,
    "SubjectUserName": "",
    "SubjectUserSid": "",
    "SourceComputerId": "5c7f3782-1e64-f470-738c-cf904f80d3d3",
    "EventOriginId": "862c4600-b1f2-46f6-a0c5-c886f4c375e7",
    "MG": "00000000-0000-0000-0000-000000000001",
    "TimeCollected": "5/10/2021, 6:16:12.438 PM",
    "ManagementGroupName": "AOI-83c61c06-76fd-494d-990d-0805b4a177a6"
  },
  {
    "TimeGenerated": "5/10/2021, 6:14:08.753 PM",
    "Account": "",
    "AccountType": "",
    "Computer": "VM1.testenv.onmicrosoft.com",
    "EventSourceName": "Microsoft-Windows-Security-Auditing",
    "Channel": "Security",
    "Task": 1,
    "Level": 0,
    "EventData": "<EventData xmlns=\"http://schemas.microsoft.com/win/2004/08/events/event\">\n  <Data Name=\"ProcessID\">4016</Data>\n  <Data Name=\"Application\">\\device\\harddiskvolume1\\windowsazure\\guestagent_2.7.41491.1005_2020-11-17_025846\\guestagent\\windowsazureguestagent.exe</Data>\n  <Data Name=\"Direction\">%%14593</Data>\n  <Data Name=\"SourceAddress\">10.0.0.5</Data>\n  <Data Name=\"SourcePort\">62900</Data>\n  <Data Name=\"DestAddress\">169.254.169.254</Data>\n  <Data Name=\"DestPort\">80</Data>\n  <Data Name=\"Protocol\">6</Data>\n  <Data Name=\"FilterRTID\">79266</Data>\n  <Data Name=\"LayerName\">%%14611</Data>\n  <Data Name=\"LayerRTID\">48</Data>\n  <Data Name=\"RemoteUserID\">S-1-0-0</Data>\n  <Data Name=\"RemoteMachineID\">S-1-0-0</Data>\n</EventData>",
    "EventID": 5156,
    "Activity": "5156 - The Windows Filtering Platform has allowed a connection.",
    "PartitionKey": "",
    "RowKey": "",
    "StorageAccount": "",
    "AzureDeploymentID": "",
    "AzureTableName": "",
    "AccessList": "",
    "AccessMask": null,
    "HandleId": null,
    "ObjectName": "",
    "ObjectServer": "",
    "ObjectType": "",
    "OperationType": "",
    "SubjectAccount": "",
    "SubcategoryGuid": "",
    "SubcategoryId": "",
    "SubjectDomainName": "",
    "SubjectKeyIdentifier": "",
    "SubjectLogonId": null,
    "SubjectUserName": "",
    "SubjectUserSid": "",
    "SourceComputerId": "5c7f3782-1e64-f470-738c-cf904f80d3d3",
    "EventOriginId": "862c4600-b1f2-46f6-a0c5-c886f4c375e7",
    "MG": "00000000-0000-0000-0000-000000000001",
    "TimeCollected": "5/10/2021, 6:16:12.438 PM",
    "ManagementGroupName": "AOI-83c61c06-76fd-494d-990d-0805b4a177a6"
  },
  {
    "TimeGenerated": "5/10/2021, 6:14:11.060 PM",
    "Account": "",
    "AccountType": "",
    "Computer": "VM1.testenv.onmicrosoft.com",
    "EventSourceName": "Microsoft-Windows-Security-Auditing",
    "Channel": "Security",
    "Task": 1,
    "Level": 0,
    "EventData": "<EventData xmlns=\"http://schemas.microsoft.com/win/2004/08/events/event\">\n  <Data Name=\"ProcessId\">984</Data>\n  <Data Name=\"Application\">\\device\\harddiskvolume1\\windows\\system32\\svchost.exe</Data>\n  <Data Name=\"SourceAddress\">::</Data>\n  <Data Name=\"SourcePort\">54982</Data>\n  <Data Name=\"Protocol\">17</Data>\n  <Data Name=\"FilterRTID\">0</Data>\n  <Data Name=\"LayerName\">%%14608</Data>\n  <Data Name=\"LayerRTID\">36</Data>\n</EventData>",
    "EventID": 5158,
    "Activity": "5158 - The Windows Filtering Platform has permitted a bind to a local port.",
    "PartitionKey": "",
    "RowKey": "",
    "StorageAccount": "",
    "AzureDeploymentID": "",
    "AzureTableName": "",
    "AccessList": "",
    "AccessMask": null,
    "HandleId": null,
    "ObjectName": "",
    "ObjectServer": "",
    "ObjectType": "",
    "OperationType": "",
    "SubjectAccount": "",
    "SubcategoryGuid": "",
    "SubcategoryId": "",
    "SubjectDomainName": "",
    "SubjectKeyIdentifier": "",
    "SubjectLogonId": null,
    "SubjectUserName": "",
    "SubjectUserSid": "",
    "SourceComputerId": "5c7f3782-1e64-f470-738c-cf904f80d3d3",
    "EventOriginId": "862c4600-b1f2-46f6-a0c5-c886f4c375e7",
    "MG": "00000000-0000-0000-0000-000000000001",
    "TimeCollected": "5/10/2021, 6:16:12.438 PM",
    "ManagementGroupName": "AOI-83c61c06-76fd-494d-990d-0805b4a177a6"
  },
  {
    "TimeGenerated": "5/10/2021, 6:14:11.060 PM",
    "Account": "",
    "AccountType": "",
    "Computer": "VM1.testenv.onmicrosoft.com",
    "EventSourceName": "Microsoft-Windows-Security-Auditing",
    "Channel": "Security",
    "Task": 1,
    "Level": 0,
    "EventData": "<EventData xmlns=\"http://schemas.microsoft.com/win/2004/08/events/event\">\n  <Data Name=\"ProcessId\">984</Data>\n  <Data Name=\"Application\">\\device\\harddiskvolume1\\windows\\system32\\svchost.exe</Data>\n  <Data Name=\"SourceAddress\">::</Data>\n  <Data Name=\"SourcePort\">54982</Data>\n  <Data Name=\"Protocol\">17</Data>\n  <Data Name=\"FilterRTID\">0</Data>\n  <Data Name=\"LayerName\">%%14608</Data>\n  <Data Name=\"LayerRTID\">38</Data>\n</EventData>",
    "EventID": 5158,
    "Activity": "5158 - The Windows Filtering Platform has permitted a bind to a local port.",
    "PartitionKey": "",
    "RowKey": "",
    "StorageAccount": "",
    "AzureDeploymentID": "",
    "AzureTableName": "",
    "AccessList": "",
    "AccessMask": null,
    "HandleId": null,
    "ObjectName": "",
    "ObjectServer": "",
    "ObjectType": "",
    "OperationType": "",
    "SubjectAccount": "",
    "SubcategoryGuid": "",
    "SubcategoryId": "",
    "SubjectDomainName": "",
    "SubjectKeyIdentifier": "",
    "SubjectLogonId": null,
    "SubjectUserName": "",
    "SubjectUserSid": "",
    "SourceComputerId": "5c7f3782-1e64-f470-738c-cf904f80d3d3",
    "EventOriginId": "862c4600-b1f2-46f6-a0c5-c886f4c375e7",
    "MG": "00000000-0000-0000-0000-000000000001",
    "TimeCollected": "5/10/2021, 6:16:12.438 PM",
    "ManagementGroupName": "AOI-83c61c06-76fd-494d-990d-0805b4a177a6"
  },
  {
    "TimeGenerated": "5/10/2021, 6:14:11.060 PM",
    "Account": "",
    "AccountType": "",
    "Computer": "VM1.testenv.onmicrosoft.com",
    "EventSourceName": "Microsoft-Windows-Security-Auditing",
    "Channel": "Security",
    "Task": 1,
    "Level": 0,
    "EventData": "<EventData xmlns=\"http://schemas.microsoft.com/win/2004/08/events/event\">\n  <Data Name=\"ProcessID\">984</Data>\n  <Data Name=\"Application\">\\device\\harddiskvolume1\\windows\\system32\\svchost.exe</Data>\n  <Data Name=\"Direction\">%%14593</Data>\n  <Data Name=\"SourceAddress\">10.0.0.5</Data>\n  <Data Name=\"SourcePort\">54982</Data>\n  <Data Name=\"DestAddress\">10.0.0.4</Data>\n  <Data Name=\"DestPort\">53</Data>\n  <Data Name=\"Protocol\">17</Data>\n  <Data Name=\"FilterRTID\">79266</Data>\n  <Data Name=\"LayerName\">%%14611</Data>\n  <Data Name=\"LayerRTID\">48</Data>\n  <Data Name=\"RemoteUserID\">S-1-0-0</Data>\n  <Data Name=\"RemoteMachineID\">S-1-0-0</Data>\n</EventData>",
    "EventID": 5156,
    "Activity": "5156 - The Windows Filtering Platform has allowed a connection.",
    "PartitionKey": "",
    "RowKey": "",
    "StorageAccount": "",
    "AzureDeploymentID": "",
    "AzureTableName": "",
    "AccessList": "",
    "AccessMask": null,
    "HandleId": null,
    "ObjectName": "",
    "ObjectServer": "",
    "ObjectType": "",
    "OperationType": "",
    "SubjectAccount": "",
    "SubcategoryGuid": "",
    "SubcategoryId": "",
    "SubjectDomainName": "",
    "SubjectKeyIdentifier": "",
    "SubjectLogonId": null,
    "SubjectUserName": "",
    "SubjectUserSid": "",
    "SourceComputerId": "5c7f3782-1e64-f470-738c-cf904f80d3d3",
    "EventOriginId": "862c4600-b1f2-46f6-a0c5-c886f4c375e7",
    "MG": "00000000-0000-0000-0000-000000000001",
    "TimeCollected": "5/10/2021, 6:16:12.438 PM",
    "ManagementGroupName": "AOI-83c61c06-76fd-494d-990d-0805b4a177a6"
  },
  {
    "TimeGenerated": "5/10/2021, 6:14:11.060 PM",
    "Account": "",
    "AccountType": "",
    "Computer": "VM1.testenv.onmicrosoft.com",
    "EventSourceName": "Microsoft-Windows-Security-Auditing",
    "Channel": "Security",
    "Task": 1,
    "Level": 0,
    "EventData": "<EventData xmlns=\"http://schemas.microsoft.com/win/2004/08/events/event\">\n  <Data Name=\"ProcessId\">2592</Data>\n  <Data Name=\"Application\">\\device\\harddiskvolume1\\packages\\plugins\\microsoft.azure.monitor.azuremonitorwindowsagent\\1.0.8.0\\monitoring\\agent\\monagentcore.exe</Data>\n  <Data Name=\"SourceAddress\">0.0.0.0</Data>\n  <Data Name=\"SourcePort\">62901</Data>\n  <Data Name=\"Protocol\">6</Data>\n  <Data Name=\"FilterRTID\">0</Data>\n  <Data Name=\"LayerName\">%%14608</Data>\n  <Data Name=\"LayerRTID\">36</Data>\n</EventData>",
    "EventID": 5158,
    "Activity": "5158 - The Windows Filtering Platform has permitted a bind to a local port.",
    "PartitionKey": "",
    "RowKey": "",
    "StorageAccount": "",
    "AzureDeploymentID": "",
    "AzureTableName": "",
    "AccessList": "",
    "AccessMask": null,
    "HandleId": null,
    "ObjectName": "",
    "ObjectServer": "",
    "ObjectType": "",
    "OperationType": "",
    "SubjectAccount": "",
    "SubcategoryGuid": "",
    "SubcategoryId": "",
    "SubjectDomainName": "",
    "SubjectKeyIdentifier": "",
    "SubjectLogonId": null,
    "SubjectUserName": "",
    "SubjectUserSid": "",
    "SourceComputerId": "5c7f3782-1e64-f470-738c-cf904f80d3d3",
    "EventOriginId": "862c4600-b1f2-46f6-a0c5-c886f4c375e7",
    "MG": "00000000-0000-0000-0000-000000000001",
    "TimeCollected": "5/10/2021, 6:16:12.438 PM",
    "ManagementGroupName": "AOI-83c61c06-76fd-494d-990d-0805b4a177a6"
  },
  {
    "TimeGenerated": "5/10/2021, 6:14:11.060 PM",
    "Account": "",
    "AccountType": "",
    "Computer": "VM1.testenv.onmicrosoft.com",
    "EventSourceName": "Microsoft-Windows-Security-Auditing",
    "Channel": "Security",
    "Task": 1,
    "Level": 0,
    "EventData": "<EventData xmlns=\"http://schemas.microsoft.com/win/2004/08/events/event\">\n  <Data Name=\"ProcessID\">2592</Data>\n  <Data Name=\"Application\">\\device\\harddiskvolume1\\packages\\plugins\\microsoft.azure.monitor.azuremonitorwindowsagent\\1.0.8.0\\monitoring\\agent\\monagentcore.exe</Data>\n  <Data Name=\"Direction\">%%14593</Data>\n  <Data Name=\"SourceAddress\">10.0.0.5</Data>\n  <Data Name=\"SourcePort\">62901</Data>\n  <Data Name=\"DestAddress\">13.77.52.23</Data>\n  <Data Name=\"DestPort\">443</Data>\n  <Data Name=\"Protocol\">6</Data>\n  <Data Name=\"FilterRTID\">79270</Data>\n  <Data Name=\"LayerName\">%%14611</Data>\n  <Data Name=\"LayerRTID\">48</Data>\n  <Data Name=\"RemoteUserID\">S-1-0-0</Data>\n  <Data Name=\"RemoteMachineID\">S-1-0-0</Data>\n</EventData>",
    "EventID": 5156,
    "Activity": "5156 - The Windows Filtering Platform has allowed a connection.",
    "PartitionKey": "",
    "RowKey": "",
    "StorageAccount": "",
    "AzureDeploymentID": "",
    "AzureTableName": "",
    "AccessList": "",
    "AccessMask": null,
    "HandleId": null,
    "ObjectName": "",
    "ObjectServer": "",
    "ObjectType": "",
    "OperationType": "",
    "SubjectAccount": "",
    "SubcategoryGuid": "",
    "SubcategoryId": "",
    "SubjectDomainName": "",
    "SubjectKeyIdentifier": "",
    "SubjectLogonId": null,
    "SubjectUserName": "",
    "SubjectUserSid": "",
    "SourceComputerId": "5c7f3782-1e64-f470-738c-cf904f80d3d3",
    "EventOriginId": "862c4600-b1f2-46f6-a0c5-c886f4c375e7",
    "MG": "00000000-0000-0000-0000-000000000001",
    "TimeCollected": "5/10/2021, 6:16:12.438 PM",
    "ManagementGroupName": "AOI-83c61c06-76fd-494d-990d-0805b4a177a6"
  },
  {
    "TimeGenerated": "5/10/2021, 6:14:12.423 PM",
    "Account": "",
    "AccountType": "",
    "Computer": "VM1.testenv.onmicrosoft.com",
    "EventSourceName": "Microsoft-Windows-Security-Auditing",
    "Channel": "Security",
    "Task": 1,
    "Level": 0,
    "EventData": "<EventData xmlns=\"http://schemas.microsoft.com/win/2004/08/events/event\">\n  <Data Name=\"ProcessID\">724</Data>\n  <Data Name=\"Application\">\\device\\harddiskvolume1\\windows\\system32\\svchost.exe</Data>\n  <Data Name=\"Direction\">%%14593</Data>\n  <Data Name=\"SourceAddress\">fe80::8c6b:b01f:f42d:5bc0</Data>\n  <Data Name=\"SourcePort\">546</Data>\n  <Data Name=\"DestAddress\">ff02::1:2</Data>\n  <Data Name=\"DestPort\">547</Data>\n  <Data Name=\"Protocol\">17</Data>\n  <Data Name=\"FilterRTID\">79406</Data>\n  <Data Name=\"LayerName\">%%14611</Data>\n  <Data Name=\"LayerRTID\">50</Data>\n  <Data Name=\"RemoteUserID\">S-1-0-0</Data>\n  <Data Name=\"RemoteMachineID\">S-1-0-0</Data>\n</EventData>",
    "EventID": 5156,
    "Activity": "5156 - The Windows Filtering Platform has allowed a connection.",
    "PartitionKey": "",
    "RowKey": "",
    "StorageAccount": "",
    "AzureDeploymentID": "",
    "AzureTableName": "",
    "AccessList": "",
    "AccessMask": null,
    "HandleId": null,
    "ObjectName": "",
    "ObjectServer": "",
    "ObjectType": "",
    "OperationType": "",
    "SubjectAccount": "",
    "SubcategoryGuid": "",
    "SubcategoryId": "",
    "SubjectDomainName": "",
    "SubjectKeyIdentifier": "",
    "SubjectLogonId": null,
    "SubjectUserName": "",
    "SubjectUserSid": "",
    "SourceComputerId": "5c7f3782-1e64-f470-738c-cf904f80d3d3",
    "EventOriginId": "862c4600-b1f2-46f6-a0c5-c886f4c375e7",
    "MG": "00000000-0000-0000-0000-000000000001",
    "TimeCollected": "5/10/2021, 6:16:12.438 PM",
    "ManagementGroupName": "AOI-83c61c06-76fd-494d-990d-0805b4a177a6"
  },
  {
    "TimeGenerated": "5/10/2021, 6:14:14.273 PM",
    "Account": "",
    "AccountType": "",
    "Computer": "VM1.testenv.onmicrosoft.com",
    "EventSourceName": "Microsoft-Windows-Security-Auditing",
    "Channel": "Security",
    "Task": 1,
    "Level": 0,
    "EventData": "<EventData xmlns=\"http://schemas.microsoft.com/win/2004/08/events/event\">\n  <Data Name=\"ProcessId\">4016</Data>\n  <Data Name=\"Application\">\\device\\harddiskvolume1\\windowsazure\\guestagent_2.7.41491.1005_2020-11-17_025846\\guestagent\\windowsazureguestagent.exe</Data>\n  <Data Name=\"SourceAddress\">0.0.0.0</Data>\n  <Data Name=\"SourcePort\">62902</Data>\n  <Data Name=\"Protocol\">6</Data>\n  <Data Name=\"FilterRTID\">0</Data>\n  <Data Name=\"LayerName\">%%14608</Data>\n  <Data Name=\"LayerRTID\">36</Data>\n</EventData>",
    "EventID": 5158,
    "Activity": "5158 - The Windows Filtering Platform has permitted a bind to a local port.",
    "PartitionKey": "",
    "RowKey": "",
    "StorageAccount": "",
    "AzureDeploymentID": "",
    "AzureTableName": "",
    "AccessList": "",
    "AccessMask": null,
    "HandleId": null,
    "ObjectName": "",
    "ObjectServer": "",
    "ObjectType": "",
    "OperationType": "",
    "SubjectAccount": "",
    "SubcategoryGuid": "",
    "SubcategoryId": "",
    "SubjectDomainName": "",
    "SubjectKeyIdentifier": "",
    "SubjectLogonId": null,
    "SubjectUserName": "",
    "SubjectUserSid": "",
    "SourceComputerId": "5c7f3782-1e64-f470-738c-cf904f80d3d3",
    "EventOriginId": "862c4600-b1f2-46f6-a0c5-c886f4c375e7",
    "MG": "00000000-0000-0000-0000-000000000001",
    "TimeCollected": "5/10/2021, 6:16:12.438 PM",
    "ManagementGroupName": "AOI-83c61c06-76fd-494d-990d-0805b4a177a6"
  },
  {
    "TimeGenerated": "5/10/2021, 6:14:14.273 PM",
    "Account": "",
    "AccountType": "",
    "Computer": "VM1.testenv.onmicrosoft.com",
    "EventSourceName": "Microsoft-Windows-Security-Auditing",
    "Channel": "Security",
    "Task": 1,
    "Level": 0,
    "EventData": "<EventData xmlns=\"http://schemas.microsoft.com/win/2004/08/events/event\">\n  <Data Name=\"ProcessID\">4016</Data>\n  <Data Name=\"Application\">\\device\\harddiskvolume1\\windowsazure\\guestagent_2.7.41491.1005_2020-11-17_025846\\guestagent\\windowsazureguestagent.exe</Data>\n  <Data Name=\"Direction\">%%14593</Data>\n  <Data Name=\"SourceAddress\">10.0.0.5</Data>\n  <Data Name=\"SourcePort\">62902</Data>\n  <Data Name=\"DestAddress\">168.63.129.16</Data>\n  <Data Name=\"DestPort\">80</Data>\n  <Data Name=\"Protocol\">6</Data>\n  <Data Name=\"FilterRTID\">79531</Data>\n  <Data Name=\"LayerName\">%%14611</Data>\n  <Data Name=\"LayerRTID\">48</Data>\n  <Data Name=\"RemoteUserID\">S-1-0-0</Data>\n  <Data Name=\"RemoteMachineID\">S-1-0-0</Data>\n</EventData>",
    "EventID": 5156,
    "Activity": "5156 - The Windows Filtering Platform has allowed a connection.",
    "PartitionKey": "",
    "RowKey": "",
    "StorageAccount": "",
    "AzureDeploymentID": "",
    "AzureTableName": "",
    "AccessList": "",
    "AccessMask": null,
    "HandleId": null,
    "ObjectName": "",
    "ObjectServer": "",
    "ObjectType": "",
    "OperationType": "",
    "SubjectAccount": "",
    "SubcategoryGuid": "",
    "SubcategoryId": "",
    "SubjectDomainName": "",
    "SubjectKeyIdentifier": "",
    "SubjectLogonId": null,
    "SubjectUserName": "",
    "SubjectUserSid": "",
    "SourceComputerId": "5c7f3782-1e64-f470-738c-cf904f80d3d3",
    "EventOriginId": "862c4600-b1f2-46f6-a0c5-c886f4c375e7",
    "MG": "00000000-0000-0000-0000-000000000001",
    "TimeCollected": "5/10/2021, 6:16:12.438 PM",
    "ManagementGroupName": "AOI-83c61c06-76fd-494d-990d-0805b4a177a6"
  },
  {
    "TimeGenerated": "5/10/2021, 6:14:24.063 PM",
    "Account": "",
    "AccountType": "",
    "Computer": "VM1.testenv.onmicrosoft.com",
    "EventSourceName": "Microsoft-Windows-Security-Auditing",
    "Channel": "Security",
    "Task": 1,
    "Level": 0,
    "EventData": "<EventData xmlns=\"http://schemas.microsoft.com/win/2004/08/events/event\">\n  <Data Name=\"ProcessId\">984</Data>\n  <Data Name=\"Application\">\\device\\harddiskvolume1\\windows\\system32\\svchost.exe</Data>\n  <Data Name=\"SourceAddress\">::</Data>\n  <Data Name=\"SourcePort\">54777</Data>\n  <Data Name=\"Protocol\">17</Data>\n  <Data Name=\"FilterRTID\">0</Data>\n  <Data Name=\"LayerName\">%%14608</Data>\n  <Data Name=\"LayerRTID\">36</Data>\n</EventData>",
    "EventID": 5158,
    "Activity": "5158 - The Windows Filtering Platform has permitted a bind to a local port.",
    "PartitionKey": "",
    "RowKey": "",
    "StorageAccount": "",
    "AzureDeploymentID": "",
    "AzureTableName": "",
    "AccessList": "",
    "AccessMask": null,
    "HandleId": null,
    "ObjectName": "",
    "ObjectServer": "",
    "ObjectType": "",
    "OperationType": "",
    "SubjectAccount": "",
    "SubcategoryGuid": "",
    "SubcategoryId": "",
    "SubjectDomainName": "",
    "SubjectKeyIdentifier": "",
    "SubjectLogonId": null,
    "SubjectUserName": "",
    "SubjectUserSid": "",
    "SourceComputerId": "5c7f3782-1e64-f470-738c-cf904f80d3d3",
    "EventOriginId": "862c4600-b1f2-46f6-a0c5-c886f4c375e7",
    "MG": "00000000-0000-0000-0000-000000000001",
    "TimeCollected": "5/10/2021, 6:16:12.438 PM",
    "ManagementGroupName": "AOI-83c61c06-76fd-494d-990d-0805b4a177a6"
  },
  {
    "TimeGenerated": "5/10/2021, 6:14:24.063 PM",
    "Account": "",
    "AccountType": "",
    "Computer": "VM1.testenv.onmicrosoft.com",
    "EventSourceName": "Microsoft-Windows-Security-Auditing",
    "Channel": "Security",
    "Task": 1,
    "Level": 0,
    "EventData": "<EventData xmlns=\"http://schemas.microsoft.com/win/2004/08/events/event\">\n  <Data Name=\"ProcessId\">984</Data>\n  <Data Name=\"Application\">\\device\\harddiskvolume1\\windows\\system32\\svchost.exe</Data>\n  <Data Name=\"SourceAddress\">::</Data>\n  <Data Name=\"SourcePort\">54777</Data>\n  <Data Name=\"Protocol\">17</Data>\n  <Data Name=\"FilterRTID\">0</Data>\n  <Data Name=\"LayerName\">%%14608</Data>\n  <Data Name=\"LayerRTID\">38</Data>\n</EventData>",
    "EventID": 5158,
    "Activity": "5158 - The Windows Filtering Platform has permitted a bind to a local port.",
    "PartitionKey": "",
    "RowKey": "",
    "StorageAccount": "",
    "AzureDeploymentID": "",
    "AzureTableName": "",
    "AccessList": "",
    "AccessMask": null,
    "HandleId": null,
    "ObjectName": "",
    "ObjectServer": "",
    "ObjectType": "",
    "OperationType": "",
    "SubjectAccount": "",
    "SubcategoryGuid": "",
    "SubcategoryId": "",
    "SubjectDomainName": "",
    "SubjectKeyIdentifier": "",
    "SubjectLogonId": null,
    "SubjectUserName": "",
    "SubjectUserSid": "",
    "SourceComputerId": "5c7f3782-1e64-f470-738c-cf904f80d3d3",
    "EventOriginId": "862c4600-b1f2-46f6-a0c5-c886f4c375e7",
    "MG": "00000000-0000-0000-0000-000000000001",
    "TimeCollected": "5/10/2021, 6:16:12.438 PM",
    "ManagementGroupName": "AOI-83c61c06-76fd-494d-990d-0805b4a177a6"
  },
