  {
    "TimeGenerated": "5/10/2021, 5:44:24.057 PM",
    "Account": "",
    "AccountType": "",
    "Computer": "VM1.testenv.onmicrosoft.com",
    "EventSourceName": "Microsoft-Windows-Security-Auditing",
    "Channel": "Security",
    "Task": 1,
    "Level": 0,
    "EventData": "<EventData xmlns=\"http://schemas.microsoft.com/win/2004/08/events/event\">\n  <Data Name=\"ProcessID\">2592</Data>\n  <Data Name=\"Application\">\\device\\harddiskvolume1\\packages\\plugins\\microsoft.azure.monitor.azuremonitorwindowsagent\\1.0.8.0\\monitoring\\agent\\monagentcore.exe</Data>\n  <Data Name=\"Direction\">%%14593</Data>\n  <Data Name=\"SourceAddress\">10.0.0.5</Data>\n  <Data Name=\"SourcePort\">62652</Data>\n  <Data Name=\"DestAddress\">13.77.52.23</Data>\n  <Data Name=\"DestPort\">443</Data>\n  <Data Name=\"Protocol\">6</Data>\n  <Data Name=\"FilterRTID\">79270</Data>\n  <Data Name=\"LayerName\">%%14611</Data>\n  <Data Name=\"LayerRTID\">48</Data>\n  <Data Name=\"RemoteUserID\">S-1-0-0</Data>\n  <Data Name=\"RemoteMachineID\">S-1-0-0</Data>\n</EventData>",
    "EventID": 5156,
    "Activity": "5156 - The Windows Filtering Platform has allowed a connection.",
    "PartitionKey": "",
    "RowKey": "",
    "StorageAccount": "",
    "AzureDeploymentID": "",
    "AzureTableName": "",
    "AccessList": "",
    "AccessMask": null,
    "HandleId": null,
    "ObjectName": "",
    "ObjectServer": "",
    "ObjectType": "",
    "OperationType": "",
    "SubjectAccount": "",
    "SubcategoryGuid": "",
    "SubcategoryId": "",
    "SubjectDomainName": "",
    "SubjectKeyIdentifier": "",
    "SubjectLogonId": null,
    "SubjectUserName": "",
    "SubjectUserSid": "",
    "SourceComputerId": "5c7f3782-1e64-f470-738c-cf904f80d3d3",
    "EventOriginId": "862c4600-b1f2-46f6-a0c5-c886f4c375e7",
    "MG": "00000000-0000-0000-0000-000000000001",
    "TimeCollected": "5/10/2021, 5:46:12.704 PM",
    "ManagementGroupName": "AOI-83c61c06-76fd-494d-990d-0805b4a177a6"
  },
  {
    "TimeGenerated": "5/10/2021, 5:44:26.013 PM",
    "Account": "",
    "AccountType": "",
    "Computer": "VM1.testenv.onmicrosoft.com",
    "EventSourceName": "Microsoft-Windows-Security-Auditing",
    "Channel": "Security",
    "Task": 1,
    "Level": 0,
    "EventData": "<EventData xmlns=\"http://schemas.microsoft.com/win/2004/08/events/event\">\n  <Data Name=\"ProcessId\">4016</Data>\n  <Data Name=\"Application\">\\device\\harddiskvolume1\\windowsazure\\guestagent_2.7.41491.1005_2020-11-17_025846\\guestagent\\windowsazureguestagent.exe</Data>\n  <Data Name=\"SourceAddress\">0.0.0.0</Data>\n  <Data Name=\"SourcePort\">62653</Data>\n  <Data Name=\"Protocol\">6</Data>\n  <Data Name=\"FilterRTID\">0</Data>\n  <Data Name=\"LayerName\">%%14608</Data>\n  <Data Name=\"LayerRTID\">36</Data>\n</EventData>",
    "EventID": 5158,
    "Activity": "5158 - The Windows Filtering Platform has permitted a bind to a local port.",
    "PartitionKey": "",
    "RowKey": "",
    "StorageAccount": "",
    "AzureDeploymentID": "",
    "AzureTableName": "",
    "AccessList": "",
    "AccessMask": null,
    "HandleId": null,
    "ObjectName": "",
    "ObjectServer": "",
    "ObjectType": "",
    "OperationType": "",
    "SubjectAccount": "",
    "SubcategoryGuid": "",
    "SubcategoryId": "",
    "SubjectDomainName": "",
    "SubjectKeyIdentifier": "",
    "SubjectLogonId": null,
    "SubjectUserName": "",
    "SubjectUserSid": "",
    "SourceComputerId": "5c7f3782-1e64-f470-738c-cf904f80d3d3",
    "EventOriginId": "862c4600-b1f2-46f6-a0c5-c886f4c375e7",
    "MG": "00000000-0000-0000-0000-000000000001",
    "TimeCollected": "5/10/2021, 5:46:12.704 PM",
    "ManagementGroupName": "AOI-83c61c06-76fd-494d-990d-0805b4a177a6"
  },
  {
    "TimeGenerated": "5/10/2021, 5:44:26.013 PM",
    "Account": "",
    "AccountType": "",
    "Computer": "VM1.testenv.onmicrosoft.com",
    "EventSourceName": "Microsoft-Windows-Security-Auditing",
    "Channel": "Security",
    "Task": 1,
    "Level": 0,
    "EventData": "<EventData xmlns=\"http://schemas.microsoft.com/win/2004/08/events/event\">\n  <Data Name=\"ProcessID\">4016</Data>\n  <Data Name=\"Application\">\\device\\harddiskvolume1\\windowsazure\\guestagent_2.7.41491.1005_2020-11-17_025846\\guestagent\\windowsazureguestagent.exe</Data>\n  <Data Name=\"Direction\">%%14593</Data>\n  <Data Name=\"SourceAddress\">10.0.0.5</Data>\n  <Data Name=\"SourcePort\">62653</Data>\n  <Data Name=\"DestAddress\">168.63.129.16</Data>\n  <Data Name=\"DestPort\">80</Data>\n  <Data Name=\"Protocol\">6</Data>\n  <Data Name=\"FilterRTID\">79531</Data>\n  <Data Name=\"LayerName\">%%14611</Data>\n  <Data Name=\"LayerRTID\">48</Data>\n  <Data Name=\"RemoteUserID\">S-1-0-0</Data>\n  <Data Name=\"RemoteMachineID\">S-1-0-0</Data>\n</EventData>",
    "EventID": 5156,
    "Activity": "5156 - The Windows Filtering Platform has allowed a connection.",
    "PartitionKey": "",
    "RowKey": "",
    "StorageAccount": "",
    "AzureDeploymentID": "",
    "AzureTableName": "",
    "AccessList": "",
    "AccessMask": null,
    "HandleId": null,
    "ObjectName": "",
    "ObjectServer": "",
    "ObjectType": "",
    "OperationType": "",
    "SubjectAccount": "",
    "SubcategoryGuid": "",
    "SubcategoryId": "",
    "SubjectDomainName": "",
    "SubjectKeyIdentifier": "",
    "SubjectLogonId": null,
    "SubjectUserName": "",
    "SubjectUserSid": "",
    "SourceComputerId": "5c7f3782-1e64-f470-738c-cf904f80d3d3",
    "EventOriginId": "862c4600-b1f2-46f6-a0c5-c886f4c375e7",
    "MG": "00000000-0000-0000-0000-000000000001",
    "TimeCollected": "5/10/2021, 5:46:12.704 PM",
    "ManagementGroupName": "AOI-83c61c06-76fd-494d-990d-0805b4a177a6"
  },
  {
    "TimeGenerated": "5/10/2021, 5:44:35.980 PM",
    "Account": "",
    "AccountType": "",
    "Computer": "VM1.testenv.onmicrosoft.com",
    "EventSourceName": "Microsoft-Windows-Security-Auditing",
    "Channel": "Security",
    "Task": 1,
    "Level": 0,
    "EventData": "<EventData xmlns=\"http://schemas.microsoft.com/win/2004/08/events/event\">\n  <Data Name=\"ProcessId\">724</Data>\n  <Data Name=\"Application\">\\device\\harddiskvolume1\\windows\\system32\\svchost.exe</Data>\n  <Data Name=\"SourceAddress\">fe80::8c6b:b01f:f42d:5bc0</Data>\n  <Data Name=\"SourcePort\">546</Data>\n  <Data Name=\"Protocol\">17</Data>\n  <Data Name=\"FilterRTID\">79351</Data>\n  <Data Name=\"LayerName\">%%14608</Data>\n  <Data Name=\"LayerRTID\">38</Data>\n</EventData>",
    "EventID": 5158,
    "Activity": "5158 - The Windows Filtering Platform has permitted a bind to a local port.",
    "PartitionKey": "",
    "RowKey": "",
    "StorageAccount": "",
    "AzureDeploymentID": "",
    "AzureTableName": "",
    "AccessList": "",
    "AccessMask": null,
    "HandleId": null,
    "ObjectName": "",
    "ObjectServer": "",
    "ObjectType": "",
    "OperationType": "",
    "SubjectAccount": "",
    "SubcategoryGuid": "",
    "SubcategoryId": "",
    "SubjectDomainName": "",
    "SubjectKeyIdentifier": "",
    "SubjectLogonId": null,
    "SubjectUserName": "",
    "SubjectUserSid": "",
    "SourceComputerId": "5c7f3782-1e64-f470-738c-cf904f80d3d3",
    "EventOriginId": "862c4600-b1f2-46f6-a0c5-c886f4c375e7",
    "MG": "00000000-0000-0000-0000-000000000001",
    "TimeCollected": "5/10/2021, 5:46:12.704 PM",
    "ManagementGroupName": "AOI-83c61c06-76fd-494d-990d-0805b4a177a6"
  },
  {
    "TimeGenerated": "5/10/2021, 5:44:35.980 PM",
    "Account": "",
    "AccountType": "",
    "Computer": "VM1.testenv.onmicrosoft.com",
    "EventSourceName": "Microsoft-Windows-Security-Auditing",
    "Channel": "Security",
    "Task": 1,
    "Level": 0,
    "EventData": "<EventData xmlns=\"http://schemas.microsoft.com/win/2004/08/events/event\">\n  <Data Name=\"ProcessID\">724</Data>\n  <Data Name=\"Application\">\\device\\harddiskvolume1\\windows\\system32\\svchost.exe</Data>\n  <Data Name=\"Direction\">%%14593</Data>\n  <Data Name=\"SourceAddress\">fe80::8c6b:b01f:f42d:5bc0</Data>\n  <Data Name=\"SourcePort\">546</Data>\n  <Data Name=\"DestAddress\">ff02::1:2</Data>\n  <Data Name=\"DestPort\">547</Data>\n  <Data Name=\"Protocol\">17</Data>\n  <Data Name=\"FilterRTID\">79406</Data>\n  <Data Name=\"LayerName\">%%14611</Data>\n  <Data Name=\"LayerRTID\">50</Data>\n  <Data Name=\"RemoteUserID\">S-1-0-0</Data>\n  <Data Name=\"RemoteMachineID\">S-1-0-0</Data>\n</EventData>",
    "EventID": 5156,
    "Activity": "5156 - The Windows Filtering Platform has allowed a connection.",
    "PartitionKey": "",
    "RowKey": "",
    "StorageAccount": "",
    "AzureDeploymentID": "",
    "AzureTableName": "",
    "AccessList": "",
    "AccessMask": null,
    "HandleId": null,
    "ObjectName": "",
    "ObjectServer": "",
    "ObjectType": "",
    "OperationType": "",
    "SubjectAccount": "",
    "SubcategoryGuid": "",
    "SubcategoryId": "",
    "SubjectDomainName": "",
    "SubjectKeyIdentifier": "",
    "SubjectLogonId": null,
    "SubjectUserName": "",
    "SubjectUserSid": "",
    "SourceComputerId": "5c7f3782-1e64-f470-738c-cf904f80d3d3",
    "EventOriginId": "862c4600-b1f2-46f6-a0c5-c886f4c375e7",
    "MG": "00000000-0000-0000-0000-000000000001",
    "TimeCollected": "5/10/2021, 5:46:12.704 PM",
    "ManagementGroupName": "AOI-83c61c06-76fd-494d-990d-0805b4a177a6"
  },
  {
    "TimeGenerated": "5/10/2021, 5:44:41.040 PM",
    "Account": "",
    "AccountType": "",
    "Computer": "VM1.testenv.onmicrosoft.com",
    "EventSourceName": "Microsoft-Windows-Security-Auditing",
    "Channel": "Security",
    "Task": 1,
    "Level": 0,
    "EventData": "<EventData xmlns=\"http://schemas.microsoft.com/win/2004/08/events/event\">\n  <Data Name=\"ProcessId\">4016</Data>\n  <Data Name=\"Application\">\\device\\harddiskvolume1\\windowsazure\\guestagent_2.7.41491.1005_2020-11-17_025846\\guestagent\\windowsazureguestagent.exe</Data>\n  <Data Name=\"SourceAddress\">0.0.0.0</Data>\n  <Data Name=\"SourcePort\">62654</Data>\n  <Data Name=\"Protocol\">6</Data>\n  <Data Name=\"FilterRTID\">0</Data>\n  <Data Name=\"LayerName\">%%14608</Data>\n  <Data Name=\"LayerRTID\">36</Data>\n</EventData>",
    "EventID": 5158,
    "Activity": "5158 - The Windows Filtering Platform has permitted a bind to a local port.",
    "PartitionKey": "",
    "RowKey": "",
    "StorageAccount": "",
    "AzureDeploymentID": "",
    "AzureTableName": "",
    "AccessList": "",
    "AccessMask": null,
    "HandleId": null,
    "ObjectName": "",
    "ObjectServer": "",
    "ObjectType": "",
    "OperationType": "",
    "SubjectAccount": "",
    "SubcategoryGuid": "",
    "SubcategoryId": "",
    "SubjectDomainName": "",
    "SubjectKeyIdentifier": "",
    "SubjectLogonId": null,
    "SubjectUserName": "",
    "SubjectUserSid": "",
    "SourceComputerId": "5c7f3782-1e64-f470-738c-cf904f80d3d3",
    "EventOriginId": "862c4600-b1f2-46f6-a0c5-c886f4c375e7",
    "MG": "00000000-0000-0000-0000-000000000001",
    "TimeCollected": "5/10/2021, 5:46:12.704 PM",
    "ManagementGroupName": "AOI-83c61c06-76fd-494d-990d-0805b4a177a6"
  },
  {
    "TimeGenerated": "5/10/2021, 5:44:41.040 PM",
    "Account": "",
    "AccountType": "",
    "Computer": "VM1.testenv.onmicrosoft.com",
    "EventSourceName": "Microsoft-Windows-Security-Auditing",
    "Channel": "Security",
    "Task": 1,
    "Level": 0,
    "EventData": "<EventData xmlns=\"http://schemas.microsoft.com/win/2004/08/events/event\">\n  <Data Name=\"ProcessID\">4016</Data>\n  <Data Name=\"Application\">\\device\\harddiskvolume1\\windowsazure\\guestagent_2.7.41491.1005_2020-11-17_025846\\guestagent\\windowsazureguestagent.exe</Data>\n  <Data Name=\"Direction\">%%14593</Data>\n  <Data Name=\"SourceAddress\">10.0.0.5</Data>\n  <Data Name=\"SourcePort\">62654</Data>\n  <Data Name=\"DestAddress\">168.63.129.16</Data>\n  <Data Name=\"DestPort\">80</Data>\n  <Data Name=\"Protocol\">6</Data>\n  <Data Name=\"FilterRTID\">79531</Data>\n  <Data Name=\"LayerName\">%%14611</Data>\n  <Data Name=\"LayerRTID\">48</Data>\n  <Data Name=\"RemoteUserID\">S-1-0-0</Data>\n  <Data Name=\"RemoteMachineID\">S-1-0-0</Data>\n</EventData>",
    "EventID": 5156,
    "Activity": "5156 - The Windows Filtering Platform has allowed a connection.",
    "PartitionKey": "",
    "RowKey": "",
    "StorageAccount": "",
    "AzureDeploymentID": "",
    "AzureTableName": "",
    "AccessList": "",
    "AccessMask": null,
    "HandleId": null,
    "ObjectName": "",
    "ObjectServer": "",
    "ObjectType": "",
    "OperationType": "",
    "SubjectAccount": "",
    "SubcategoryGuid": "",
    "SubcategoryId": "",
    "SubjectDomainName": "",
    "SubjectKeyIdentifier": "",
    "SubjectLogonId": null,
    "SubjectUserName": "",
    "SubjectUserSid": "",
    "SourceComputerId": "5c7f3782-1e64-f470-738c-cf904f80d3d3",
    "EventOriginId": "862c4600-b1f2-46f6-a0c5-c886f4c375e7",
    "MG": "00000000-0000-0000-0000-000000000001",
    "TimeCollected": "5/10/2021, 5:46:12.704 PM",
    "ManagementGroupName": "AOI-83c61c06-76fd-494d-990d-0805b4a177a6"
  },
  {
    "TimeGenerated": "5/10/2021, 5:44:43.083 PM",
    "Account": "",
    "AccountType": "",
    "Computer": "VM1.testenv.onmicrosoft.com",
    "EventSourceName": "Microsoft-Windows-Security-Auditing",
    "Channel": "Security",
    "Task": 1,
    "Level": 0,
    "EventData": "<EventData xmlns=\"http://schemas.microsoft.com/win/2004/08/events/event\">\n  <Data Name=\"ProcessId\">984</Data>\n  <Data Name=\"Application\">\\device\\harddiskvolume1\\windows\\system32\\svchost.exe</Data>\n  <Data Name=\"SourceAddress\">::</Data>\n  <Data Name=\"SourcePort\">61708</Data>\n  <Data Name=\"Protocol\">17</Data>\n  <Data Name=\"FilterRTID\">0</Data>\n  <Data Name=\"LayerName\">%%14608</Data>\n  <Data Name=\"LayerRTID\">36</Data>\n</EventData>",
    "EventID": 5158,
    "Activity": "5158 - The Windows Filtering Platform has permitted a bind to a local port.",
    "PartitionKey": "",
    "RowKey": "",
    "StorageAccount": "",
    "AzureDeploymentID": "",
    "AzureTableName": "",
    "AccessList": "",
    "AccessMask": null,
    "HandleId": null,
    "ObjectName": "",
    "ObjectServer": "",
    "ObjectType": "",
    "OperationType": "",
    "SubjectAccount": "",
    "SubcategoryGuid": "",
    "SubcategoryId": "",
    "SubjectDomainName": "",
    "SubjectKeyIdentifier": "",
    "SubjectLogonId": null,
    "SubjectUserName": "",
    "SubjectUserSid": "",
    "SourceComputerId": "5c7f3782-1e64-f470-738c-cf904f80d3d3",
    "EventOriginId": "862c4600-b1f2-46f6-a0c5-c886f4c375e7",
    "MG": "00000000-0000-0000-0000-000000000001",
    "TimeCollected": "5/10/2021, 5:46:12.704 PM",
    "ManagementGroupName": "AOI-83c61c06-76fd-494d-990d-0805b4a177a6"
  },
  {
    "TimeGenerated": "5/10/2021, 5:44:43.083 PM",
    "Account": "",
    "AccountType": "",
    "Computer": "VM1.testenv.onmicrosoft.com",
    "EventSourceName": "Microsoft-Windows-Security-Auditing",
    "Channel": "Security",
    "Task": 1,
    "Level": 0,
    "EventData": "<EventData xmlns=\"http://schemas.microsoft.com/win/2004/08/events/event\">\n  <Data Name=\"ProcessId\">984</Data>\n  <Data Name=\"Application\">\\device\\harddiskvolume1\\windows\\system32\\svchost.exe</Data>\n  <Data Name=\"SourceAddress\">::</Data>\n  <Data Name=\"SourcePort\">61708</Data>\n  <Data Name=\"Protocol\">17</Data>\n  <Data Name=\"FilterRTID\">0</Data>\n  <Data Name=\"LayerName\">%%14608</Data>\n  <Data Name=\"LayerRTID\">38</Data>\n</EventData>",
    "EventID": 5158,
    "Activity": "5158 - The Windows Filtering Platform has permitted a bind to a local port.",
    "PartitionKey": "",
    "RowKey": "",
    "StorageAccount": "",
    "AzureDeploymentID": "",
    "AzureTableName": "",
    "AccessList": "",
    "AccessMask": null,
    "HandleId": null,
    "ObjectName": "",
    "ObjectServer": "",
    "ObjectType": "",
    "OperationType": "",
    "SubjectAccount": "",
    "SubcategoryGuid": "",
    "SubcategoryId": "",
    "SubjectDomainName": "",
    "SubjectKeyIdentifier": "",
    "SubjectLogonId": null,
    "SubjectUserName": "",
    "SubjectUserSid": "",
    "SourceComputerId": "5c7f3782-1e64-f470-738c-cf904f80d3d3",
    "EventOriginId": "862c4600-b1f2-46f6-a0c5-c886f4c375e7",
    "MG": "00000000-0000-0000-0000-000000000001",
    "TimeCollected": "5/10/2021, 5:46:12.704 PM",
    "ManagementGroupName": "AOI-83c61c06-76fd-494d-990d-0805b4a177a6"
  },
  {
    "TimeGenerated": "5/10/2021, 5:44:43.083 PM",
    "Account": "",
    "AccountType": "",
    "Computer": "VM1.testenv.onmicrosoft.com",
    "EventSourceName": "Microsoft-Windows-Security-Auditing",
    "Channel": "Security",
    "Task": 1,
    "Level": 0,
    "EventData": "<EventData xmlns=\"http://schemas.microsoft.com/win/2004/08/events/event\">\n  <Data Name=\"ProcessID\">984</Data>\n  <Data Name=\"Application\">\\device\\harddiskvolume1\\windows\\system32\\svchost.exe</Data>\n  <Data Name=\"Direction\">%%14593</Data>\n  <Data Name=\"SourceAddress\">10.0.0.5</Data>\n  <Data Name=\"SourcePort\">61708</Data>\n  <Data Name=\"DestAddress\">10.0.0.4</Data>\n  <Data Name=\"DestPort\">53</Data>\n  <Data Name=\"Protocol\">17</Data>\n  <Data Name=\"FilterRTID\">79266</Data>\n  <Data Name=\"LayerName\">%%14611</Data>\n  <Data Name=\"LayerRTID\">48</Data>\n  <Data Name=\"RemoteUserID\">S-1-0-0</Data>\n  <Data Name=\"RemoteMachineID\">S-1-0-0</Data>\n</EventData>",
    "EventID": 5156,
    "Activity": "5156 - The Windows Filtering Platform has allowed a connection.",
    "PartitionKey": "",
    "RowKey": "",
    "StorageAccount": "",
    "AzureDeploymentID": "",
    "AzureTableName": "",
    "AccessList": "",
    "AccessMask": null,
    "HandleId": null,
    "ObjectName": "",
    "ObjectServer": "",
    "ObjectType": "",
    "OperationType": "",
    "SubjectAccount": "",
    "SubcategoryGuid": "",
    "SubcategoryId": "",
    "SubjectDomainName": "",
    "SubjectKeyIdentifier": "",
    "SubjectLogonId": null,
    "SubjectUserName": "",
    "SubjectUserSid": "",
    "SourceComputerId": "5c7f3782-1e64-f470-738c-cf904f80d3d3",
    "EventOriginId": "862c4600-b1f2-46f6-a0c5-c886f4c375e7",
    "MG": "00000000-0000-0000-0000-000000000001",
    "TimeCollected": "5/10/2021, 5:46:12.704 PM",
    "ManagementGroupName": "AOI-83c61c06-76fd-494d-990d-0805b4a177a6"
  },
  {
    "TimeGenerated": "5/10/2021, 5:44:43.100 PM",
    "Account": "",
    "AccountType": "",
    "Computer": "VM1.testenv.onmicrosoft.com",
    "EventSourceName": "Microsoft-Windows-Security-Auditing",
    "Channel": "Security",
    "Task": 1,
    "Level": 0,
    "EventData": "<EventData xmlns=\"http://schemas.microsoft.com/win/2004/08/events/event\">\n  <Data Name=\"ProcessId\">2592</Data>\n  <Data Name=\"Application\">\\device\\harddiskvolume1\\packages\\plugins\\microsoft.azure.monitor.azuremonitorwindowsagent\\1.0.8.0\\monitoring\\agent\\monagentcore.exe</Data>\n  <Data Name=\"SourceAddress\">0.0.0.0</Data>\n  <Data Name=\"SourcePort\">62655</Data>\n  <Data Name=\"Protocol\">6</Data>\n  <Data Name=\"FilterRTID\">0</Data>\n  <Data Name=\"LayerName\">%%14608</Data>\n  <Data Name=\"LayerRTID\">36</Data>\n</EventData>",
    "EventID": 5158,
    "Activity": "5158 - The Windows Filtering Platform has permitted a bind to a local port.",
    "PartitionKey": "",
    "RowKey": "",
    "StorageAccount": "",
    "AzureDeploymentID": "",
    "AzureTableName": "",
    "AccessList": "",
    "AccessMask": null,
    "HandleId": null,
    "ObjectName": "",
    "ObjectServer": "",
    "ObjectType": "",
    "OperationType": "",
    "SubjectAccount": "",
    "SubcategoryGuid": "",
    "SubcategoryId": "",
    "SubjectDomainName": "",
    "SubjectKeyIdentifier": "",
    "SubjectLogonId": null,
    "SubjectUserName": "",
    "SubjectUserSid": "",
    "SourceComputerId": "5c7f3782-1e64-f470-738c-cf904f80d3d3",
    "EventOriginId": "862c4600-b1f2-46f6-a0c5-c886f4c375e7",
    "MG": "00000000-0000-0000-0000-000000000001",
    "TimeCollected": "5/10/2021, 5:46:12.704 PM",
    "ManagementGroupName": "AOI-83c61c06-76fd-494d-990d-0805b4a177a6"
  },
  {
    "TimeGenerated": "5/10/2021, 5:44:43.100 PM",
    "Account": "",
    "AccountType": "",
    "Computer": "VM1.testenv.onmicrosoft.com",
    "EventSourceName": "Microsoft-Windows-Security-Auditing",
    "Channel": "Security",
    "Task": 1,
    "Level": 0,
    "EventData": "<EventData xmlns=\"http://schemas.microsoft.com/win/2004/08/events/event\">\n  <Data Name=\"ProcessID\">2592</Data>\n  <Data Name=\"Application\">\\device\\harddiskvolume1\\packages\\plugins\\microsoft.azure.monitor.azuremonitorwindowsagent\\1.0.8.0\\monitoring\\agent\\monagentcore.exe</Data>\n  <Data Name=\"Direction\">%%14593</Data>\n  <Data Name=\"SourceAddress\">10.0.0.5</Data>\n  <Data Name=\"SourcePort\">62655</Data>\n  <Data Name=\"DestAddress\">13.77.52.23</Data>\n  <Data Name=\"DestPort\">443</Data>\n  <Data Name=\"Protocol\">6</Data>\n  <Data Name=\"FilterRTID\">79270</Data>\n  <Data Name=\"LayerName\">%%14611</Data>\n  <Data Name=\"LayerRTID\">48</Data>\n  <Data Name=\"RemoteUserID\">S-1-0-0</Data>\n  <Data Name=\"RemoteMachineID\">S-1-0-0</Data>\n</EventData>",
    "EventID": 5156,
    "Activity": "5156 - The Windows Filtering Platform has allowed a connection.",
    "PartitionKey": "",
    "RowKey": "",
    "StorageAccount": "",
    "AzureDeploymentID": "",
    "AzureTableName": "",
    "AccessList": "",
    "AccessMask": null,
    "HandleId": null,
    "ObjectName": "",
    "ObjectServer": "",
    "ObjectType": "",
    "OperationType": "",
    "SubjectAccount": "",
    "SubcategoryGuid": "",
    "SubcategoryId": "",
    "SubjectDomainName": "",
    "SubjectKeyIdentifier": "",
    "SubjectLogonId": null,
    "SubjectUserName": "",
    "SubjectUserSid": "",
    "SourceComputerId": "5c7f3782-1e64-f470-738c-cf904f80d3d3",
    "EventOriginId": "862c4600-b1f2-46f6-a0c5-c886f4c375e7",
    "MG": "00000000-0000-0000-0000-000000000001",
    "TimeCollected": "5/10/2021, 5:46:12.704 PM",
    "ManagementGroupName": "AOI-83c61c06-76fd-494d-990d-0805b4a177a6"
  },
  {
    "TimeGenerated": "5/10/2021, 5:44:43.787 PM",
    "Account": "",
    "AccountType": "",
    "Computer": "VM1.testenv.onmicrosoft.com",
    "EventSourceName": "Microsoft-Windows-Security-Auditing",
    "Channel": "Security",
    "Task": 1,
    "Level": 0,
    "EventData": "<EventData xmlns=\"http://schemas.microsoft.com/win/2004/08/events/event\">\n  <Data Name=\"ProcessId\">2592</Data>\n  <Data Name=\"Application\">\\device\\harddiskvolume1\\packages\\plugins\\microsoft.azure.monitor.azuremonitorwindowsagent\\1.0.8.0\\monitoring\\agent\\monagentcore.exe</Data>\n  <Data Name=\"SourceAddress\">0.0.0.0</Data>\n  <Data Name=\"SourcePort\">62656</Data>\n  <Data Name=\"Protocol\">6</Data>\n  <Data Name=\"FilterRTID\">0</Data>\n  <Data Name=\"LayerName\">%%14608</Data>\n  <Data Name=\"LayerRTID\">36</Data>\n</EventData>",
    "EventID": 5158,
    "Activity": "5158 - The Windows Filtering Platform has permitted a bind to a local port.",
    "PartitionKey": "",
    "RowKey": "",
    "StorageAccount": "",
    "AzureDeploymentID": "",
    "AzureTableName": "",
    "AccessList": "",
    "AccessMask": null,
    "HandleId": null,
    "ObjectName": "",
    "ObjectServer": "",
    "ObjectType": "",
    "OperationType": "",
    "SubjectAccount": "",
    "SubcategoryGuid": "",
    "SubcategoryId": "",
    "SubjectDomainName": "",
    "SubjectKeyIdentifier": "",
    "SubjectLogonId": null,
    "SubjectUserName": "",
    "SubjectUserSid": "",
    "SourceComputerId": "5c7f3782-1e64-f470-738c-cf904f80d3d3",
    "EventOriginId": "862c4600-b1f2-46f6-a0c5-c886f4c375e7",
    "MG": "00000000-0000-0000-0000-000000000001",
    "TimeCollected": "5/10/2021, 5:46:12.704 PM",
    "ManagementGroupName": "AOI-83c61c06-76fd-494d-990d-0805b4a177a6"
  },
  {
    "TimeGenerated": "5/10/2021, 5:44:43.787 PM",
    "Account": "",
    "AccountType": "",
    "Computer": "VM1.testenv.onmicrosoft.com",
    "EventSourceName": "Microsoft-Windows-Security-Auditing",
    "Channel": "Security",
    "Task": 1,
    "Level": 0,
    "EventData": "<EventData xmlns=\"http://schemas.microsoft.com/win/2004/08/events/event\">\n  <Data Name=\"ProcessID\">2592</Data>\n  <Data Name=\"Application\">\\device\\harddiskvolume1\\packages\\plugins\\microsoft.azure.monitor.azuremonitorwindowsagent\\1.0.8.0\\monitoring\\agent\\monagentcore.exe</Data>\n  <Data Name=\"Direction\">%%14593</Data>\n  <Data Name=\"SourceAddress\">10.0.0.5</Data>\n  <Data Name=\"SourcePort\">62656</Data>\n  <Data Name=\"DestAddress\">13.77.52.23</Data>\n  <Data Name=\"DestPort\">443</Data>\n  <Data Name=\"Protocol\">6</Data>\n  <Data Name=\"FilterRTID\">79270</Data>\n  <Data Name=\"LayerName\">%%14611</Data>\n  <Data Name=\"LayerRTID\">48</Data>\n  <Data Name=\"RemoteUserID\">S-1-0-0</Data>\n  <Data Name=\"RemoteMachineID\">S-1-0-0</Data>\n</EventData>",
    "EventID": 5156,
    "Activity": "5156 - The Windows Filtering Platform has allowed a connection.",
    "PartitionKey": "",
    "RowKey": "",
    "StorageAccount": "",
    "AzureDeploymentID": "",
    "AzureTableName": "",
    "AccessList": "",
    "AccessMask": null,
    "HandleId": null,
    "ObjectName": "",
    "ObjectServer": "",
    "ObjectType": "",
    "OperationType": "",
    "SubjectAccount": "",
    "SubcategoryGuid": "",
    "SubcategoryId": "",
    "SubjectDomainName": "",
    "SubjectKeyIdentifier": "",
    "SubjectLogonId": null,
    "SubjectUserName": "",
    "SubjectUserSid": "",
    "SourceComputerId": "5c7f3782-1e64-f470-738c-cf904f80d3d3",
    "EventOriginId": "862c4600-b1f2-46f6-a0c5-c886f4c375e7",
    "MG": "00000000-0000-0000-0000-000000000001",
    "TimeCollected": "5/10/2021, 5:46:12.704 PM",
    "ManagementGroupName": "AOI-83c61c06-76fd-494d-990d-0805b4a177a6"
  },
  {
    "TimeGenerated": "5/10/2021, 5:44:52.020 PM",
    "Account": "",
    "AccountType": "",
    "Computer": "VM1.testenv.onmicrosoft.com",
    "EventSourceName": "Microsoft-Windows-Security-Auditing",
    "Channel": "Security",
    "Task": 1,
    "Level": 0,
    "EventData": "<EventData xmlns=\"http://schemas.microsoft.com/win/2004/08/events/event\">\n  <Data Name=\"ProcessID\">724</Data>\n  <Data Name=\"Application\">\\device\\harddiskvolume1\\windows\\system32\\svchost.exe</Data>\n  <Data Name=\"Direction\">%%14593</Data>\n  <Data Name=\"SourceAddress\">fe80::8c6b:b01f:f42d:5bc0</Data>\n  <Data Name=\"SourcePort\">546</Data>\n  <Data Name=\"DestAddress\">ff02::1:2</Data>\n  <Data Name=\"DestPort\">547</Data>\n  <Data Name=\"Protocol\">17</Data>\n  <Data Name=\"FilterRTID\">79406</Data>\n  <Data Name=\"LayerName\">%%14611</Data>\n  <Data Name=\"LayerRTID\">50</Data>\n  <Data Name=\"RemoteUserID\">S-1-0-0</Data>\n  <Data Name=\"RemoteMachineID\">S-1-0-0</Data>\n</EventData>",
    "EventID": 5156,
    "Activity": "5156 - The Windows Filtering Platform has allowed a connection.",
    "PartitionKey": "",
    "RowKey": "",
    "StorageAccount": "",
    "AzureDeploymentID": "",
    "AzureTableName": "",
    "AccessList": "",
    "AccessMask": null,
    "HandleId": null,
    "ObjectName": "",
    "ObjectServer": "",
    "ObjectType": "",
    "OperationType": "",
    "SubjectAccount": "",
    "SubcategoryGuid": "",
    "SubcategoryId": "",
    "SubjectDomainName": "",
    "SubjectKeyIdentifier": "",
    "SubjectLogonId": null,
    "SubjectUserName": "",
    "SubjectUserSid": "",
    "SourceComputerId": "5c7f3782-1e64-f470-738c-cf904f80d3d3",
    "EventOriginId": "862c4600-b1f2-46f6-a0c5-c886f4c375e7",
    "MG": "00000000-0000-0000-0000-000000000001",
    "TimeCollected": "5/10/2021, 5:46:12.704 PM",
    "ManagementGroupName": "AOI-83c61c06-76fd-494d-990d-0805b4a177a6"
  },
  {
    "TimeGenerated": "5/10/2021, 5:44:56.057 PM",
    "Account": "",
    "AccountType": "",
    "Computer": "VM1.testenv.onmicrosoft.com",
    "EventSourceName": "Microsoft-Windows-Security-Auditing",
    "Channel": "Security",
    "Task": 1,
    "Level": 0,
    "EventData": "<EventData xmlns=\"http://schemas.microsoft.com/win/2004/08/events/event\">\n  <Data Name=\"ProcessId\">4016</Data>\n  <Data Name=\"Application\">\\device\\harddiskvolume1\\windowsazure\\guestagent_2.7.41491.1005_2020-11-17_025846\\guestagent\\windowsazureguestagent.exe</Data>\n  <Data Name=\"SourceAddress\">0.0.0.0</Data>\n  <Data Name=\"SourcePort\">62657</Data>\n  <Data Name=\"Protocol\">6</Data>\n  <Data Name=\"FilterRTID\">0</Data>\n  <Data Name=\"LayerName\">%%14608</Data>\n  <Data Name=\"LayerRTID\">36</Data>\n</EventData>",
    "EventID": 5158,
    "Activity": "5158 - The Windows Filtering Platform has permitted a bind to a local port.",
    "PartitionKey": "",
    "RowKey": "",
    "StorageAccount": "",
    "AzureDeploymentID": "",
    "AzureTableName": "",
    "AccessList": "",
    "AccessMask": null,
    "HandleId": null,
    "ObjectName": "",
    "ObjectServer": "",
    "ObjectType": "",
    "OperationType": "",
    "SubjectAccount": "",
    "SubcategoryGuid": "",
    "SubcategoryId": "",
    "SubjectDomainName": "",
    "SubjectKeyIdentifier": "",
    "SubjectLogonId": null,
    "SubjectUserName": "",
    "SubjectUserSid": "",
    "SourceComputerId": "5c7f3782-1e64-f470-738c-cf904f80d3d3",
    "EventOriginId": "862c4600-b1f2-46f6-a0c5-c886f4c375e7",
    "MG": "00000000-0000-0000-0000-000000000001",
    "TimeCollected": "5/10/2021, 5:46:12.704 PM",
    "ManagementGroupName": "AOI-83c61c06-76fd-494d-990d-0805b4a177a6"
  },
  {
    "TimeGenerated": "5/10/2021, 5:44:56.057 PM",
    "Account": "",
    "AccountType": "",
    "Computer": "VM1.testenv.onmicrosoft.com",
    "EventSourceName": "Microsoft-Windows-Security-Auditing",
    "Channel": "Security",
    "Task": 1,
    "Level": 0,
    "EventData": "<EventData xmlns=\"http://schemas.microsoft.com/win/2004/08/events/event\">\n  <Data Name=\"ProcessID\">4016</Data>\n  <Data Name=\"Application\">\\device\\harddiskvolume1\\windowsazure\\guestagent_2.7.41491.1005_2020-11-17_025846\\guestagent\\windowsazureguestagent.exe</Data>\n  <Data Name=\"Direction\">%%14593</Data>\n  <Data Name=\"SourceAddress\">10.0.0.5</Data>\n  <Data Name=\"SourcePort\">62657</Data>\n  <Data Name=\"DestAddress\">168.63.129.16</Data>\n  <Data Name=\"DestPort\">80</Data>\n  <Data Name=\"Protocol\">6</Data>\n  <Data Name=\"FilterRTID\">79531</Data>\n  <Data Name=\"LayerName\">%%14611</Data>\n  <Data Name=\"LayerRTID\">48</Data>\n  <Data Name=\"RemoteUserID\">S-1-0-0</Data>\n  <Data Name=\"RemoteMachineID\">S-1-0-0</Data>\n</EventData>",
    "EventID": 5156,
    "Activity": "5156 - The Windows Filtering Platform has allowed a connection.",
    "PartitionKey": "",
    "RowKey": "",
    "StorageAccount": "",
    "AzureDeploymentID": "",
    "AzureTableName": "",
    "AccessList": "",
    "AccessMask": null,
    "HandleId": null,
    "ObjectName": "",
    "ObjectServer": "",
    "ObjectType": "",
    "OperationType": "",
    "SubjectAccount": "",
    "SubcategoryGuid": "",
    "SubcategoryId": "",
    "SubjectDomainName": "",
    "SubjectKeyIdentifier": "",
    "SubjectLogonId": null,
    "SubjectUserName": "",
    "SubjectUserSid": "",
    "SourceComputerId": "5c7f3782-1e64-f470-738c-cf904f80d3d3",
    "EventOriginId": "862c4600-b1f2-46f6-a0c5-c886f4c375e7",
    "MG": "00000000-0000-0000-0000-000000000001",
    "TimeCollected": "5/10/2021, 5:46:12.704 PM",
    "ManagementGroupName": "AOI-83c61c06-76fd-494d-990d-0805b4a177a6"
  },
  {
    "TimeGenerated": "5/10/2021, 5:44:57.660 PM",
    "Account": "",
    "AccountType": "",
    "Computer": "VM1.testenv.onmicrosoft.com",
    "EventSourceName": "Microsoft-Windows-Security-Auditing",
    "Channel": "Security",
    "Task": 1,
    "Level": 0,
    "EventData": "<EventData xmlns=\"http://schemas.microsoft.com/win/2004/08/events/event\">\n  <Data Name=\"ProcessId\">984</Data>\n  <Data Name=\"Application\">\\device\\harddiskvolume1\\windows\\system32\\svchost.exe</Data>\n  <Data Name=\"SourceAddress\">::</Data>\n  <Data Name=\"SourcePort\">58517</Data>\n  <Data Name=\"Protocol\">17</Data>\n  <Data Name=\"FilterRTID\">0</Data>\n  <Data Name=\"LayerName\">%%14608</Data>\n  <Data Name=\"LayerRTID\">36</Data>\n</EventData>",
    "EventID": 5158,
    "Activity": "5158 - The Windows Filtering Platform has permitted a bind to a local port.",
    "PartitionKey": "",
    "RowKey": "",
    "StorageAccount": "",
    "AzureDeploymentID": "",
    "AzureTableName": "",
    "AccessList": "",
    "AccessMask": null,
    "HandleId": null,
    "ObjectName": "",
    "ObjectServer": "",
    "ObjectType": "",
    "OperationType": "",
    "SubjectAccount": "",
    "SubcategoryGuid": "",
    "SubcategoryId": "",
    "SubjectDomainName": "",
    "SubjectKeyIdentifier": "",
    "SubjectLogonId": null,
    "SubjectUserName": "",
    "SubjectUserSid": "",
    "SourceComputerId": "5c7f3782-1e64-f470-738c-cf904f80d3d3",
    "EventOriginId": "862c4600-b1f2-46f6-a0c5-c886f4c375e7",
    "MG": "00000000-0000-0000-0000-000000000001",
    "TimeCollected": "5/10/2021, 5:46:12.704 PM",
    "ManagementGroupName": "AOI-83c61c06-76fd-494d-990d-0805b4a177a6"
  },
  {
    "TimeGenerated": "5/10/2021, 5:44:57.660 PM",
    "Account": "",
    "AccountType": "",
    "Computer": "VM1.testenv.onmicrosoft.com",
    "EventSourceName": "Microsoft-Windows-Security-Auditing",
    "Channel": "Security",
    "Task": 1,
    "Level": 0,
    "EventData": "<EventData xmlns=\"http://schemas.microsoft.com/win/2004/08/events/event\">\n  <Data Name=\"ProcessId\">984</Data>\n  <Data Name=\"Application\">\\device\\harddiskvolume1\\windows\\system32\\svchost.exe</Data>\n  <Data Name=\"SourceAddress\">::</Data>\n  <Data Name=\"SourcePort\">58517</Data>\n  <Data Name=\"Protocol\">17</Data>\n  <Data Name=\"FilterRTID\">0</Data>\n  <Data Name=\"LayerName\">%%14608</Data>\n  <Data Name=\"LayerRTID\">38</Data>\n</EventData>",
    "EventID": 5158,
    "Activity": "5158 - The Windows Filtering Platform has permitted a bind to a local port.",
    "PartitionKey": "",
    "RowKey": "",
    "StorageAccount": "",
    "AzureDeploymentID": "",
    "AzureTableName": "",
    "AccessList": "",
    "AccessMask": null,
    "HandleId": null,
    "ObjectName": "",
    "ObjectServer": "",
    "ObjectType": "",
    "OperationType": "",
    "SubjectAccount": "",
    "SubcategoryGuid": "",
    "SubcategoryId": "",
    "SubjectDomainName": "",
    "SubjectKeyIdentifier": "",
    "SubjectLogonId": null,
    "SubjectUserName": "",
    "SubjectUserSid": "",
    "SourceComputerId": "5c7f3782-1e64-f470-738c-cf904f80d3d3",
    "EventOriginId": "862c4600-b1f2-46f6-a0c5-c886f4c375e7",
    "MG": "00000000-0000-0000-0000-000000000001",
    "TimeCollected": "5/10/2021, 5:46:12.704 PM",
    "ManagementGroupName": "AOI-83c61c06-76fd-494d-990d-0805b4a177a6"
  },
  {
    "TimeGenerated": "5/10/2021, 5:44:57.660 PM",
    "Account": "",
    "AccountType": "",
    "Computer": "VM1.testenv.onmicrosoft.com",
    "EventSourceName": "Microsoft-Windows-Security-Auditing",
    "Channel": "Security",
    "Task": 1,
    "Level": 0,
    "EventData": "<EventData xmlns=\"http://schemas.microsoft.com/win/2004/08/events/event\">\n  <Data Name=\"ProcessID\">984</Data>\n  <Data Name=\"Application\">\\device\\harddiskvolume1\\windows\\system32\\svchost.exe</Data>\n  <Data Name=\"Direction\">%%14593</Data>\n  <Data Name=\"SourceAddress\">10.0.0.5</Data>\n  <Data Name=\"SourcePort\">58517</Data>\n  <Data Name=\"DestAddress\">10.0.0.4</Data>\n  <Data Name=\"DestPort\">53</Data>\n  <Data Name=\"Protocol\">17</Data>\n  <Data Name=\"FilterRTID\">79266</Data>\n  <Data Name=\"LayerName\">%%14611</Data>\n  <Data Name=\"LayerRTID\">48</Data>\n  <Data Name=\"RemoteUserID\">S-1-0-0</Data>\n  <Data Name=\"RemoteMachineID\">S-1-0-0</Data>\n</EventData>",
    "EventID": 5156,
    "Activity": "5156 - The Windows Filtering Platform has allowed a connection.",
    "PartitionKey": "",
    "RowKey": "",
    "StorageAccount": "",
    "AzureDeploymentID": "",
    "AzureTableName": "",
    "AccessList": "",
    "AccessMask": null,
    "HandleId": null,
    "ObjectName": "",
    "ObjectServer": "",
    "ObjectType": "",
    "OperationType": "",
    "SubjectAccount": "",
    "SubcategoryGuid": "",
    "SubcategoryId": "",
    "SubjectDomainName": "",
    "SubjectKeyIdentifier": "",
    "SubjectLogonId": null,
    "SubjectUserName": "",
    "SubjectUserSid": "",
    "SourceComputerId": "5c7f3782-1e64-f470-738c-cf904f80d3d3",
    "EventOriginId": "862c4600-b1f2-46f6-a0c5-c886f4c375e7",
    "MG": "00000000-0000-0000-0000-000000000001",
    "TimeCollected": "5/10/2021, 5:46:12.704 PM",
    "ManagementGroupName": "AOI-83c61c06-76fd-494d-990d-0805b4a177a6"
  },
  {
    "TimeGenerated": "5/10/2021, 5:44:57.670 PM",
    "Account": "",
    "AccountType": "",
    "Computer": "VM1.testenv.onmicrosoft.com",
    "EventSourceName": "Microsoft-Windows-Security-Auditing",
    "Channel": "Security",
    "Task": 1,
    "Level": 0,
    "EventData": "<EventData xmlns=\"http://schemas.microsoft.com/win/2004/08/events/event\">\n  <Data Name=\"ProcessId\">4896</Data>\n  <Data Name=\"Application\">\\device\\harddiskvolume1\\packages\\plugins\\microsoft.azure.monitor.azuremonitorwindowsagent\\1.0.8.0\\monitoring\\agent\\monagentmanager.exe</Data>\n  <Data Name=\"SourceAddress\">0.0.0.0</Data>\n  <Data Name=\"SourcePort\">62658</Data>\n  <Data Name=\"Protocol\">6</Data>\n  <Data Name=\"FilterRTID\">0</Data>\n  <Data Name=\"LayerName\">%%14608</Data>\n  <Data Name=\"LayerRTID\">36</Data>\n</EventData>",
    "EventID": 5158,
    "Activity": "5158 - The Windows Filtering Platform has permitted a bind to a local port.",
    "PartitionKey": "",
    "RowKey": "",
    "StorageAccount": "",
    "AzureDeploymentID": "",
    "AzureTableName": "",
    "AccessList": "",
    "AccessMask": null,
    "HandleId": null,
    "ObjectName": "",
    "ObjectServer": "",
    "ObjectType": "",
    "OperationType": "",
    "SubjectAccount": "",
    "SubcategoryGuid": "",
    "SubcategoryId": "",
    "SubjectDomainName": "",
    "SubjectKeyIdentifier": "",
    "SubjectLogonId": null,
    "SubjectUserName": "",
    "SubjectUserSid": "",
    "SourceComputerId": "5c7f3782-1e64-f470-738c-cf904f80d3d3",
    "EventOriginId": "862c4600-b1f2-46f6-a0c5-c886f4c375e7",
    "MG": "00000000-0000-0000-0000-000000000001",
    "TimeCollected": "5/10/2021, 5:46:12.704 PM",
    "ManagementGroupName": "AOI-83c61c06-76fd-494d-990d-0805b4a177a6"
  },
  {
    "TimeGenerated": "5/10/2021, 5:44:57.670 PM",
    "Account": "",
    "AccountType": "",
    "Computer": "VM1.testenv.onmicrosoft.com",
    "EventSourceName": "Microsoft-Windows-Security-Auditing",
    "Channel": "Security",
    "Task": 1,
    "Level": 0,
    "EventData": "<EventData xmlns=\"http://schemas.microsoft.com/win/2004/08/events/event\">\n  <Data Name=\"ProcessID\">4896</Data>\n  <Data Name=\"Application\">\\device\\harddiskvolume1\\packages\\plugins\\microsoft.azure.monitor.azuremonitorwindowsagent\\1.0.8.0\\monitoring\\agent\\monagentmanager.exe</Data>\n  <Data Name=\"Direction\">%%14593</Data>\n  <Data Name=\"SourceAddress\">10.0.0.5</Data>\n  <Data Name=\"SourcePort\">62658</Data>\n  <Data Name=\"DestAddress\">20.49.109.81</Data>\n  <Data Name=\"DestPort\">443</Data>\n  <Data Name=\"Protocol\">6</Data>\n  <Data Name=\"FilterRTID\">79270</Data>\n  <Data Name=\"LayerName\">%%14611</Data>\n  <Data Name=\"LayerRTID\">48</Data>\n  <Data Name=\"RemoteUserID\">S-1-0-0</Data>\n  <Data Name=\"RemoteMachineID\">S-1-0-0</Data>\n</EventData>",
    "EventID": 5156,
    "Activity": "5156 - The Windows Filtering Platform has allowed a connection.",
    "PartitionKey": "",
    "RowKey": "",
    "StorageAccount": "",
    "AzureDeploymentID": "",
    "AzureTableName": "",
    "AccessList": "",
    "AccessMask": null,
    "HandleId": null,
    "ObjectName": "",
    "ObjectServer": "",
    "ObjectType": "",
    "OperationType": "",
    "SubjectAccount": "",
    "SubcategoryGuid": "",
    "SubcategoryId": "",
    "SubjectDomainName": "",
    "SubjectKeyIdentifier": "",
    "SubjectLogonId": null,
    "SubjectUserName": "",
    "SubjectUserSid": "",
    "SourceComputerId": "5c7f3782-1e64-f470-738c-cf904f80d3d3",
    "EventOriginId": "862c4600-b1f2-46f6-a0c5-c886f4c375e7",
    "MG": "00000000-0000-0000-0000-000000000001",
    "TimeCollected": "5/10/2021, 5:46:12.704 PM",
    "ManagementGroupName": "AOI-83c61c06-76fd-494d-990d-0805b4a177a6"
  },
  {
    "TimeGenerated": "5/10/2021, 5:36:01.430 PM",
    "Account": "",
    "AccountType": "",
    "Computer": "VM1.testenv.onmicrosoft.com",
    "EventSourceName": "Microsoft-Windows-Security-Auditing",
    "Channel": "Security",
    "Task": 1,
    "Level": 0,
    "EventData": "<EventData xmlns=\"http://schemas.microsoft.com/win/2004/08/events/event\">\n  <Data Name=\"ProcessId\">2856</Data>\n  <Data Name=\"Application\">\\device\\harddiskvolume1\\windowsazure\\guestagent_2.7.41491.1005_2020-11-17_025846\\waappagent.exe</Data>\n  <Data Name=\"SourceAddress\">0.0.0.0</Data>\n  <Data Name=\"SourcePort\">62583</Data>\n  <Data Name=\"Protocol\">6</Data>\n  <Data Name=\"FilterRTID\">0</Data>\n  <Data Name=\"LayerName\">%%14608</Data>\n  <Data Name=\"LayerRTID\">36</Data>\n</EventData>",
    "EventID": 5158,
    "Activity": "5158 - The Windows Filtering Platform has permitted a bind to a local port.",
    "PartitionKey": "",
    "RowKey": "",
    "StorageAccount": "",
    "AzureDeploymentID": "",
    "AzureTableName": "",
    "AccessList": "",
    "AccessMask": null,
    "HandleId": null,
    "ObjectName": "",
    "ObjectServer": "",
    "ObjectType": "",
    "OperationType": "",
    "SubjectAccount": "",
    "SubcategoryGuid": "",
    "SubcategoryId": "",
    "SubjectDomainName": "",
    "SubjectKeyIdentifier": "",
    "SubjectLogonId": null,
    "SubjectUserName": "",
    "SubjectUserSid": "",
    "SourceComputerId": "5c7f3782-1e64-f470-738c-cf904f80d3d3",
    "EventOriginId": "862c4600-b1f2-46f6-a0c5-c886f4c375e7",
    "MG": "00000000-0000-0000-0000-000000000001",
    "TimeCollected": "5/10/2021, 5:38:12.501 PM",
    "ManagementGroupName": "AOI-83c61c06-76fd-494d-990d-0805b4a177a6"
  },
  {
    "TimeGenerated": "5/10/2021, 5:36:01.430 PM",
    "Account": "",
    "AccountType": "",
    "Computer": "VM1.testenv.onmicrosoft.com",
    "EventSourceName": "Microsoft-Windows-Security-Auditing",
    "Channel": "Security",
    "Task": 1,
    "Level": 0,
    "EventData": "<EventData xmlns=\"http://schemas.microsoft.com/win/2004/08/events/event\">\n  <Data Name=\"ProcessID\">2856</Data>\n  <Data Name=\"Application\">\\device\\harddiskvolume1\\windowsazure\\guestagent_2.7.41491.1005_2020-11-17_025846\\waappagent.exe</Data>\n  <Data Name=\"Direction\">%%14593</Data>\n  <Data Name=\"SourceAddress\">10.0.0.5</Data>\n  <Data Name=\"SourcePort\">62583</Data>\n  <Data Name=\"DestAddress\">168.63.129.16</Data>\n  <Data Name=\"DestPort\">80</Data>\n  <Data Name=\"Protocol\">6</Data>\n  <Data Name=\"FilterRTID\">79531</Data>\n  <Data Name=\"LayerName\">%%14611</Data>\n  <Data Name=\"LayerRTID\">48</Data>\n  <Data Name=\"RemoteUserID\">S-1-0-0</Data>\n  <Data Name=\"RemoteMachineID\">S-1-0-0</Data>\n</EventData>",
    "EventID": 5156,
    "Activity": "5156 - The Windows Filtering Platform has allowed a connection.",
    "PartitionKey": "",
    "RowKey": "",
    "StorageAccount": "",
    "AzureDeploymentID": "",
    "AzureTableName": "",
    "AccessList": "",
    "AccessMask": null,
    "HandleId": null,
    "ObjectName": "",
    "ObjectServer": "",
    "ObjectType": "",
    "OperationType": "",
    "SubjectAccount": "",
    "SubcategoryGuid": "",
    "SubcategoryId": "",
    "SubjectDomainName": "",
    "SubjectKeyIdentifier": "",
    "SubjectLogonId": null,
    "SubjectUserName": "",
    "SubjectUserSid": "",
    "SourceComputerId": "5c7f3782-1e64-f470-738c-cf904f80d3d3",
    "EventOriginId": "862c4600-b1f2-46f6-a0c5-c886f4c375e7",
    "MG": "00000000-0000-0000-0000-000000000001",
    "TimeCollected": "5/10/2021, 5:38:12.501 PM",
    "ManagementGroupName": "AOI-83c61c06-76fd-494d-990d-0805b4a177a6"
  },
  {
    "TimeGenerated": "5/10/2021, 5:36:10.057 PM",
    "Account": "",
    "AccountType": "",
    "Computer": "VM1.testenv.onmicrosoft.com",
    "EventSourceName": "Microsoft-Windows-Security-Auditing",
    "Channel": "Security",
    "Task": 1,
    "Level": 0,
    "EventData": "<EventData xmlns=\"http://schemas.microsoft.com/win/2004/08/events/event\">\n  <Data Name=\"ProcessId\">4016</Data>\n  <Data Name=\"Application\">\\device\\harddiskvolume1\\windowsazure\\guestagent_2.7.41491.1005_2020-11-17_025846\\guestagent\\windowsazureguestagent.exe</Data>\n  <Data Name=\"SourceAddress\">0.0.0.0</Data>\n  <Data Name=\"SourcePort\">62584</Data>\n  <Data Name=\"Protocol\">6</Data>\n  <Data Name=\"FilterRTID\">0</Data>\n  <Data Name=\"LayerName\">%%14608</Data>\n  <Data Name=\"LayerRTID\">36</Data>\n</EventData>",
    "EventID": 5158,
    "Activity": "5158 - The Windows Filtering Platform has permitted a bind to a local port.",
    "PartitionKey": "",
    "RowKey": "",
    "StorageAccount": "",
    "AzureDeploymentID": "",
    "AzureTableName": "",
    "AccessList": "",
    "AccessMask": null,
    "HandleId": null,
    "ObjectName": "",
    "ObjectServer": "",
    "ObjectType": "",
    "OperationType": "",
    "SubjectAccount": "",
    "SubcategoryGuid": "",
    "SubcategoryId": "",
    "SubjectDomainName": "",
    "SubjectKeyIdentifier": "",
    "SubjectLogonId": null,
    "SubjectUserName": "",
    "SubjectUserSid": "",
    "SourceComputerId": "5c7f3782-1e64-f470-738c-cf904f80d3d3",
    "EventOriginId": "862c4600-b1f2-46f6-a0c5-c886f4c375e7",
    "MG": "00000000-0000-0000-0000-000000000001",
    "TimeCollected": "5/10/2021, 5:38:12.501 PM",
    "ManagementGroupName": "AOI-83c61c06-76fd-494d-990d-0805b4a177a6"
  },
  {
    "TimeGenerated": "5/10/2021, 5:36:10.057 PM",
    "Account": "",
    "AccountType": "",
    "Computer": "VM1.testenv.onmicrosoft.com",
    "EventSourceName": "Microsoft-Windows-Security-Auditing",
    "Channel": "Security",
    "Task": 1,
    "Level": 0,
    "EventData": "<EventData xmlns=\"http://schemas.microsoft.com/win/2004/08/events/event\">\n  <Data Name=\"ProcessID\">4016</Data>\n  <Data Name=\"Application\">\\device\\harddiskvolume1\\windowsazure\\guestagent_2.7.41491.1005_2020-11-17_025846\\guestagent\\windowsazureguestagent.exe</Data>\n  <Data Name=\"Direction\">%%14593</Data>\n  <Data Name=\"SourceAddress\">10.0.0.5</Data>\n  <Data Name=\"SourcePort\">62584</Data>\n  <Data Name=\"DestAddress\">168.63.129.16</Data>\n  <Data Name=\"DestPort\">80</Data>\n  <Data Name=\"Protocol\">6</Data>\n  <Data Name=\"FilterRTID\">79531</Data>\n  <Data Name=\"LayerName\">%%14611</Data>\n  <Data Name=\"LayerRTID\">48</Data>\n  <Data Name=\"RemoteUserID\">S-1-0-0</Data>\n  <Data Name=\"RemoteMachineID\">S-1-0-0</Data>\n</EventData>",
    "EventID": 5156,
    "Activity": "5156 - The Windows Filtering Platform has allowed a connection.",
    "PartitionKey": "",
    "RowKey": "",
    "StorageAccount": "",
    "AzureDeploymentID": "",
    "AzureTableName": "",
    "AccessList": "",
    "AccessMask": null,
    "HandleId": null,
    "ObjectName": "",
    "ObjectServer": "",
    "ObjectType": "",
    "OperationType": "",
    "SubjectAccount": "",
    "SubcategoryGuid": "",
    "SubcategoryId": "",
    "SubjectDomainName": "",
    "SubjectKeyIdentifier": "",
    "SubjectLogonId": null,
    "SubjectUserName": "",
    "SubjectUserSid": "",
    "SourceComputerId": "5c7f3782-1e64-f470-738c-cf904f80d3d3",
    "EventOriginId": "862c4600-b1f2-46f6-a0c5-c886f4c375e7",
    "MG": "00000000-0000-0000-0000-000000000001",
    "TimeCollected": "5/10/2021, 5:38:12.501 PM",
    "ManagementGroupName": "AOI-83c61c06-76fd-494d-990d-0805b4a177a6"
  },
