  {
    "TimeGenerated": "5/10/2021, 5:53:37.347 PM",
    "Account": "TESTENV\\DC1$",
    "AccountType": "Machine",
    "Computer": "DC1.testenv.onmicrosoft.com",
    "EventSourceName": "Microsoft-Windows-Security-Auditing",
    "Channel": "Security",
    "Task": 1,
    "Level": 0,
    "EventData": "<EventData xmlns=\"http://schemas.microsoft.com/win/2004/08/events/event\">\n  <Data Name=\"SubjectUserSid\">S-1-5-18</Data>\n  <Data Name=\"SubjectUserName\">DC1$</Data>\n  <Data Name=\"SubjectDomainName\">TESTENV</Data>\n  <Data Name=\"SubjectLogonId\">0x3e7</Data>\n  <Data Name=\"TransactionId\">{8F78DAFE-B19B-11EB-80E0-000D3A1649E4}</Data>\n  <Data Name=\"NewState\">52</Data>\n  <Data Name=\"ResourceManager\">{684D09E3-90AD-11E6-AD9D-00155D2E6183}</Data>\n  <Data Name=\"ProcessId\">0x3bc</Data>\n  <Data Name=\"ProcessName\">C:\\Windows\\System32\\svchost.exe</Data>\n</EventData>",
    "EventID": 4985,
    "Activity": "4985 - The state of a transaction has changed.",
    "PartitionKey": "",
    "RowKey": "",
    "StorageAccount": "",
    "AzureDeploymentID": "",
    "AzureTableName": "",
    "AccessList": "",
    "AccessMask": null,
    "HandleId": null,
    "ObjectName": "",
    "ObjectServer": "",
    "ObjectType": "",
    "OperationType": "",
    "SubjectAccount": "TESTENV\\DC1$",
    "SubcategoryGuid": "",
    "SubcategoryId": "",
    "SubjectDomainName": "TESTENV",
    "SubjectKeyIdentifier": "",
    "SubjectLogonId": 30000000,
    "SubjectUserName": "DC1$",
    "SubjectUserSid": "S-1-5-18",
    "SourceComputerId": "5c7f3782-1e64-f470-738c-cf904f80d3d3",
    "EventOriginId": "c0e2c38f-750c-4e27-a68e-6e79fdbeeb86",
    "MG": "00000000-0000-0000-0000-000000000001",
    "TimeCollected": "5/10/2021, 5:54:58.567 PM",
    "ManagementGroupName": "AOI-83c61c06-76fd-494d-990d-0805b4a177a6"
  },
  {
    "TimeGenerated": "5/10/2021, 5:53:37.353 PM",
    "Account": "TESTENV\\DC1$",
    "AccountType": "Machine",
    "Computer": "DC1.testenv.onmicrosoft.com",
    "EventSourceName": "Microsoft-Windows-Security-Auditing",
    "Channel": "Security",
    "Task": 1,
    "Level": 0,
    "EventData": "<EventData xmlns=\"http://schemas.microsoft.com/win/2004/08/events/event\">\n  <Data Name=\"SubjectUserSid\">S-1-5-18</Data>\n  <Data Name=\"SubjectUserName\">DC1$</Data>\n  <Data Name=\"SubjectDomainName\">TESTENV</Data>\n  <Data Name=\"SubjectLogonId\">0x3e7</Data>\n  <Data Name=\"TransactionId\">{8F78DB00-B19B-11EB-80E0-000D3A1649E4}</Data>\n  <Data Name=\"NewState\">48</Data>\n  <Data Name=\"ResourceManager\">{684D09E3-90AD-11E6-AD9D-00155D2E6183}</Data>\n  <Data Name=\"ProcessId\">0x3bc</Data>\n  <Data Name=\"ProcessName\">C:\\Windows\\System32\\svchost.exe</Data>\n</EventData>",
    "EventID": 4985,
    "Activity": "4985 - The state of a transaction has changed.",
    "PartitionKey": "",
    "RowKey": "",
    "StorageAccount": "",
    "AzureDeploymentID": "",
    "AzureTableName": "",
    "AccessList": "",
    "AccessMask": null,
    "HandleId": null,
    "ObjectName": "",
    "ObjectServer": "",
    "ObjectType": "",
    "OperationType": "",
    "SubjectAccount": "TESTENV\\DC1$",
    "SubcategoryGuid": "",
    "SubcategoryId": "",
    "SubjectDomainName": "TESTENV",
    "SubjectKeyIdentifier": "",
    "SubjectLogonId": 30000000,
    "SubjectUserName": "DC1$",
    "SubjectUserSid": "S-1-5-18",
    "SourceComputerId": "5c7f3782-1e64-f470-738c-cf904f80d3d3",
    "EventOriginId": "c0e2c38f-750c-4e27-a68e-6e79fdbeeb86",
    "MG": "00000000-0000-0000-0000-000000000001",
    "TimeCollected": "5/10/2021, 5:54:58.567 PM",
    "ManagementGroupName": "AOI-83c61c06-76fd-494d-990d-0805b4a177a6"
  },
  {
    "TimeGenerated": "5/10/2021, 5:53:37.380 PM",
    "Account": "TESTENV\\DC1$",
    "AccountType": "Machine",
    "Computer": "DC1.testenv.onmicrosoft.com",
    "EventSourceName": "Microsoft-Windows-Security-Auditing",
    "Channel": "Security",
    "Task": 1,
    "Level": 0,
    "EventData": "<EventData xmlns=\"http://schemas.microsoft.com/win/2004/08/events/event\">\n  <Data Name=\"SubjectUserSid\">S-1-5-18</Data>\n  <Data Name=\"SubjectUserName\">DC1$</Data>\n  <Data Name=\"SubjectDomainName\">TESTENV</Data>\n  <Data Name=\"SubjectLogonId\">0x3e7</Data>\n  <Data Name=\"TransactionId\">{8F78DB00-B19B-11EB-80E0-000D3A1649E4}</Data>\n  <Data Name=\"NewState\">52</Data>\n  <Data Name=\"ResourceManager\">{684D09E3-90AD-11E6-AD9D-00155D2E6183}</Data>\n  <Data Name=\"ProcessId\">0x3bc</Data>\n  <Data Name=\"ProcessName\">C:\\Windows\\System32\\svchost.exe</Data>\n</EventData>",
    "EventID": 4985,
    "Activity": "4985 - The state of a transaction has changed.",
    "PartitionKey": "",
    "RowKey": "",
    "StorageAccount": "",
    "AzureDeploymentID": "",
    "AzureTableName": "",
    "AccessList": "",
    "AccessMask": null,
    "HandleId": null,
    "ObjectName": "",
    "ObjectServer": "",
    "ObjectType": "",
    "OperationType": "",
    "SubjectAccount": "TESTENV\\DC1$",
    "SubcategoryGuid": "",
    "SubcategoryId": "",
    "SubjectDomainName": "TESTENV",
    "SubjectKeyIdentifier": "",
    "SubjectLogonId": 30000000,
    "SubjectUserName": "DC1$",
    "SubjectUserSid": "S-1-5-18",
    "SourceComputerId": "5c7f3782-1e64-f470-738c-cf904f80d3d3",
    "EventOriginId": "c0e2c38f-750c-4e27-a68e-6e79fdbeeb86",
    "MG": "00000000-0000-0000-0000-000000000001",
    "TimeCollected": "5/10/2021, 5:54:58.567 PM",
    "ManagementGroupName": "AOI-83c61c06-76fd-494d-990d-0805b4a177a6"
  },
  {
    "TimeGenerated": "5/10/2021, 5:53:37.397 PM",
    "Account": "TESTENV\\DC1$",
    "AccountType": "Machine",
    "Computer": "DC1.testenv.onmicrosoft.com",
    "EventSourceName": "Microsoft-Windows-Security-Auditing",
    "Channel": "Security",
    "Task": 1,
    "Level": 0,
    "EventData": "<EventData xmlns=\"http://schemas.microsoft.com/win/2004/08/events/event\">\n  <Data Name=\"SubjectUserSid\">S-1-5-18</Data>\n  <Data Name=\"SubjectUserName\">DC1$</Data>\n  <Data Name=\"SubjectDomainName\">TESTENV</Data>\n  <Data Name=\"SubjectLogonId\">0x3e7</Data>\n  <Data Name=\"TransactionId\">{8F78DB06-B19B-11EB-80E0-000D3A1649E4}</Data>\n  <Data Name=\"NewState\">48</Data>\n  <Data Name=\"ResourceManager\">{684D09E3-90AD-11E6-AD9D-00155D2E6183}</Data>\n  <Data Name=\"ProcessId\">0x3bc</Data>\n  <Data Name=\"ProcessName\">C:\\Windows\\System32\\svchost.exe</Data>\n</EventData>",
    "EventID": 4985,
    "Activity": "4985 - The state of a transaction has changed.",
    "PartitionKey": "",
    "RowKey": "",
    "StorageAccount": "",
    "AzureDeploymentID": "",
    "AzureTableName": "",
    "AccessList": "",
    "AccessMask": null,
    "HandleId": null,
    "ObjectName": "",
    "ObjectServer": "",
    "ObjectType": "",
    "OperationType": "",
    "SubjectAccount": "TESTENV\\DC1$",
    "SubcategoryGuid": "",
    "SubcategoryId": "",
    "SubjectDomainName": "TESTENV",
    "SubjectKeyIdentifier": "",
    "SubjectLogonId": 30000000,
    "SubjectUserName": "DC1$",
    "SubjectUserSid": "S-1-5-18",
    "SourceComputerId": "5c7f3782-1e64-f470-738c-cf904f80d3d3",
    "EventOriginId": "c0e2c38f-750c-4e27-a68e-6e79fdbeeb86",
    "MG": "00000000-0000-0000-0000-000000000001",
    "TimeCollected": "5/10/2021, 5:54:58.567 PM",
    "ManagementGroupName": "AOI-83c61c06-76fd-494d-990d-0805b4a177a6"
  },
  {
    "TimeGenerated": "5/10/2021, 5:53:37.423 PM",
    "Account": "TESTENV\\DC1$",
    "AccountType": "Machine",
    "Computer": "DC1.testenv.onmicrosoft.com",
    "EventSourceName": "Microsoft-Windows-Security-Auditing",
    "Channel": "Security",
    "Task": 1,
    "Level": 0,
    "EventData": "<EventData xmlns=\"http://schemas.microsoft.com/win/2004/08/events/event\">\n  <Data Name=\"SubjectUserSid\">S-1-5-18</Data>\n  <Data Name=\"SubjectUserName\">DC1$</Data>\n  <Data Name=\"SubjectDomainName\">TESTENV</Data>\n  <Data Name=\"SubjectLogonId\">0x3e7</Data>\n  <Data Name=\"TransactionId\">{8F78DB06-B19B-11EB-80E0-000D3A1649E4}</Data>\n  <Data Name=\"NewState\">52</Data>\n  <Data Name=\"ResourceManager\">{684D09E3-90AD-11E6-AD9D-00155D2E6183}</Data>\n  <Data Name=\"ProcessId\">0x3bc</Data>\n  <Data Name=\"ProcessName\">C:\\Windows\\System32\\svchost.exe</Data>\n</EventData>",
    "EventID": 4985,
    "Activity": "4985 - The state of a transaction has changed.",
    "PartitionKey": "",
    "RowKey": "",
    "StorageAccount": "",
    "AzureDeploymentID": "",
    "AzureTableName": "",
    "AccessList": "",
    "AccessMask": null,
    "HandleId": null,
    "ObjectName": "",
    "ObjectServer": "",
    "ObjectType": "",
    "OperationType": "",
    "SubjectAccount": "TESTENV\\DC1$",
    "SubcategoryGuid": "",
    "SubcategoryId": "",
    "SubjectDomainName": "TESTENV",
    "SubjectKeyIdentifier": "",
    "SubjectLogonId": 30000000,
    "SubjectUserName": "DC1$",
    "SubjectUserSid": "S-1-5-18",
    "SourceComputerId": "5c7f3782-1e64-f470-738c-cf904f80d3d3",
    "EventOriginId": "c0e2c38f-750c-4e27-a68e-6e79fdbeeb86",
    "MG": "00000000-0000-0000-0000-000000000001",
    "TimeCollected": "5/10/2021, 5:54:58.567 PM",
    "ManagementGroupName": "AOI-83c61c06-76fd-494d-990d-0805b4a177a6"
  },
  {
    "TimeGenerated": "5/10/2021, 5:53:37.510 PM",
    "Account": "",
    "AccountType": "",
    "Computer": "DC1.testenv.onmicrosoft.com",
    "EventSourceName": "Service Control Manager",
    "Channel": "System",
    "Task": 1,
    "Level": 4,
    "EventData": "<EventData xmlns=\"http://schemas.microsoft.com/win/2004/08/events/event\">\n  <Data Name=\"param1\">Windows Update</Data>\n  <Data Name=\"param2\">stopped</Data>\n  <Binary>770075006100750073006500720076002F0031000000</Binary>\n</EventData>",
    "EventID": 7036,
    "Activity": "7036",
    "PartitionKey": "",
    "RowKey": "",
    "StorageAccount": "",
    "AzureDeploymentID": "",
    "AzureTableName": "",
    "AccessList": "",
    "AccessMask": null,
    "HandleId": null,
    "ObjectName": "",
    "ObjectServer": "",
    "ObjectType": "",
    "OperationType": "",
    "SubjectAccount": "",
    "SubcategoryGuid": "",
    "SubcategoryId": "",
    "SubjectDomainName": "",
    "SubjectKeyIdentifier": "",
    "SubjectLogonId": null,
    "SubjectUserName": "",
    "SubjectUserSid": "",
    "SourceComputerId": "5c7f3782-1e64-f470-738c-cf904f80d3d3",
    "EventOriginId": "c0e2c38f-750c-4e27-a68e-6e79fdbeeb86",
    "MG": "00000000-0000-0000-0000-000000000001",
    "TimeCollected": "5/10/2021, 5:54:58.567 PM",
    "ManagementGroupName": "AOI-83c61c06-76fd-494d-990d-0805b4a177a6"
  },
  {
    "TimeGenerated": "5/10/2021, 5:53:40.277 PM",
    "Account": "",
    "AccountType": "",
    "Computer": "DC1.testenv.onmicrosoft.com",
    "EventSourceName": "Service Control Manager",
    "Channel": "System",
    "Task": 1,
    "Level": 2,
    "EventData": "<EventData xmlns=\"http://schemas.microsoft.com/win/2004/08/events/event\">\n  <Data Name=\"param1\">Microsoft Advanced Threat Analytics Center</Data>\n  <Data Name=\"param2\">2039935</Data>\n  <Data Name=\"param3\">5000</Data>\n  <Data Name=\"param4\">1</Data>\n  <Data Name=\"param5\">Restart the service</Data>\n  <Binary>410054004100430065006E007400650072000000</Binary>\n</EventData>",
    "EventID": 7031,
    "Activity": "7031",
    "PartitionKey": "",
    "RowKey": "",
    "StorageAccount": "",
    "AzureDeploymentID": "",
    "AzureTableName": "",
    "AccessList": "",
    "AccessMask": null,
    "HandleId": null,
    "ObjectName": "",
    "ObjectServer": "",
    "ObjectType": "",
    "OperationType": "",
    "SubjectAccount": "",
    "SubcategoryGuid": "",
    "SubcategoryId": "",
    "SubjectDomainName": "",
    "SubjectKeyIdentifier": "",
    "SubjectLogonId": null,
    "SubjectUserName": "",
    "SubjectUserSid": "",
    "SourceComputerId": "5c7f3782-1e64-f470-738c-cf904f80d3d3",
    "EventOriginId": "c0e2c38f-750c-4e27-a68e-6e79fdbeeb86",
    "MG": "00000000-0000-0000-0000-000000000001",
    "TimeCollected": "5/10/2021, 5:54:58.567 PM",
    "ManagementGroupName": "AOI-83c61c06-76fd-494d-990d-0805b4a177a6"
  }
]