  {
    "TimeGenerated": "5/10/2021, 5:33:09.913 PM",
    "Account": "",
    "AccountType": "",
    "Computer": "DC1.testenv.onmicrosoft.com",
    "EventSourceName": "Service Control Manager",
    "Channel": "System",
    "Task": 1,
    "Level": 2,
    "EventData": "<EventData xmlns=\"http://schemas.microsoft.com/win/2004/08/events/event\">\n  <Data Name=\"param1\">Microsoft Advanced Threat Analytics Center</Data>\n  <Data Name=\"param2\">2039770</Data>\n  <Data Name=\"param3\">5000</Data>\n  <Data Name=\"param4\">1</Data>\n  <Data Name=\"param5\">Restart the service</Data>\n  <Binary>410054004100430065006E007400650072000000</Binary>\n</EventData>",
    "EventID": 7031,
    "Activity": "7031",
    "PartitionKey": "",
    "RowKey": "",
    "StorageAccount": "",
    "AzureDeploymentID": "",
    "AzureTableName": "",
    "AccessList": "",
    "AccessMask": null,
    "HandleId": null,
    "ObjectName": "",
    "ObjectServer": "",
    "ObjectType": "",
    "OperationType": "",
    "SubjectAccount": "",
    "SubcategoryGuid": "",
    "SubcategoryId": "",
    "SubjectDomainName": "",
    "SubjectKeyIdentifier": "",
    "SubjectLogonId": null,
    "SubjectUserName": "",
    "SubjectUserSid": "",
    "SourceComputerId": "5c7f3782-1e64-f470-738c-cf904f80d3d3",
    "EventOriginId": "c0e2c38f-750c-4e27-a68e-6e79fdbeeb86",
    "MG": "00000000-0000-0000-0000-000000000001",
    "TimeCollected": "5/10/2021, 5:34:58.326 PM",
    "ManagementGroupName": "AOI-83c61c06-76fd-494d-990d-0805b4a177a6"
  },
  {
    "TimeGenerated": "5/10/2021, 5:33:11.983 PM",
    "Account": "",
    "AccountType": "",
    "Computer": "DC1.testenv.onmicrosoft.com",
    "EventSourceName": "Service Control Manager",
    "Channel": "System",
    "Task": 1,
    "Level": 2,
    "EventData": "<EventData xmlns=\"http://schemas.microsoft.com/win/2004/08/events/event\">\n  <Data Name=\"param1\">Microsoft Advanced Threat Analytics Gateway Updater</Data>\n  <Data Name=\"param2\">1828427</Data>\n  <Data Name=\"param3\">5000</Data>\n  <Data Name=\"param4\">1</Data>\n  <Data Name=\"param5\">Restart the service</Data>\n  <Binary>410054004100470061007400650077006100790055007000640061007400650072000000</Binary>\n</EventData>",
    "EventID": 7031,
    "Activity": "7031",
    "PartitionKey": "",
    "RowKey": "",
    "StorageAccount": "",
    "AzureDeploymentID": "",
    "AzureTableName": "",
    "AccessList": "",
    "AccessMask": null,
    "HandleId": null,
    "ObjectName": "",
    "ObjectServer": "",
    "ObjectType": "",
    "OperationType": "",
    "SubjectAccount": "",
    "SubcategoryGuid": "",
    "SubcategoryId": "",
    "SubjectDomainName": "",
    "SubjectKeyIdentifier": "",
    "SubjectLogonId": null,
    "SubjectUserName": "",
    "SubjectUserSid": "",
    "SourceComputerId": "5c7f3782-1e64-f470-738c-cf904f80d3d3",
    "EventOriginId": "c0e2c38f-750c-4e27-a68e-6e79fdbeeb86",
    "MG": "00000000-0000-0000-0000-000000000001",
    "TimeCollected": "5/10/2021, 5:34:58.326 PM",
    "ManagementGroupName": "AOI-83c61c06-76fd-494d-990d-0805b4a177a6"
  },
  {
    "TimeGenerated": "5/10/2021, 5:33:17.333 PM",
    "Account": "",
    "AccountType": "",
    "Computer": "DC1.testenv.onmicrosoft.com",
    "EventSourceName": "Service Control Manager",
    "Channel": "System",
    "Task": 1,
    "Level": 2,
    "EventData": "<EventData xmlns=\"http://schemas.microsoft.com/win/2004/08/events/event\">\n  <Data Name=\"param1\">Microsoft Advanced Threat Analytics Center</Data>\n  <Data Name=\"param2\">2039771</Data>\n  <Data Name=\"param3\">5000</Data>\n  <Data Name=\"param4\">1</Data>\n  <Data Name=\"param5\">Restart the service</Data>\n  <Binary>410054004100430065006E007400650072000000</Binary>\n</EventData>",
    "EventID": 7031,
    "Activity": "7031",
    "PartitionKey": "",
    "RowKey": "",
    "StorageAccount": "",
    "AzureDeploymentID": "",
    "AzureTableName": "",
    "AccessList": "",
    "AccessMask": null,
    "HandleId": null,
    "ObjectName": "",
    "ObjectServer": "",
    "ObjectType": "",
    "OperationType": "",
    "SubjectAccount": "",
    "SubcategoryGuid": "",
    "SubcategoryId": "",
    "SubjectDomainName": "",
    "SubjectKeyIdentifier": "",
    "SubjectLogonId": null,
    "SubjectUserName": "",
    "SubjectUserSid": "",
    "SourceComputerId": "5c7f3782-1e64-f470-738c-cf904f80d3d3",
    "EventOriginId": "c0e2c38f-750c-4e27-a68e-6e79fdbeeb86",
    "MG": "00000000-0000-0000-0000-000000000001",
    "TimeCollected": "5/10/2021, 5:34:58.326 PM",
    "ManagementGroupName": "AOI-83c61c06-76fd-494d-990d-0805b4a177a6"
  },
  {
    "TimeGenerated": "5/10/2021, 5:33:20.200 PM",
    "Account": "",
    "AccountType": "",
    "Computer": "DC1.testenv.onmicrosoft.com",
    "EventSourceName": "Service Control Manager",
    "Channel": "System",
    "Task": 1,
    "Level": 2,
    "EventData": "<EventData xmlns=\"http://schemas.microsoft.com/win/2004/08/events/event\">\n  <Data Name=\"param1\">Microsoft Advanced Threat Analytics Gateway Updater</Data>\n  <Data Name=\"param2\">1828428</Data>\n  <Data Name=\"param3\">5000</Data>\n  <Data Name=\"param4\">1</Data>\n  <Data Name=\"param5\">Restart the service</Data>\n  <Binary>410054004100470061007400650077006100790055007000640061007400650072000000</Binary>\n</EventData>",
    "EventID": 7031,
    "Activity": "7031",
    "PartitionKey": "",
    "RowKey": "",
    "StorageAccount": "",
    "AzureDeploymentID": "",
    "AzureTableName": "",
    "AccessList": "",
    "AccessMask": null,
    "HandleId": null,
    "ObjectName": "",
    "ObjectServer": "",
    "ObjectType": "",
    "OperationType": "",
    "SubjectAccount": "",
    "SubcategoryGuid": "",
    "SubcategoryId": "",
    "SubjectDomainName": "",
    "SubjectKeyIdentifier": "",
    "SubjectLogonId": null,
    "SubjectUserName": "",
    "SubjectUserSid": "",
    "SourceComputerId": "5c7f3782-1e64-f470-738c-cf904f80d3d3",
    "EventOriginId": "c0e2c38f-750c-4e27-a68e-6e79fdbeeb86",
    "MG": "00000000-0000-0000-0000-000000000001",
    "TimeCollected": "5/10/2021, 5:34:58.326 PM",
    "ManagementGroupName": "AOI-83c61c06-76fd-494d-990d-0805b4a177a6"
  },
  {
    "TimeGenerated": "5/10/2021, 5:33:25.023 PM",
    "Account": "",
    "AccountType": "",
    "Computer": "DC1.testenv.onmicrosoft.com",
    "EventSourceName": "Service Control Manager",
    "Channel": "System",
    "Task": 1,
    "Level": 2,
    "EventData": "<EventData xmlns=\"http://schemas.microsoft.com/win/2004/08/events/event\">\n  <Data Name=\"param1\">Microsoft Advanced Threat Analytics Center</Data>\n  <Data Name=\"param2\">2039772</Data>\n  <Data Name=\"param3\">5000</Data>\n  <Data Name=\"param4\">1</Data>\n  <Data Name=\"param5\">Restart the service</Data>\n  <Binary>410054004100430065006E007400650072000000</Binary>\n</EventData>",
    "EventID": 7031,
    "Activity": "7031",
    "PartitionKey": "",
    "RowKey": "",
    "StorageAccount": "",
    "AzureDeploymentID": "",
    "AzureTableName": "",
    "AccessList": "",
    "AccessMask": null,
    "HandleId": null,
    "ObjectName": "",
    "ObjectServer": "",
    "ObjectType": "",
    "OperationType": "",
    "SubjectAccount": "",
    "SubcategoryGuid": "",
    "SubcategoryId": "",
    "SubjectDomainName": "",
    "SubjectKeyIdentifier": "",
    "SubjectLogonId": null,
    "SubjectUserName": "",
    "SubjectUserSid": "",
    "SourceComputerId": "5c7f3782-1e64-f470-738c-cf904f80d3d3",
    "EventOriginId": "c0e2c38f-750c-4e27-a68e-6e79fdbeeb86",
    "MG": "00000000-0000-0000-0000-000000000001",
    "TimeCollected": "5/10/2021, 5:34:58.326 PM",
    "ManagementGroupName": "AOI-83c61c06-76fd-494d-990d-0805b4a177a6"
  },
  {
    "TimeGenerated": "5/10/2021, 5:33:28.490 PM",
    "Account": "",
    "AccountType": "",
    "Computer": "DC1.testenv.onmicrosoft.com",
    "EventSourceName": "Service Control Manager",
    "Channel": "System",
    "Task": 1,
    "Level": 2,
    "EventData": "<EventData xmlns=\"http://schemas.microsoft.com/win/2004/08/events/event\">\n  <Data Name=\"param1\">Microsoft Advanced Threat Analytics Gateway Updater</Data>\n  <Data Name=\"param2\">1828429</Data>\n  <Data Name=\"param3\">5000</Data>\n  <Data Name=\"param4\">1</Data>\n  <Data Name=\"param5\">Restart the service</Data>\n  <Binary>410054004100470061007400650077006100790055007000640061007400650072000000</Binary>\n</EventData>",
    "EventID": 7031,
    "Activity": "7031",
    "PartitionKey": "",
    "RowKey": "",
    "StorageAccount": "",
    "AzureDeploymentID": "",
    "AzureTableName": "",
    "AccessList": "",
    "AccessMask": null,
    "HandleId": null,
    "ObjectName": "",
    "ObjectServer": "",
    "ObjectType": "",
    "OperationType": "",
    "SubjectAccount": "",
    "SubcategoryGuid": "",
    "SubcategoryId": "",
    "SubjectDomainName": "",
    "SubjectKeyIdentifier": "",
    "SubjectLogonId": null,
    "SubjectUserName": "",
    "SubjectUserSid": "",
    "SourceComputerId": "5c7f3782-1e64-f470-738c-cf904f80d3d3",
    "EventOriginId": "c0e2c38f-750c-4e27-a68e-6e79fdbeeb86",
    "MG": "00000000-0000-0000-0000-000000000001",
    "TimeCollected": "5/10/2021, 5:34:58.326 PM",
    "ManagementGroupName": "AOI-83c61c06-76fd-494d-990d-0805b4a177a6"
  },
  {
    "TimeGenerated": "5/10/2021, 5:33:32.433 PM",
    "Account": "",
    "AccountType": "",
    "Computer": "DC1.testenv.onmicrosoft.com",
    "EventSourceName": "Service Control Manager",
    "Channel": "System",
    "Task": 1,
    "Level": 2,
    "EventData": "<EventData xmlns=\"http://schemas.microsoft.com/win/2004/08/events/event\">\n  <Data Name=\"param1\">Microsoft Advanced Threat Analytics Center</Data>\n  <Data Name=\"param2\">2039773</Data>\n  <Data Name=\"param3\">5000</Data>\n  <Data Name=\"param4\">1</Data>\n  <Data Name=\"param5\">Restart the service</Data>\n  <Binary>410054004100430065006E007400650072000000</Binary>\n</EventData>",
    "EventID": 7031,
    "Activity": "7031",
    "PartitionKey": "",
    "RowKey": "",
    "StorageAccount": "",
    "AzureDeploymentID": "",
    "AzureTableName": "",
    "AccessList": "",
    "AccessMask": null,
    "HandleId": null,
    "ObjectName": "",
    "ObjectServer": "",
    "ObjectType": "",
    "OperationType": "",
    "SubjectAccount": "",
    "SubcategoryGuid": "",
    "SubcategoryId": "",
    "SubjectDomainName": "",
    "SubjectKeyIdentifier": "",
    "SubjectLogonId": null,
    "SubjectUserName": "",
    "SubjectUserSid": "",
    "SourceComputerId": "5c7f3782-1e64-f470-738c-cf904f80d3d3",
    "EventOriginId": "c0e2c38f-750c-4e27-a68e-6e79fdbeeb86",
    "MG": "00000000-0000-0000-0000-000000000001",
    "TimeCollected": "5/10/2021, 5:34:58.326 PM",
    "ManagementGroupName": "AOI-83c61c06-76fd-494d-990d-0805b4a177a6"
  },
  {
    "TimeGenerated": "5/10/2021, 5:33:36.737 PM",
    "Account": "",
    "AccountType": "",
    "Computer": "DC1.testenv.onmicrosoft.com",
    "EventSourceName": "Service Control Manager",
    "Channel": "System",
    "Task": 1,
    "Level": 2,
    "EventData": "<EventData xmlns=\"http://schemas.microsoft.com/win/2004/08/events/event\">\n  <Data Name=\"param1\">Microsoft Advanced Threat Analytics Gateway Updater</Data>\n  <Data Name=\"param2\">1828430</Data>\n  <Data Name=\"param3\">5000</Data>\n  <Data Name=\"param4\">1</Data>\n  <Data Name=\"param5\">Restart the service</Data>\n  <Binary>410054004100470061007400650077006100790055007000640061007400650072000000</Binary>\n</EventData>",
    "EventID": 7031,
    "Activity": "7031",
    "PartitionKey": "",
    "RowKey": "",
    "StorageAccount": "",
    "AzureDeploymentID": "",
    "AzureTableName": "",
    "AccessList": "",
    "AccessMask": null,
    "HandleId": null,
    "ObjectName": "",
    "ObjectServer": "",
    "ObjectType": "",
    "OperationType": "",
    "SubjectAccount": "",
    "SubcategoryGuid": "",
    "SubcategoryId": "",
    "SubjectDomainName": "",
    "SubjectKeyIdentifier": "",
    "SubjectLogonId": null,
    "SubjectUserName": "",
    "SubjectUserSid": "",
    "SourceComputerId": "5c7f3782-1e64-f470-738c-cf904f80d3d3",
    "EventOriginId": "c0e2c38f-750c-4e27-a68e-6e79fdbeeb86",
    "MG": "00000000-0000-0000-0000-000000000001",
    "TimeCollected": "5/10/2021, 5:34:58.326 PM",
    "ManagementGroupName": "AOI-83c61c06-76fd-494d-990d-0805b4a177a6"
  },
  {
    "TimeGenerated": "5/10/2021, 5:33:39.857 PM",
    "Account": "",
    "AccountType": "",
    "Computer": "DC1.testenv.onmicrosoft.com",
    "EventSourceName": "Service Control Manager",
    "Channel": "System",
    "Task": 1,
    "Level": 2,
    "EventData": "<EventData xmlns=\"http://schemas.microsoft.com/win/2004/08/events/event\">\n  <Data Name=\"param1\">Microsoft Advanced Threat Analytics Center</Data>\n  <Data Name=\"param2\">2039774</Data>\n  <Data Name=\"param3\">5000</Data>\n  <Data Name=\"param4\">1</Data>\n  <Data Name=\"param5\">Restart the service</Data>\n  <Binary>410054004100430065006E007400650072000000</Binary>\n</EventData>",
    "EventID": 7031,
    "Activity": "7031",
    "PartitionKey": "",
    "RowKey": "",
    "StorageAccount": "",
    "AzureDeploymentID": "",
    "AzureTableName": "",
    "AccessList": "",
    "AccessMask": null,
    "HandleId": null,
    "ObjectName": "",
    "ObjectServer": "",
    "ObjectType": "",
    "OperationType": "",
    "SubjectAccount": "",
    "SubcategoryGuid": "",
    "SubcategoryId": "",
    "SubjectDomainName": "",
    "SubjectKeyIdentifier": "",
    "SubjectLogonId": null,
    "SubjectUserName": "",
    "SubjectUserSid": "",
    "SourceComputerId": "5c7f3782-1e64-f470-738c-cf904f80d3d3",
    "EventOriginId": "c0e2c38f-750c-4e27-a68e-6e79fdbeeb86",
    "MG": "00000000-0000-0000-0000-000000000001",
    "TimeCollected": "5/10/2021, 5:34:58.326 PM",
    "ManagementGroupName": "AOI-83c61c06-76fd-494d-990d-0805b4a177a6"
  },
  {
    "TimeGenerated": "5/10/2021, 5:33:45.087 PM",
    "Account": "",
    "AccountType": "",
    "Computer": "DC1.testenv.onmicrosoft.com",
    "EventSourceName": "Service Control Manager",
    "Channel": "System",
    "Task": 1,
    "Level": 2,
    "EventData": "<EventData xmlns=\"http://schemas.microsoft.com/win/2004/08/events/event\">\n  <Data Name=\"param1\">Microsoft Advanced Threat Analytics Gateway Updater</Data>\n  <Data Name=\"param2\">1828431</Data>\n  <Data Name=\"param3\">5000</Data>\n  <Data Name=\"param4\">1</Data>\n  <Data Name=\"param5\">Restart the service</Data>\n  <Binary>410054004100470061007400650077006100790055007000640061007400650072000000</Binary>\n</EventData>",
    "EventID": 7031,
    "Activity": "7031",
    "PartitionKey": "",
    "RowKey": "",
    "StorageAccount": "",
    "AzureDeploymentID": "",
    "AzureTableName": "",
    "AccessList": "",
    "AccessMask": null,
    "HandleId": null,
    "ObjectName": "",
    "ObjectServer": "",
    "ObjectType": "",
    "OperationType": "",
    "SubjectAccount": "",
    "SubcategoryGuid": "",
    "SubcategoryId": "",
    "SubjectDomainName": "",
    "SubjectKeyIdentifier": "",
    "SubjectLogonId": null,
    "SubjectUserName": "",
    "SubjectUserSid": "",
    "SourceComputerId": "5c7f3782-1e64-f470-738c-cf904f80d3d3",
    "EventOriginId": "c0e2c38f-750c-4e27-a68e-6e79fdbeeb86",
    "MG": "00000000-0000-0000-0000-000000000001",
    "TimeCollected": "5/10/2021, 5:34:58.326 PM",
    "ManagementGroupName": "AOI-83c61c06-76fd-494d-990d-0805b4a177a6"
  },
  {
    "TimeGenerated": "5/10/2021, 5:33:47.303 PM",
    "Account": "",
    "AccountType": "",
    "Computer": "DC1.testenv.onmicrosoft.com",
    "EventSourceName": "Service Control Manager",
    "Channel": "System",
    "Task": 1,
    "Level": 2,
    "EventData": "<EventData xmlns=\"http://schemas.microsoft.com/win/2004/08/events/event\">\n  <Data Name=\"param1\">Microsoft Advanced Threat Analytics Center</Data>\n  <Data Name=\"param2\">2039775</Data>\n  <Data Name=\"param3\">5000</Data>\n  <Data Name=\"param4\">1</Data>\n  <Data Name=\"param5\">Restart the service</Data>\n  <Binary>410054004100430065006E007400650072000000</Binary>\n</EventData>",
    "EventID": 7031,
    "Activity": "7031",
    "PartitionKey": "",
    "RowKey": "",
    "StorageAccount": "",
    "AzureDeploymentID": "",
    "AzureTableName": "",
    "AccessList": "",
    "AccessMask": null,
    "HandleId": null,
    "ObjectName": "",
    "ObjectServer": "",
    "ObjectType": "",
    "OperationType": "",
    "SubjectAccount": "",
    "SubcategoryGuid": "",
    "SubcategoryId": "",
    "SubjectDomainName": "",
    "SubjectKeyIdentifier": "",
    "SubjectLogonId": null,
    "SubjectUserName": "",
    "SubjectUserSid": "",
    "SourceComputerId": "5c7f3782-1e64-f470-738c-cf904f80d3d3",
    "EventOriginId": "c0e2c38f-750c-4e27-a68e-6e79fdbeeb86",
    "MG": "00000000-0000-0000-0000-000000000001",
    "TimeCollected": "5/10/2021, 5:34:58.326 PM",
    "ManagementGroupName": "AOI-83c61c06-76fd-494d-990d-0805b4a177a6"
  },
  {
    "TimeGenerated": "5/10/2021, 5:33:53.330 PM",
    "Account": "",
    "AccountType": "",
    "Computer": "DC1.testenv.onmicrosoft.com",
    "EventSourceName": "Service Control Manager",
    "Channel": "System",
    "Task": 1,
    "Level": 2,
    "EventData": "<EventData xmlns=\"http://schemas.microsoft.com/win/2004/08/events/event\">\n  <Data Name=\"param1\">Microsoft Advanced Threat Analytics Gateway Updater</Data>\n  <Data Name=\"param2\">1828432</Data>\n  <Data Name=\"param3\">5000</Data>\n  <Data Name=\"param4\">1</Data>\n  <Data Name=\"param5\">Restart the service</Data>\n  <Binary>410054004100470061007400650077006100790055007000640061007400650072000000</Binary>\n</EventData>",
    "EventID": 7031,
    "Activity": "7031",
    "PartitionKey": "",
    "RowKey": "",
    "StorageAccount": "",
    "AzureDeploymentID": "",
    "AzureTableName": "",
    "AccessList": "",
    "AccessMask": null,
    "HandleId": null,
    "ObjectName": "",
    "ObjectServer": "",
    "ObjectType": "",
    "OperationType": "",
    "SubjectAccount": "",
    "SubcategoryGuid": "",
    "SubcategoryId": "",
    "SubjectDomainName": "",
    "SubjectKeyIdentifier": "",
    "SubjectLogonId": null,
    "SubjectUserName": "",
    "SubjectUserSid": "",
    "SourceComputerId": "5c7f3782-1e64-f470-738c-cf904f80d3d3",
    "EventOriginId": "c0e2c38f-750c-4e27-a68e-6e79fdbeeb86",
    "MG": "00000000-0000-0000-0000-000000000001",
    "TimeCollected": "5/10/2021, 5:34:58.326 PM",
    "ManagementGroupName": "AOI-83c61c06-76fd-494d-990d-0805b4a177a6"
  },
  {
    "TimeGenerated": "5/10/2021, 5:33:54.743 PM",
    "Account": "",
    "AccountType": "",
    "Computer": "DC1.testenv.onmicrosoft.com",
    "EventSourceName": "Service Control Manager",
    "Channel": "System",
    "Task": 1,
    "Level": 2,
    "EventData": "<EventData xmlns=\"http://schemas.microsoft.com/win/2004/08/events/event\">\n  <Data Name=\"param1\">Microsoft Advanced Threat Analytics Center</Data>\n  <Data Name=\"param2\">2039776</Data>\n  <Data Name=\"param3\">5000</Data>\n  <Data Name=\"param4\">1</Data>\n  <Data Name=\"param5\">Restart the service</Data>\n  <Binary>410054004100430065006E007400650072000000</Binary>\n</EventData>",
    "EventID": 7031,
    "Activity": "7031",
    "PartitionKey": "",
    "RowKey": "",
    "StorageAccount": "",
    "AzureDeploymentID": "",
    "AzureTableName": "",
    "AccessList": "",
    "AccessMask": null,
    "HandleId": null,
    "ObjectName": "",
    "ObjectServer": "",
    "ObjectType": "",
    "OperationType": "",
    "SubjectAccount": "",
    "SubcategoryGuid": "",
    "SubcategoryId": "",
    "SubjectDomainName": "",
    "SubjectKeyIdentifier": "",
    "SubjectLogonId": null,
    "SubjectUserName": "",
    "SubjectUserSid": "",
    "SourceComputerId": "5c7f3782-1e64-f470-738c-cf904f80d3d3",
    "EventOriginId": "c0e2c38f-750c-4e27-a68e-6e79fdbeeb86",
    "MG": "00000000-0000-0000-0000-000000000001",
    "TimeCollected": "5/10/2021, 5:34:58.326 PM",
    "ManagementGroupName": "AOI-83c61c06-76fd-494d-990d-0805b4a177a6"
  },
  {
    "TimeGenerated": "5/10/2021, 5:34:52.000 PM",
    "Account": "WORKGROUP\\MyVm$",
    "AccountType": "Machine",
    "Computer": "MyVm",
    "EventSourceName": "Microsoft-Windows-Security-Auditing",
    "Channel": "Security",
    "Task": 13312,
    "Level": 8,
    "EventData": "",
    "EventID": 4688,
    "Activity": "4688 - A new process has been created.",
    "PartitionKey": "",
    "RowKey": "",
    "StorageAccount": "",
    "AzureDeploymentID": "",
    "AzureTableName": "",
    "AccessList": "",
    "AccessMask": null,
    "HandleId": null,
    "ObjectName": "",
    "ObjectServer": "",
    "ObjectType": "",
    "OperationType": "",
    "SubjectAccount": "WORKGROUP\\MyVm$",
    "SubcategoryGuid": "",
    "SubcategoryId": "",
    "SubjectDomainName": "WORKGROUP",
    "SubjectKeyIdentifier": "",
    "SubjectLogonId": 30000000,
    "SubjectUserName": "MyVm$",
    "SubjectUserSid": "S-1-5-18",
    "SourceComputerId": "353219d8-904e-483d-86b5-dc9ab6099459",
    "EventOriginId": "a6206e82-1a93-449e-88df-2525de6b4d34",
    "MG": "00000000-0000-0000-0000-000000000001",
    "TimeCollected": "5/10/2021, 5:35:23.845 PM",
    "ManagementGroupName": "AOI-83c61c06-76fd-494d-990d-0805b4a177a6"
  },
  {
    "TimeGenerated": "5/10/2021, 5:34:52.007 PM",
    "Account": "WORKGROUP\\MyVm$",
    "AccountType": "Machine",
    "Computer": "MyVm",
    "EventSourceName": "Microsoft-Windows-Security-Auditing",
    "Channel": "Security",
    "Task": 13312,
    "Level": 8,
    "EventData": "",
    "EventID": 4688,
    "Activity": "4688 - A new process has been created.",
    "PartitionKey": "",
    "RowKey": "",
    "StorageAccount": "",
    "AzureDeploymentID": "",
    "AzureTableName": "",
    "AccessList": "",
    "AccessMask": null,
    "HandleId": null,
    "ObjectName": "",
    "ObjectServer": "",
    "ObjectType": "",
    "OperationType": "",
    "SubjectAccount": "WORKGROUP\\MyVm$",
    "SubcategoryGuid": "",
    "SubcategoryId": "",
    "SubjectDomainName": "WORKGROUP",
    "SubjectKeyIdentifier": "",
    "SubjectLogonId": 30000000,
    "SubjectUserName": "MyVm$",
    "SubjectUserSid": "S-1-5-18",
    "SourceComputerId": "353219d8-904e-483d-86b5-dc9ab6099459",
    "EventOriginId": "cf66d3aa-dca7-46f5-ae92-e568b0376b8a",
    "MG": "00000000-0000-0000-0000-000000000001",
    "TimeCollected": "5/10/2021, 5:35:23.845 PM",
    "ManagementGroupName": "AOI-83c61c06-76fd-494d-990d-0805b4a177a6"
  },
  {
    "TimeGenerated": "5/10/2021, 5:38:01.657 PM",
    "Account": "",
    "AccountType": "",
    "Computer": "VM1.testenv.onmicrosoft.com",
    "EventSourceName": "Microsoft-Windows-Security-Auditing",
    "Channel": "Security",
    "Task": 1,
    "Level": 0,
    "EventData": "<EventData xmlns=\"http://schemas.microsoft.com/win/2004/08/events/event\">\n  <Data Name=\"ProcessId\">2856</Data>\n  <Data Name=\"Application\">\\device\\harddiskvolume1\\windowsazure\\guestagent_2.7.41491.1005_2020-11-17_025846\\waappagent.exe</Data>\n  <Data Name=\"SourceAddress\">0.0.0.0</Data>\n  <Data Name=\"SourcePort\">62598</Data>\n  <Data Name=\"Protocol\">6</Data>\n  <Data Name=\"FilterRTID\">0</Data>\n  <Data Name=\"LayerName\">%%14608</Data>\n  <Data Name=\"LayerRTID\">36</Data>\n</EventData>",
    "EventID": 5158,
    "Activity": "5158 - The Windows Filtering Platform has permitted a bind to a local port.",
    "PartitionKey": "",
    "RowKey": "",
    "StorageAccount": "",
    "AzureDeploymentID": "",
    "AzureTableName": "",
    "AccessList": "",
    "AccessMask": null,
    "HandleId": null,
    "ObjectName": "",
    "ObjectServer": "",
    "ObjectType": "",
    "OperationType": "",
    "SubjectAccount": "",
    "SubcategoryGuid": "",
    "SubcategoryId": "",
    "SubjectDomainName": "",
    "SubjectKeyIdentifier": "",
    "SubjectLogonId": null,
    "SubjectUserName": "",
    "SubjectUserSid": "",
    "SourceComputerId": "5c7f3782-1e64-f470-738c-cf904f80d3d3",
    "EventOriginId": "862c4600-b1f2-46f6-a0c5-c886f4c375e7",
    "MG": "00000000-0000-0000-0000-000000000001",
    "TimeCollected": "5/10/2021, 5:40:12.479 PM",
    "ManagementGroupName": "AOI-83c61c06-76fd-494d-990d-0805b4a177a6"
  },
  {
    "TimeGenerated": "5/10/2021, 5:38:01.657 PM",
    "Account": "",
    "AccountType": "",
    "Computer": "VM1.testenv.onmicrosoft.com",
    "EventSourceName": "Microsoft-Windows-Security-Auditing",
    "Channel": "Security",
    "Task": 1,
    "Level": 0,
    "EventData": "<EventData xmlns=\"http://schemas.microsoft.com/win/2004/08/events/event\">\n  <Data Name=\"ProcessID\">2856</Data>\n  <Data Name=\"Application\">\\device\\harddiskvolume1\\windowsazure\\guestagent_2.7.41491.1005_2020-11-17_025846\\waappagent.exe</Data>\n  <Data Name=\"Direction\">%%14593</Data>\n  <Data Name=\"SourceAddress\">10.0.0.5</Data>\n  <Data Name=\"SourcePort\">62598</Data>\n  <Data Name=\"DestAddress\">168.63.129.16</Data>\n  <Data Name=\"DestPort\">80</Data>\n  <Data Name=\"Protocol\">6</Data>\n  <Data Name=\"FilterRTID\">79531</Data>\n  <Data Name=\"LayerName\">%%14611</Data>\n  <Data Name=\"LayerRTID\">48</Data>\n  <Data Name=\"RemoteUserID\">S-1-0-0</Data>\n  <Data Name=\"RemoteMachineID\">S-1-0-0</Data>\n</EventData>",
    "EventID": 5156,
    "Activity": "5156 - The Windows Filtering Platform has allowed a connection.",
    "PartitionKey": "",
    "RowKey": "",
    "StorageAccount": "",
    "AzureDeploymentID": "",
    "AzureTableName": "",
    "AccessList": "",
    "AccessMask": null,
    "HandleId": null,
    "ObjectName": "",
    "ObjectServer": "",
    "ObjectType": "",
    "OperationType": "",
    "SubjectAccount": "",
    "SubcategoryGuid": "",
    "SubcategoryId": "",
    "SubjectDomainName": "",
    "SubjectKeyIdentifier": "",
    "SubjectLogonId": null,
    "SubjectUserName": "",
    "SubjectUserSid": "",
    "SourceComputerId": "5c7f3782-1e64-f470-738c-cf904f80d3d3",
    "EventOriginId": "862c4600-b1f2-46f6-a0c5-c886f4c375e7",
    "MG": "00000000-0000-0000-0000-000000000001",
    "TimeCollected": "5/10/2021, 5:40:12.479 PM",
    "ManagementGroupName": "AOI-83c61c06-76fd-494d-990d-0805b4a177a6"
  },
  {
    "TimeGenerated": "5/10/2021, 5:38:08.117 PM",
    "Account": "",
    "AccountType": "",
    "Computer": "VM1.testenv.onmicrosoft.com",
    "EventSourceName": "Microsoft-Windows-Security-Auditing",
    "Channel": "Security",
    "Task": 1,
    "Level": 0,
    "EventData": "<EventData xmlns=\"http://schemas.microsoft.com/win/2004/08/events/event\">\n  <Data Name=\"ProcessId\">4016</Data>\n  <Data Name=\"Application\">\\device\\harddiskvolume1\\windowsazure\\guestagent_2.7.41491.1005_2020-11-17_025846\\guestagent\\windowsazureguestagent.exe</Data>\n  <Data Name=\"SourceAddress\">0.0.0.0</Data>\n  <Data Name=\"SourcePort\">62599</Data>\n  <Data Name=\"Protocol\">6</Data>\n  <Data Name=\"FilterRTID\">0</Data>\n  <Data Name=\"LayerName\">%%14608</Data>\n  <Data Name=\"LayerRTID\">36</Data>\n</EventData>",
    "EventID": 5158,
    "Activity": "5158 - The Windows Filtering Platform has permitted a bind to a local port.",
    "PartitionKey": "",
    "RowKey": "",
    "StorageAccount": "",
    "AzureDeploymentID": "",
    "AzureTableName": "",
    "AccessList": "",
    "AccessMask": null,
    "HandleId": null,
    "ObjectName": "",
    "ObjectServer": "",
    "ObjectType": "",
    "OperationType": "",
    "SubjectAccount": "",
    "SubcategoryGuid": "",
    "SubcategoryId": "",
    "SubjectDomainName": "",
    "SubjectKeyIdentifier": "",
    "SubjectLogonId": null,
    "SubjectUserName": "",
    "SubjectUserSid": "",
    "SourceComputerId": "5c7f3782-1e64-f470-738c-cf904f80d3d3",
    "EventOriginId": "862c4600-b1f2-46f6-a0c5-c886f4c375e7",
    "MG": "00000000-0000-0000-0000-000000000001",
    "TimeCollected": "5/10/2021, 5:40:12.479 PM",
    "ManagementGroupName": "AOI-83c61c06-76fd-494d-990d-0805b4a177a6"
  },
  {
    "TimeGenerated": "5/10/2021, 5:38:08.117 PM",
    "Account": "",
    "AccountType": "",
    "Computer": "VM1.testenv.onmicrosoft.com",
    "EventSourceName": "Microsoft-Windows-Security-Auditing",
    "Channel": "Security",
    "Task": 1,
    "Level": 0,
    "EventData": "<EventData xmlns=\"http://schemas.microsoft.com/win/2004/08/events/event\">\n  <Data Name=\"ProcessID\">4016</Data>\n  <Data Name=\"Application\">\\device\\harddiskvolume1\\windowsazure\\guestagent_2.7.41491.1005_2020-11-17_025846\\guestagent\\windowsazureguestagent.exe</Data>\n  <Data Name=\"Direction\">%%14593</Data>\n  <Data Name=\"SourceAddress\">10.0.0.5</Data>\n  <Data Name=\"SourcePort\">62599</Data>\n  <Data Name=\"DestAddress\">169.254.169.254</Data>\n  <Data Name=\"DestPort\">80</Data>\n  <Data Name=\"Protocol\">6</Data>\n  <Data Name=\"FilterRTID\">79266</Data>\n  <Data Name=\"LayerName\">%%14611</Data>\n  <Data Name=\"LayerRTID\">48</Data>\n  <Data Name=\"RemoteUserID\">S-1-0-0</Data>\n  <Data Name=\"RemoteMachineID\">S-1-0-0</Data>\n</EventData>",
    "EventID": 5156,
    "Activity": "5156 - The Windows Filtering Platform has allowed a connection.",
    "PartitionKey": "",
    "RowKey": "",
    "StorageAccount": "",
    "AzureDeploymentID": "",
    "AzureTableName": "",
    "AccessList": "",
    "AccessMask": null,
    "HandleId": null,
    "ObjectName": "",
    "ObjectServer": "",
    "ObjectType": "",
    "OperationType": "",
    "SubjectAccount": "",
    "SubcategoryGuid": "",
    "SubcategoryId": "",
    "SubjectDomainName": "",
    "SubjectKeyIdentifier": "",
    "SubjectLogonId": null,
    "SubjectUserName": "",
    "SubjectUserSid": "",
    "SourceComputerId": "5c7f3782-1e64-f470-738c-cf904f80d3d3",
    "EventOriginId": "862c4600-b1f2-46f6-a0c5-c886f4c375e7",
    "MG": "00000000-0000-0000-0000-000000000001",
    "TimeCollected": "5/10/2021, 5:40:12.479 PM",
    "ManagementGroupName": "AOI-83c61c06-76fd-494d-990d-0805b4a177a6"
  },
  {
    "TimeGenerated": "5/10/2021, 5:38:10.257 PM",
    "Account": "",
    "AccountType": "",
    "Computer": "VM1.testenv.onmicrosoft.com",
    "EventSourceName": "Microsoft-Windows-Security-Auditing",
    "Channel": "Security",
    "Task": 1,
    "Level": 0,
    "EventData": "<EventData xmlns=\"http://schemas.microsoft.com/win/2004/08/events/event\">\n  <Data Name=\"ProcessId\">4016</Data>\n  <Data Name=\"Application\">\\device\\harddiskvolume1\\windowsazure\\guestagent_2.7.41491.1005_2020-11-17_025846\\guestagent\\windowsazureguestagent.exe</Data>\n  <Data Name=\"SourceAddress\">0.0.0.0</Data>\n  <Data Name=\"SourcePort\">62600</Data>\n  <Data Name=\"Protocol\">6</Data>\n  <Data Name=\"FilterRTID\">0</Data>\n  <Data Name=\"LayerName\">%%14608</Data>\n  <Data Name=\"LayerRTID\">36</Data>\n</EventData>",
    "EventID": 5158,
    "Activity": "5158 - The Windows Filtering Platform has permitted a bind to a local port.",
    "PartitionKey": "",
    "RowKey": "",
    "StorageAccount": "",
    "AzureDeploymentID": "",
    "AzureTableName": "",
    "AccessList": "",
    "AccessMask": null,
    "HandleId": null,
    "ObjectName": "",
    "ObjectServer": "",
    "ObjectType": "",
    "OperationType": "",
    "SubjectAccount": "",
    "SubcategoryGuid": "",
    "SubcategoryId": "",
    "SubjectDomainName": "",
    "SubjectKeyIdentifier": "",
    "SubjectLogonId": null,
    "SubjectUserName": "",
    "SubjectUserSid": "",
    "SourceComputerId": "5c7f3782-1e64-f470-738c-cf904f80d3d3",
    "EventOriginId": "862c4600-b1f2-46f6-a0c5-c886f4c375e7",
    "MG": "00000000-0000-0000-0000-000000000001",
    "TimeCollected": "5/10/2021, 5:40:12.479 PM",
    "ManagementGroupName": "AOI-83c61c06-76fd-494d-990d-0805b4a177a6"
  },
  {
    "TimeGenerated": "5/10/2021, 5:38:10.257 PM",
    "Account": "",
    "AccountType": "",
    "Computer": "VM1.testenv.onmicrosoft.com",
    "EventSourceName": "Microsoft-Windows-Security-Auditing",
    "Channel": "Security",
    "Task": 1,
    "Level": 0,
    "EventData": "<EventData xmlns=\"http://schemas.microsoft.com/win/2004/08/events/event\">\n  <Data Name=\"ProcessID\">4016</Data>\n  <Data Name=\"Application\">\\device\\harddiskvolume1\\windowsazure\\guestagent_2.7.41491.1005_2020-11-17_025846\\guestagent\\windowsazureguestagent.exe</Data>\n  <Data Name=\"Direction\">%%14593</Data>\n  <Data Name=\"SourceAddress\">10.0.0.5</Data>\n  <Data Name=\"SourcePort\">62600</Data>\n  <Data Name=\"DestAddress\">168.63.129.16</Data>\n  <Data Name=\"DestPort\">80</Data>\n  <Data Name=\"Protocol\">6</Data>\n  <Data Name=\"FilterRTID\">79531</Data>\n  <Data Name=\"LayerName\">%%14611</Data>\n  <Data Name=\"LayerRTID\">48</Data>\n  <Data Name=\"RemoteUserID\">S-1-0-0</Data>\n  <Data Name=\"RemoteMachineID\">S-1-0-0</Data>\n</EventData>",
    "EventID": 5156,
    "Activity": "5156 - The Windows Filtering Platform has allowed a connection.",
    "PartitionKey": "",
    "RowKey": "",
    "StorageAccount": "",
    "AzureDeploymentID": "",
    "AzureTableName": "",
    "AccessList": "",
    "AccessMask": null,
    "HandleId": null,
    "ObjectName": "",
    "ObjectServer": "",
    "ObjectType": "",
    "OperationType": "",
    "SubjectAccount": "",
    "SubcategoryGuid": "",
    "SubcategoryId": "",
    "SubjectDomainName": "",
    "SubjectKeyIdentifier": "",
    "SubjectLogonId": null,
    "SubjectUserName": "",
    "SubjectUserSid": "",
    "SourceComputerId": "5c7f3782-1e64-f470-738c-cf904f80d3d3",
    "EventOriginId": "862c4600-b1f2-46f6-a0c5-c886f4c375e7",
    "MG": "00000000-0000-0000-0000-000000000001",
    "TimeCollected": "5/10/2021, 5:40:12.479 PM",
    "ManagementGroupName": "AOI-83c61c06-76fd-494d-990d-0805b4a177a6"
  },
  {
    "TimeGenerated": "5/10/2021, 5:38:11.053 PM",
    "Account": "",
    "AccountType": "",
    "Computer": "VM1.testenv.onmicrosoft.com",
    "EventSourceName": "Microsoft-Windows-Security-Auditing",
    "Channel": "Security",
    "Task": 1,
    "Level": 0,
    "EventData": "<EventData xmlns=\"http://schemas.microsoft.com/win/2004/08/events/event\">\n  <Data Name=\"ProcessId\">984</Data>\n  <Data Name=\"Application\">\\device\\harddiskvolume1\\windows\\system32\\svchost.exe</Data>\n  <Data Name=\"SourceAddress\">::</Data>\n  <Data Name=\"SourcePort\">60482</Data>\n  <Data Name=\"Protocol\">17</Data>\n  <Data Name=\"FilterRTID\">0</Data>\n  <Data Name=\"LayerName\">%%14608</Data>\n  <Data Name=\"LayerRTID\">36</Data>\n</EventData>",
    "EventID": 5158,
    "Activity": "5158 - The Windows Filtering Platform has permitted a bind to a local port.",
    "PartitionKey": "",
    "RowKey": "",
    "StorageAccount": "",
    "AzureDeploymentID": "",
    "AzureTableName": "",
    "AccessList": "",
    "AccessMask": null,
    "HandleId": null,
    "ObjectName": "",
    "ObjectServer": "",
    "ObjectType": "",
    "OperationType": "",
    "SubjectAccount": "",
    "SubcategoryGuid": "",
    "SubcategoryId": "",
    "SubjectDomainName": "",
    "SubjectKeyIdentifier": "",
    "SubjectLogonId": null,
    "SubjectUserName": "",
    "SubjectUserSid": "",
    "SourceComputerId": "5c7f3782-1e64-f470-738c-cf904f80d3d3",
    "EventOriginId": "862c4600-b1f2-46f6-a0c5-c886f4c375e7",
    "MG": "00000000-0000-0000-0000-000000000001",
    "TimeCollected": "5/10/2021, 5:40:12.479 PM",
    "ManagementGroupName": "AOI-83c61c06-76fd-494d-990d-0805b4a177a6"
  },
  {
    "TimeGenerated": "5/10/2021, 5:38:11.053 PM",
    "Account": "",
    "AccountType": "",
    "Computer": "VM1.testenv.onmicrosoft.com",
    "EventSourceName": "Microsoft-Windows-Security-Auditing",
    "Channel": "Security",
    "Task": 1,
    "Level": 0,
    "EventData": "<EventData xmlns=\"http://schemas.microsoft.com/win/2004/08/events/event\">\n  <Data Name=\"ProcessId\">984</Data>\n  <Data Name=\"Application\">\\device\\harddiskvolume1\\windows\\system32\\svchost.exe</Data>\n  <Data Name=\"SourceAddress\">::</Data>\n  <Data Name=\"SourcePort\">60482</Data>\n  <Data Name=\"Protocol\">17</Data>\n  <Data Name=\"FilterRTID\">0</Data>\n  <Data Name=\"LayerName\">%%14608</Data>\n  <Data Name=\"LayerRTID\">38</Data>\n</EventData>",
    "EventID": 5158,
    "Activity": "5158 - The Windows Filtering Platform has permitted a bind to a local port.",
    "PartitionKey": "",
    "RowKey": "",
    "StorageAccount": "",
    "AzureDeploymentID": "",
    "AzureTableName": "",
    "AccessList": "",
    "AccessMask": null,
    "HandleId": null,
    "ObjectName": "",
    "ObjectServer": "",
    "ObjectType": "",
    "OperationType": "",
    "SubjectAccount": "",
    "SubcategoryGuid": "",
    "SubcategoryId": "",
    "SubjectDomainName": "",
    "SubjectKeyIdentifier": "",
    "SubjectLogonId": null,
    "SubjectUserName": "",
    "SubjectUserSid": "",
    "SourceComputerId": "5c7f3782-1e64-f470-738c-cf904f80d3d3",
    "EventOriginId": "862c4600-b1f2-46f6-a0c5-c886f4c375e7",
    "MG": "00000000-0000-0000-0000-000000000001",
    "TimeCollected": "5/10/2021, 5:40:12.479 PM",
    "ManagementGroupName": "AOI-83c61c06-76fd-494d-990d-0805b4a177a6"
  },
  {
    "TimeGenerated": "5/10/2021, 5:38:11.053 PM",
    "Account": "",
    "AccountType": "",
    "Computer": "VM1.testenv.onmicrosoft.com",
    "EventSourceName": "Microsoft-Windows-Security-Auditing",
    "Channel": "Security",
    "Task": 1,
    "Level": 0,
    "EventData": "<EventData xmlns=\"http://schemas.microsoft.com/win/2004/08/events/event\">\n  <Data Name=\"ProcessID\">984</Data>\n  <Data Name=\"Application\">\\device\\harddiskvolume1\\windows\\system32\\svchost.exe</Data>\n  <Data Name=\"Direction\">%%14593</Data>\n  <Data Name=\"SourceAddress\">10.0.0.5</Data>\n  <Data Name=\"SourcePort\">60482</Data>\n  <Data Name=\"DestAddress\">10.0.0.4</Data>\n  <Data Name=\"DestPort\">53</Data>\n  <Data Name=\"Protocol\">17</Data>\n  <Data Name=\"FilterRTID\">79266</Data>\n  <Data Name=\"LayerName\">%%14611</Data>\n  <Data Name=\"LayerRTID\">48</Data>\n  <Data Name=\"RemoteUserID\">S-1-0-0</Data>\n  <Data Name=\"RemoteMachineID\">S-1-0-0</Data>\n</EventData>",
    "EventID": 5156,
    "Activity": "5156 - The Windows Filtering Platform has allowed a connection.",
    "PartitionKey": "",
    "RowKey": "",
    "StorageAccount": "",
    "AzureDeploymentID": "",
    "AzureTableName": "",
    "AccessList": "",
    "AccessMask": null,
    "HandleId": null,
    "ObjectName": "",
    "ObjectServer": "",
    "ObjectType": "",
    "OperationType": "",
    "SubjectAccount": "",
    "SubcategoryGuid": "",
    "SubcategoryId": "",
    "SubjectDomainName": "",
    "SubjectKeyIdentifier": "",
    "SubjectLogonId": null,
    "SubjectUserName": "",
    "SubjectUserSid": "",
    "SourceComputerId": "5c7f3782-1e64-f470-738c-cf904f80d3d3",
    "EventOriginId": "862c4600-b1f2-46f6-a0c5-c886f4c375e7",
    "MG": "00000000-0000-0000-0000-000000000001",
    "TimeCollected": "5/10/2021, 5:40:12.479 PM",
    "ManagementGroupName": "AOI-83c61c06-76fd-494d-990d-0805b4a177a6"
  },
  {
    "TimeGenerated": "5/10/2021, 5:38:11.053 PM",
    "Account": "",
    "AccountType": "",
    "Computer": "VM1.testenv.onmicrosoft.com",
    "EventSourceName": "Microsoft-Windows-Security-Auditing",
    "Channel": "Security",
    "Task": 1,
    "Level": 0,
    "EventData": "<EventData xmlns=\"http://schemas.microsoft.com/win/2004/08/events/event\">\n  <Data Name=\"ProcessId\">2592</Data>\n  <Data Name=\"Application\">\\device\\harddiskvolume1\\packages\\plugins\\microsoft.azure.monitor.azuremonitorwindowsagent\\1.0.8.0\\monitoring\\agent\\monagentcore.exe</Data>\n  <Data Name=\"SourceAddress\">0.0.0.0</Data>\n  <Data Name=\"SourcePort\">62601</Data>\n  <Data Name=\"Protocol\">6</Data>\n  <Data Name=\"FilterRTID\">0</Data>\n  <Data Name=\"LayerName\">%%14608</Data>\n  <Data Name=\"LayerRTID\">36</Data>\n</EventData>",
    "EventID": 5158,
    "Activity": "5158 - The Windows Filtering Platform has permitted a bind to a local port.",
    "PartitionKey": "",
    "RowKey": "",
    "StorageAccount": "",
    "AzureDeploymentID": "",
    "AzureTableName": "",
    "AccessList": "",
    "AccessMask": null,
    "HandleId": null,
    "ObjectName": "",
    "ObjectServer": "",
    "ObjectType": "",
    "OperationType": "",
    "SubjectAccount": "",
    "SubcategoryGuid": "",
    "SubcategoryId": "",
    "SubjectDomainName": "",
    "SubjectKeyIdentifier": "",
    "SubjectLogonId": null,
    "SubjectUserName": "",
    "SubjectUserSid": "",
    "SourceComputerId": "5c7f3782-1e64-f470-738c-cf904f80d3d3",
    "EventOriginId": "862c4600-b1f2-46f6-a0c5-c886f4c375e7",
    "MG": "00000000-0000-0000-0000-000000000001",
    "TimeCollected": "5/10/2021, 5:40:12.479 PM",
    "ManagementGroupName": "AOI-83c61c06-76fd-494d-990d-0805b4a177a6"
  },
  {
    "TimeGenerated": "5/10/2021, 5:38:11.053 PM",
    "Account": "",
    "AccountType": "",
    "Computer": "VM1.testenv.onmicrosoft.com",
    "EventSourceName": "Microsoft-Windows-Security-Auditing",
    "Channel": "Security",
    "Task": 1,
    "Level": 0,
    "EventData": "<EventData xmlns=\"http://schemas.microsoft.com/win/2004/08/events/event\">\n  <Data Name=\"ProcessID\">2592</Data>\n  <Data Name=\"Application\">\\device\\harddiskvolume1\\packages\\plugins\\microsoft.azure.monitor.azuremonitorwindowsagent\\1.0.8.0\\monitoring\\agent\\monagentcore.exe</Data>\n  <Data Name=\"Direction\">%%14593</Data>\n  <Data Name=\"SourceAddress\">10.0.0.5</Data>\n  <Data Name=\"SourcePort\">62601</Data>\n  <Data Name=\"DestAddress\">13.77.52.23</Data>\n  <Data Name=\"DestPort\">443</Data>\n  <Data Name=\"Protocol\">6</Data>\n  <Data Name=\"FilterRTID\">79270</Data>\n  <Data Name=\"LayerName\">%%14611</Data>\n  <Data Name=\"LayerRTID\">48</Data>\n  <Data Name=\"RemoteUserID\">S-1-0-0</Data>\n  <Data Name=\"RemoteMachineID\">S-1-0-0</Data>\n</EventData>",
    "EventID": 5156,
    "Activity": "5156 - The Windows Filtering Platform has allowed a connection.",
    "PartitionKey": "",
    "RowKey": "",
    "StorageAccount": "",
    "AzureDeploymentID": "",
    "AzureTableName": "",
    "AccessList": "",
    "AccessMask": null,
    "HandleId": null,
    "ObjectName": "",
    "ObjectServer": "",
    "ObjectType": "",
    "OperationType": "",
    "SubjectAccount": "",
    "SubcategoryGuid": "",
    "SubcategoryId": "",
    "SubjectDomainName": "",
    "SubjectKeyIdentifier": "",
    "SubjectLogonId": null,
    "SubjectUserName": "",
    "SubjectUserSid": "",
    "SourceComputerId": "5c7f3782-1e64-f470-738c-cf904f80d3d3",
    "EventOriginId": "862c4600-b1f2-46f6-a0c5-c886f4c375e7",
    "MG": "00000000-0000-0000-0000-000000000001",
    "TimeCollected": "5/10/2021, 5:40:12.479 PM",
    "ManagementGroupName": "AOI-83c61c06-76fd-494d-990d-0805b4a177a6"
  },
  {
    "TimeGenerated": "5/10/2021, 5:38:24.063 PM",
    "Account": "",
    "AccountType": "",
    "Computer": "VM1.testenv.onmicrosoft.com",
    "EventSourceName": "Microsoft-Windows-Security-Auditing",
    "Channel": "Security",
    "Task": 1,
    "Level": 0,
    "EventData": "<EventData xmlns=\"http://schemas.microsoft.com/win/2004/08/events/event\">\n  <Data Name=\"ProcessId\">984</Data>\n  <Data Name=\"Application\">\\device\\harddiskvolume1\\windows\\system32\\svchost.exe</Data>\n  <Data Name=\"SourceAddress\">::</Data>\n  <Data Name=\"SourcePort\">62476</Data>\n  <Data Name=\"Protocol\">17</Data>\n  <Data Name=\"FilterRTID\">0</Data>\n  <Data Name=\"LayerName\">%%14608</Data>\n  <Data Name=\"LayerRTID\">36</Data>\n</EventData>",
    "EventID": 5158,
    "Activity": "5158 - The Windows Filtering Platform has permitted a bind to a local port.",
    "PartitionKey": "",
    "RowKey": "",
    "StorageAccount": "",
    "AzureDeploymentID": "",
    "AzureTableName": "",
    "AccessList": "",
    "AccessMask": null,
    "HandleId": null,
    "ObjectName": "",
    "ObjectServer": "",
    "ObjectType": "",
    "OperationType": "",
    "SubjectAccount": "",
    "SubcategoryGuid": "",
    "SubcategoryId": "",
    "SubjectDomainName": "",
    "SubjectKeyIdentifier": "",
    "SubjectLogonId": null,
    "SubjectUserName": "",
    "SubjectUserSid": "",
    "SourceComputerId": "5c7f3782-1e64-f470-738c-cf904f80d3d3",
    "EventOriginId": "862c4600-b1f2-46f6-a0c5-c886f4c375e7",
    "MG": "00000000-0000-0000-0000-000000000001",
    "TimeCollected": "5/10/2021, 5:40:12.479 PM",
    "ManagementGroupName": "AOI-83c61c06-76fd-494d-990d-0805b4a177a6"
  },
  {
    "TimeGenerated": "5/10/2021, 5:38:24.063 PM",
    "Account": "",
    "AccountType": "",
    "Computer": "VM1.testenv.onmicrosoft.com",
    "EventSourceName": "Microsoft-Windows-Security-Auditing",
    "Channel": "Security",
    "Task": 1,
    "Level": 0,
    "EventData": "<EventData xmlns=\"http://schemas.microsoft.com/win/2004/08/events/event\">\n  <Data Name=\"ProcessId\">984</Data>\n  <Data Name=\"Application\">\\device\\harddiskvolume1\\windows\\system32\\svchost.exe</Data>\n  <Data Name=\"SourceAddress\">::</Data>\n  <Data Name=\"SourcePort\">62476</Data>\n  <Data Name=\"Protocol\">17</Data>\n  <Data Name=\"FilterRTID\">0</Data>\n  <Data Name=\"LayerName\">%%14608</Data>\n  <Data Name=\"LayerRTID\">38</Data>\n</EventData>",
    "EventID": 5158,
    "Activity": "5158 - The Windows Filtering Platform has permitted a bind to a local port.",
    "PartitionKey": "",
    "RowKey": "",
    "StorageAccount": "",
    "AzureDeploymentID": "",
    "AzureTableName": "",
    "AccessList": "",
    "AccessMask": null,
    "HandleId": null,
    "ObjectName": "",
    "ObjectServer": "",
    "ObjectType": "",
    "OperationType": "",
    "SubjectAccount": "",
    "SubcategoryGuid": "",
    "SubcategoryId": "",
    "SubjectDomainName": "",
    "SubjectKeyIdentifier": "",
    "SubjectLogonId": null,
    "SubjectUserName": "",
    "SubjectUserSid": "",
    "SourceComputerId": "5c7f3782-1e64-f470-738c-cf904f80d3d3",
    "EventOriginId": "862c4600-b1f2-46f6-a0c5-c886f4c375e7",
    "MG": "00000000-0000-0000-0000-000000000001",
    "TimeCollected": "5/10/2021, 5:40:12.479 PM",
    "ManagementGroupName": "AOI-83c61c06-76fd-494d-990d-0805b4a177a6"
  },
  {
    "TimeGenerated": "5/10/2021, 5:38:24.063 PM",
    "Account": "",
    "AccountType": "",
    "Computer": "VM1.testenv.onmicrosoft.com",
    "EventSourceName": "Microsoft-Windows-Security-Auditing",
    "Channel": "Security",
    "Task": 1,
    "Level": 0,
    "EventData": "<EventData xmlns=\"http://schemas.microsoft.com/win/2004/08/events/event\">\n  <Data Name=\"ProcessID\">984</Data>\n  <Data Name=\"Application\">\\device\\harddiskvolume1\\windows\\system32\\svchost.exe</Data>\n  <Data Name=\"Direction\">%%14593</Data>\n  <Data Name=\"SourceAddress\">10.0.0.5</Data>\n  <Data Name=\"SourcePort\">62476</Data>\n  <Data Name=\"DestAddress\">10.0.0.4</Data>\n  <Data Name=\"DestPort\">53</Data>\n  <Data Name=\"Protocol\">17</Data>\n  <Data Name=\"FilterRTID\">79266</Data>\n  <Data Name=\"LayerName\">%%14611</Data>\n  <Data Name=\"LayerRTID\">48</Data>\n  <Data Name=\"RemoteUserID\">S-1-0-0</Data>\n  <Data Name=\"RemoteMachineID\">S-1-0-0</Data>\n</EventData>",
    "EventID": 5156,
    "Activity": "5156 - The Windows Filtering Platform has allowed a connection.",
    "PartitionKey": "",
    "RowKey": "",
    "StorageAccount": "",
    "AzureDeploymentID": "",
    "AzureTableName": "",
    "AccessList": "",
    "AccessMask": null,
    "HandleId": null,
    "ObjectName": "",
    "ObjectServer": "",
    "ObjectType": "",
    "OperationType": "",
    "SubjectAccount": "",
    "SubcategoryGuid": "",
    "SubcategoryId": "",
    "SubjectDomainName": "",
    "SubjectKeyIdentifier": "",
    "SubjectLogonId": null,
    "SubjectUserName": "",
    "SubjectUserSid": "",
    "SourceComputerId": "5c7f3782-1e64-f470-738c-cf904f80d3d3",
    "EventOriginId": "862c4600-b1f2-46f6-a0c5-c886f4c375e7",
    "MG": "00000000-0000-0000-0000-000000000001",
    "TimeCollected": "5/10/2021, 5:40:12.479 PM",
    "ManagementGroupName": "AOI-83c61c06-76fd-494d-990d-0805b4a177a6"
  },
