  {
    "TimeGenerated": "5/10/2021, 5:36:14.057 PM",
    "Account": "",
    "AccountType": "",
    "Computer": "DC1.testenv.onmicrosoft.com",
    "EventSourceName": "Service Control Manager",
    "Channel": "System",
    "Task": 1,
    "Level": 2,
    "EventData": "<EventData xmlns=\"http://schemas.microsoft.com/win/2004/08/events/event\">\n  <Data Name=\"param1\">Microsoft Advanced Threat Analytics Gateway Updater</Data>\n  <Data Name=\"param2\">1828449</Data>\n  <Data Name=\"param3\">5000</Data>\n  <Data Name=\"param4\">1</Data>\n  <Data Name=\"param5\">Restart the service</Data>\n  <Binary>410054004100470061007400650077006100790055007000640061007400650072000000</Binary>\n</EventData>",
    "EventID": 7031,
    "Activity": "7031",
    "PartitionKey": "",
    "RowKey": "",
    "StorageAccount": "",
    "AzureDeploymentID": "",
    "AzureTableName": "",
    "AccessList": "",
    "AccessMask": null,
    "HandleId": null,
    "ObjectName": "",
    "ObjectServer": "",
    "ObjectType": "",
    "OperationType": "",
    "SubjectAccount": "",
    "SubcategoryGuid": "",
    "SubcategoryId": "",
    "SubjectDomainName": "",
    "SubjectKeyIdentifier": "",
    "SubjectLogonId": null,
    "SubjectUserName": "",
    "SubjectUserSid": "",
    "SourceComputerId": "5c7f3782-1e64-f470-738c-cf904f80d3d3",
    "EventOriginId": "c0e2c38f-750c-4e27-a68e-6e79fdbeeb86",
    "MG": "00000000-0000-0000-0000-000000000001",
    "TimeCollected": "5/10/2021, 5:37:58.288 PM",
    "ManagementGroupName": "AOI-83c61c06-76fd-494d-990d-0805b4a177a6"
  },
  {
    "TimeGenerated": "5/10/2021, 5:36:16.190 PM",
    "Account": "",
    "AccountType": "",
    "Computer": "DC1.testenv.onmicrosoft.com",
    "EventSourceName": "Service Control Manager",
    "Channel": "System",
    "Task": 1,
    "Level": 2,
    "EventData": "<EventData xmlns=\"http://schemas.microsoft.com/win/2004/08/events/event\">\n  <Data Name=\"param1\">Microsoft Advanced Threat Analytics Center</Data>\n  <Data Name=\"param2\">2039795</Data>\n  <Data Name=\"param3\">5000</Data>\n  <Data Name=\"param4\">1</Data>\n  <Data Name=\"param5\">Restart the service</Data>\n  <Binary>410054004100430065006E007400650072000000</Binary>\n</EventData>",
    "EventID": 7031,
    "Activity": "7031",
    "PartitionKey": "",
    "RowKey": "",
    "StorageAccount": "",
    "AzureDeploymentID": "",
    "AzureTableName": "",
    "AccessList": "",
    "AccessMask": null,
    "HandleId": null,
    "ObjectName": "",
    "ObjectServer": "",
    "ObjectType": "",
    "OperationType": "",
    "SubjectAccount": "",
    "SubcategoryGuid": "",
    "SubcategoryId": "",
    "SubjectDomainName": "",
    "SubjectKeyIdentifier": "",
    "SubjectLogonId": null,
    "SubjectUserName": "",
    "SubjectUserSid": "",
    "SourceComputerId": "5c7f3782-1e64-f470-738c-cf904f80d3d3",
    "EventOriginId": "c0e2c38f-750c-4e27-a68e-6e79fdbeeb86",
    "MG": "00000000-0000-0000-0000-000000000001",
    "TimeCollected": "5/10/2021, 5:37:58.288 PM",
    "ManagementGroupName": "AOI-83c61c06-76fd-494d-990d-0805b4a177a6"
  },
  {
    "TimeGenerated": "5/10/2021, 5:36:22.290 PM",
    "Account": "",
    "AccountType": "",
    "Computer": "DC1.testenv.onmicrosoft.com",
    "EventSourceName": "Service Control Manager",
    "Channel": "System",
    "Task": 1,
    "Level": 2,
    "EventData": "<EventData xmlns=\"http://schemas.microsoft.com/win/2004/08/events/event\">\n  <Data Name=\"param1\">Microsoft Advanced Threat Analytics Gateway Updater</Data>\n  <Data Name=\"param2\">1828450</Data>\n  <Data Name=\"param3\">5000</Data>\n  <Data Name=\"param4\">1</Data>\n  <Data Name=\"param5\">Restart the service</Data>\n  <Binary>410054004100470061007400650077006100790055007000640061007400650072000000</Binary>\n</EventData>",
    "EventID": 7031,
    "Activity": "7031",
    "PartitionKey": "",
    "RowKey": "",
    "StorageAccount": "",
    "AzureDeploymentID": "",
    "AzureTableName": "",
    "AccessList": "",
    "AccessMask": null,
    "HandleId": null,
    "ObjectName": "",
    "ObjectServer": "",
    "ObjectType": "",
    "OperationType": "",
    "SubjectAccount": "",
    "SubcategoryGuid": "",
    "SubcategoryId": "",
    "SubjectDomainName": "",
    "SubjectKeyIdentifier": "",
    "SubjectLogonId": null,
    "SubjectUserName": "",
    "SubjectUserSid": "",
    "SourceComputerId": "5c7f3782-1e64-f470-738c-cf904f80d3d3",
    "EventOriginId": "c0e2c38f-750c-4e27-a68e-6e79fdbeeb86",
    "MG": "00000000-0000-0000-0000-000000000001",
    "TimeCollected": "5/10/2021, 5:37:58.288 PM",
    "ManagementGroupName": "AOI-83c61c06-76fd-494d-990d-0805b4a177a6"
  },
  {
    "TimeGenerated": "5/10/2021, 5:36:23.613 PM",
    "Account": "",
    "AccountType": "",
    "Computer": "DC1.testenv.onmicrosoft.com",
    "EventSourceName": "Service Control Manager",
    "Channel": "System",
    "Task": 1,
    "Level": 2,
    "EventData": "<EventData xmlns=\"http://schemas.microsoft.com/win/2004/08/events/event\">\n  <Data Name=\"param1\">Microsoft Advanced Threat Analytics Center</Data>\n  <Data Name=\"param2\">2039796</Data>\n  <Data Name=\"param3\">5000</Data>\n  <Data Name=\"param4\">1</Data>\n  <Data Name=\"param5\">Restart the service</Data>\n  <Binary>410054004100430065006E007400650072000000</Binary>\n</EventData>",
    "EventID": 7031,
    "Activity": "7031",
    "PartitionKey": "",
    "RowKey": "",
    "StorageAccount": "",
    "AzureDeploymentID": "",
    "AzureTableName": "",
    "AccessList": "",
    "AccessMask": null,
    "HandleId": null,
    "ObjectName": "",
    "ObjectServer": "",
    "ObjectType": "",
    "OperationType": "",
    "SubjectAccount": "",
    "SubcategoryGuid": "",
    "SubcategoryId": "",
    "SubjectDomainName": "",
    "SubjectKeyIdentifier": "",
    "SubjectLogonId": null,
    "SubjectUserName": "",
    "SubjectUserSid": "",
    "SourceComputerId": "5c7f3782-1e64-f470-738c-cf904f80d3d3",
    "EventOriginId": "c0e2c38f-750c-4e27-a68e-6e79fdbeeb86",
    "MG": "00000000-0000-0000-0000-000000000001",
    "TimeCollected": "5/10/2021, 5:37:58.288 PM",
    "ManagementGroupName": "AOI-83c61c06-76fd-494d-990d-0805b4a177a6"
  },
  {
    "TimeGenerated": "5/10/2021, 5:36:30.527 PM",
    "Account": "",
    "AccountType": "",
    "Computer": "DC1.testenv.onmicrosoft.com",
    "EventSourceName": "Service Control Manager",
    "Channel": "System",
    "Task": 1,
    "Level": 2,
    "EventData": "<EventData xmlns=\"http://schemas.microsoft.com/win/2004/08/events/event\">\n  <Data Name=\"param1\">Microsoft Advanced Threat Analytics Gateway Updater</Data>\n  <Data Name=\"param2\">1828451</Data>\n  <Data Name=\"param3\">5000</Data>\n  <Data Name=\"param4\">1</Data>\n  <Data Name=\"param5\">Restart the service</Data>\n  <Binary>410054004100470061007400650077006100790055007000640061007400650072000000</Binary>\n</EventData>",
    "EventID": 7031,
    "Activity": "7031",
    "PartitionKey": "",
    "RowKey": "",
    "StorageAccount": "",
    "AzureDeploymentID": "",
    "AzureTableName": "",
    "AccessList": "",
    "AccessMask": null,
    "HandleId": null,
    "ObjectName": "",
    "ObjectServer": "",
    "ObjectType": "",
    "OperationType": "",
    "SubjectAccount": "",
    "SubcategoryGuid": "",
    "SubcategoryId": "",
    "SubjectDomainName": "",
    "SubjectKeyIdentifier": "",
    "SubjectLogonId": null,
    "SubjectUserName": "",
    "SubjectUserSid": "",
    "SourceComputerId": "5c7f3782-1e64-f470-738c-cf904f80d3d3",
    "EventOriginId": "c0e2c38f-750c-4e27-a68e-6e79fdbeeb86",
    "MG": "00000000-0000-0000-0000-000000000001",
    "TimeCollected": "5/10/2021, 5:37:58.288 PM",
    "ManagementGroupName": "AOI-83c61c06-76fd-494d-990d-0805b4a177a6"
  },
  {
    "TimeGenerated": "5/10/2021, 5:36:31.050 PM",
    "Account": "",
    "AccountType": "",
    "Computer": "DC1.testenv.onmicrosoft.com",
    "EventSourceName": "Service Control Manager",
    "Channel": "System",
    "Task": 1,
    "Level": 2,
    "EventData": "<EventData xmlns=\"http://schemas.microsoft.com/win/2004/08/events/event\">\n  <Data Name=\"param1\">Microsoft Advanced Threat Analytics Center</Data>\n  <Data Name=\"param2\">2039797</Data>\n  <Data Name=\"param3\">5000</Data>\n  <Data Name=\"param4\">1</Data>\n  <Data Name=\"param5\">Restart the service</Data>\n  <Binary>410054004100430065006E007400650072000000</Binary>\n</EventData>",
    "EventID": 7031,
    "Activity": "7031",
    "PartitionKey": "",
    "RowKey": "",
    "StorageAccount": "",
    "AzureDeploymentID": "",
    "AzureTableName": "",
    "AccessList": "",
    "AccessMask": null,
    "HandleId": null,
    "ObjectName": "",
    "ObjectServer": "",
    "ObjectType": "",
    "OperationType": "",
    "SubjectAccount": "",
    "SubcategoryGuid": "",
    "SubcategoryId": "",
    "SubjectDomainName": "",
    "SubjectKeyIdentifier": "",
    "SubjectLogonId": null,
    "SubjectUserName": "",
    "SubjectUserSid": "",
    "SourceComputerId": "5c7f3782-1e64-f470-738c-cf904f80d3d3",
    "EventOriginId": "c0e2c38f-750c-4e27-a68e-6e79fdbeeb86",
    "MG": "00000000-0000-0000-0000-000000000001",
    "TimeCollected": "5/10/2021, 5:37:58.288 PM",
    "ManagementGroupName": "AOI-83c61c06-76fd-494d-990d-0805b4a177a6"
  },
  {
    "TimeGenerated": "5/10/2021, 5:36:38.490 PM",
    "Account": "",
    "AccountType": "",
    "Computer": "DC1.testenv.onmicrosoft.com",
    "EventSourceName": "Service Control Manager",
    "Channel": "System",
    "Task": 1,
    "Level": 2,
    "EventData": "<EventData xmlns=\"http://schemas.microsoft.com/win/2004/08/events/event\">\n  <Data Name=\"param1\">Microsoft Advanced Threat Analytics Center</Data>\n  <Data Name=\"param2\">2039798</Data>\n  <Data Name=\"param3\">5000</Data>\n  <Data Name=\"param4\">1</Data>\n  <Data Name=\"param5\">Restart the service</Data>\n  <Binary>410054004100430065006E007400650072000000</Binary>\n</EventData>",
    "EventID": 7031,
    "Activity": "7031",
    "PartitionKey": "",
    "RowKey": "",
    "StorageAccount": "",
    "AzureDeploymentID": "",
    "AzureTableName": "",
    "AccessList": "",
    "AccessMask": null,
    "HandleId": null,
    "ObjectName": "",
    "ObjectServer": "",
    "ObjectType": "",
    "OperationType": "",
    "SubjectAccount": "",
    "SubcategoryGuid": "",
    "SubcategoryId": "",
    "SubjectDomainName": "",
    "SubjectKeyIdentifier": "",
    "SubjectLogonId": null,
    "SubjectUserName": "",
    "SubjectUserSid": "",
    "SourceComputerId": "5c7f3782-1e64-f470-738c-cf904f80d3d3",
    "EventOriginId": "c0e2c38f-750c-4e27-a68e-6e79fdbeeb86",
    "MG": "00000000-0000-0000-0000-000000000001",
    "TimeCollected": "5/10/2021, 5:37:58.288 PM",
    "ManagementGroupName": "AOI-83c61c06-76fd-494d-990d-0805b4a177a6"
  },
  {
    "TimeGenerated": "5/10/2021, 5:36:38.750 PM",
    "Account": "",
    "AccountType": "",
    "Computer": "DC1.testenv.onmicrosoft.com",
    "EventSourceName": "Service Control Manager",
    "Channel": "System",
    "Task": 1,
    "Level": 2,
    "EventData": "<EventData xmlns=\"http://schemas.microsoft.com/win/2004/08/events/event\">\n  <Data Name=\"param1\">Microsoft Advanced Threat Analytics Gateway Updater</Data>\n  <Data Name=\"param2\">1828452</Data>\n  <Data Name=\"param3\">5000</Data>\n  <Data Name=\"param4\">1</Data>\n  <Data Name=\"param5\">Restart the service</Data>\n  <Binary>410054004100470061007400650077006100790055007000640061007400650072000000</Binary>\n</EventData>",
    "EventID": 7031,
    "Activity": "7031",
    "PartitionKey": "",
    "RowKey": "",
    "StorageAccount": "",
    "AzureDeploymentID": "",
    "AzureTableName": "",
    "AccessList": "",
    "AccessMask": null,
    "HandleId": null,
    "ObjectName": "",
    "ObjectServer": "",
    "ObjectType": "",
    "OperationType": "",
    "SubjectAccount": "",
    "SubcategoryGuid": "",
    "SubcategoryId": "",
    "SubjectDomainName": "",
    "SubjectKeyIdentifier": "",
    "SubjectLogonId": null,
    "SubjectUserName": "",
    "SubjectUserSid": "",
    "SourceComputerId": "5c7f3782-1e64-f470-738c-cf904f80d3d3",
    "EventOriginId": "c0e2c38f-750c-4e27-a68e-6e79fdbeeb86",
    "MG": "00000000-0000-0000-0000-000000000001",
    "TimeCollected": "5/10/2021, 5:37:58.288 PM",
    "ManagementGroupName": "AOI-83c61c06-76fd-494d-990d-0805b4a177a6"
  },
  {
    "TimeGenerated": "5/10/2021, 5:36:46.193 PM",
    "Account": "",
    "AccountType": "",
    "Computer": "DC1.testenv.onmicrosoft.com",
    "EventSourceName": "Service Control Manager",
    "Channel": "System",
    "Task": 1,
    "Level": 2,
    "EventData": "<EventData xmlns=\"http://schemas.microsoft.com/win/2004/08/events/event\">\n  <Data Name=\"param1\">Microsoft Advanced Threat Analytics Center</Data>\n  <Data Name=\"param2\">2039799</Data>\n  <Data Name=\"param3\">5000</Data>\n  <Data Name=\"param4\">1</Data>\n  <Data Name=\"param5\">Restart the service</Data>\n  <Binary>410054004100430065006E007400650072000000</Binary>\n</EventData>",
    "EventID": 7031,
    "Activity": "7031",
    "PartitionKey": "",
    "RowKey": "",
    "StorageAccount": "",
    "AzureDeploymentID": "",
    "AzureTableName": "",
    "AccessList": "",
    "AccessMask": null,
    "HandleId": null,
    "ObjectName": "",
    "ObjectServer": "",
    "ObjectType": "",
    "OperationType": "",
    "SubjectAccount": "",
    "SubcategoryGuid": "",
    "SubcategoryId": "",
    "SubjectDomainName": "",
    "SubjectKeyIdentifier": "",
    "SubjectLogonId": null,
    "SubjectUserName": "",
    "SubjectUserSid": "",
    "SourceComputerId": "5c7f3782-1e64-f470-738c-cf904f80d3d3",
    "EventOriginId": "c0e2c38f-750c-4e27-a68e-6e79fdbeeb86",
    "MG": "00000000-0000-0000-0000-000000000001",
    "TimeCollected": "5/10/2021, 5:37:58.288 PM",
    "ManagementGroupName": "AOI-83c61c06-76fd-494d-990d-0805b4a177a6"
  },
  {
    "TimeGenerated": "5/10/2021, 5:36:47.213 PM",
    "Account": "",
    "AccountType": "",
    "Computer": "DC1.testenv.onmicrosoft.com",
    "EventSourceName": "Service Control Manager",
    "Channel": "System",
    "Task": 1,
    "Level": 2,
    "EventData": "<EventData xmlns=\"http://schemas.microsoft.com/win/2004/08/events/event\">\n  <Data Name=\"param1\">Microsoft Advanced Threat Analytics Gateway Updater</Data>\n  <Data Name=\"param2\">1828453</Data>\n  <Data Name=\"param3\">5000</Data>\n  <Data Name=\"param4\">1</Data>\n  <Data Name=\"param5\">Restart the service</Data>\n  <Binary>410054004100470061007400650077006100790055007000640061007400650072000000</Binary>\n</EventData>",
    "EventID": 7031,
    "Activity": "7031",
    "PartitionKey": "",
    "RowKey": "",
    "StorageAccount": "",
    "AzureDeploymentID": "",
    "AzureTableName": "",
    "AccessList": "",
    "AccessMask": null,
    "HandleId": null,
    "ObjectName": "",
    "ObjectServer": "",
    "ObjectType": "",
    "OperationType": "",
    "SubjectAccount": "",
    "SubcategoryGuid": "",
    "SubcategoryId": "",
    "SubjectDomainName": "",
    "SubjectKeyIdentifier": "",
    "SubjectLogonId": null,
    "SubjectUserName": "",
    "SubjectUserSid": "",
    "SourceComputerId": "5c7f3782-1e64-f470-738c-cf904f80d3d3",
    "EventOriginId": "c0e2c38f-750c-4e27-a68e-6e79fdbeeb86",
    "MG": "00000000-0000-0000-0000-000000000001",
    "TimeCollected": "5/10/2021, 5:37:58.288 PM",
    "ManagementGroupName": "AOI-83c61c06-76fd-494d-990d-0805b4a177a6"
  },
  {
    "TimeGenerated": "5/10/2021, 5:36:53.697 PM",
    "Account": "",
    "AccountType": "",
    "Computer": "DC1.testenv.onmicrosoft.com",
    "EventSourceName": "Service Control Manager",
    "Channel": "System",
    "Task": 1,
    "Level": 2,
    "EventData": "<EventData xmlns=\"http://schemas.microsoft.com/win/2004/08/events/event\">\n  <Data Name=\"param1\">Microsoft Advanced Threat Analytics Center</Data>\n  <Data Name=\"param2\">2039800</Data>\n  <Data Name=\"param3\">5000</Data>\n  <Data Name=\"param4\">1</Data>\n  <Data Name=\"param5\">Restart the service</Data>\n  <Binary>410054004100430065006E007400650072000000</Binary>\n</EventData>",
    "EventID": 7031,
    "Activity": "7031",
    "PartitionKey": "",
    "RowKey": "",
    "StorageAccount": "",
    "AzureDeploymentID": "",
    "AzureTableName": "",
    "AccessList": "",
    "AccessMask": null,
    "HandleId": null,
    "ObjectName": "",
    "ObjectServer": "",
    "ObjectType": "",
    "OperationType": "",
    "SubjectAccount": "",
    "SubcategoryGuid": "",
    "SubcategoryId": "",
    "SubjectDomainName": "",
    "SubjectKeyIdentifier": "",
    "SubjectLogonId": null,
    "SubjectUserName": "",
    "SubjectUserSid": "",
    "SourceComputerId": "5c7f3782-1e64-f470-738c-cf904f80d3d3",
    "EventOriginId": "c0e2c38f-750c-4e27-a68e-6e79fdbeeb86",
    "MG": "00000000-0000-0000-0000-000000000001",
    "TimeCollected": "5/10/2021, 5:37:58.288 PM",
    "ManagementGroupName": "AOI-83c61c06-76fd-494d-990d-0805b4a177a6"
  },
  {
    "TimeGenerated": "5/10/2021, 5:36:55.437 PM",
    "Account": "",
    "AccountType": "",
    "Computer": "DC1.testenv.onmicrosoft.com",
    "EventSourceName": "Service Control Manager",
    "Channel": "System",
    "Task": 1,
    "Level": 2,
    "EventData": "<EventData xmlns=\"http://schemas.microsoft.com/win/2004/08/events/event\">\n  <Data Name=\"param1\">Microsoft Advanced Threat Analytics Gateway Updater</Data>\n  <Data Name=\"param2\">1828454</Data>\n  <Data Name=\"param3\">5000</Data>\n  <Data Name=\"param4\">1</Data>\n  <Data Name=\"param5\">Restart the service</Data>\n  <Binary>410054004100470061007400650077006100790055007000640061007400650072000000</Binary>\n</EventData>",
    "EventID": 7031,
    "Activity": "7031",
    "PartitionKey": "",
    "RowKey": "",
    "StorageAccount": "",
    "AzureDeploymentID": "",
    "AzureTableName": "",
    "AccessList": "",
    "AccessMask": null,
    "HandleId": null,
    "ObjectName": "",
    "ObjectServer": "",
    "ObjectType": "",
    "OperationType": "",
    "SubjectAccount": "",
    "SubcategoryGuid": "",
    "SubcategoryId": "",
    "SubjectDomainName": "",
    "SubjectKeyIdentifier": "",
    "SubjectLogonId": null,
    "SubjectUserName": "",
    "SubjectUserSid": "",
    "SourceComputerId": "5c7f3782-1e64-f470-738c-cf904f80d3d3",
    "EventOriginId": "c0e2c38f-750c-4e27-a68e-6e79fdbeeb86",
    "MG": "00000000-0000-0000-0000-000000000001",
    "TimeCollected": "5/10/2021, 5:37:58.288 PM",
    "ManagementGroupName": "AOI-83c61c06-76fd-494d-990d-0805b4a177a6"
  },
  {
    "TimeGenerated": "5/10/2021, 5:47:19.367 PM",
    "Account": "WORKGROUP\\MyVM10$",
    "AccountType": "Machine",
    "Computer": "MyVM10",
    "EventSourceName": "Microsoft-Windows-Security-Auditing",
    "Channel": "Security",
    "Task": 13826,
    "Level": 8,
    "EventData": "<EventData xmlns=\"http://schemas.microsoft.com/win/2004/08/events/event\">\n  <Data Name=\"TargetUserName\">Remote Desktop Users</Data>\n  <Data Name=\"TargetDomainName\">Builtin</Data>\n  <Data Name=\"TargetSid\">S-1-5-32-555</Data>\n  <Data Name=\"SubjectUserSid\">S-1-5-18</Data>\n  <Data Name=\"SubjectUserName\">MyVM10$</Data>\n  <Data Name=\"SubjectDomainName\">WORKGROUP</Data>\n  <Data Name=\"SubjectLogonId\">0x3e7</Data>\n  <Data Name=\"CallerProcessId\">0x53c0</Data>\n  <Data Name=\"CallerProcessName\">C:\\WindowsAzure\\GuestAgent_2.7.41491.1010_2021-05-04_032227\\WaAppAgent.exe</Data>\n</EventData>",
    "EventID": 4799,
    "Activity": "4799 - A security-enabled local group membership was enumerated",
    "PartitionKey": "",
    "RowKey": "",
    "StorageAccount": "",
    "AzureDeploymentID": "",
    "AzureTableName": "",
    "AccessList": "",
    "AccessMask": null,
    "HandleId": null,
    "ObjectName": "",
    "ObjectServer": "",
    "ObjectType": "",
    "OperationType": "",
    "SubjectAccount": "WORKGROUP\\MyVM10$",
    "SubcategoryGuid": "",
    "SubcategoryId": "",
    "SubjectDomainName": "WORKGROUP",
    "SubjectKeyIdentifier": "",
    "SubjectLogonId": 30000000,
    "SubjectUserName": "MyVM10$",
    "SubjectUserSid": "S-1-5-18",
    "SourceComputerId": "99c906d4-159a-439b-aa5f-96e9f53058e2",
    "EventOriginId": "35c245ba-77d9-4334-8491-0787bbefcded",
    "MG": "00000000-0000-0000-0000-000000000001",
    "TimeCollected": "5/10/2021, 5:47:51.233 PM",
    "ManagementGroupName": "AOI-83c61c06-76fd-494d-990d-0805b4a177a6"
  },
  {
    "TimeGenerated": "5/10/2021, 5:47:21.693 PM",
    "Account": "WORKGROUP\\MyVM10$",
    "AccountType": "Machine",
    "Computer": "MyVM10",
    "EventSourceName": "Microsoft-Windows-Security-Auditing",
    "Channel": "Security",
    "Task": 13826,
    "Level": 8,
    "EventData": "<EventData xmlns=\"http://schemas.microsoft.com/win/2004/08/events/event\">\n  <Data Name=\"TargetUserName\">Administrators</Data>\n  <Data Name=\"TargetDomainName\">Builtin</Data>\n  <Data Name=\"TargetSid\">S-1-5-32-544</Data>\n  <Data Name=\"SubjectUserSid\">S-1-5-18</Data>\n  <Data Name=\"SubjectUserName\">MyVM10$</Data>\n  <Data Name=\"SubjectDomainName\">WORKGROUP</Data>\n  <Data Name=\"SubjectLogonId\">0x3e7</Data>\n  <Data Name=\"CallerProcessId\">0x53c0</Data>\n  <Data Name=\"CallerProcessName\">C:\\WindowsAzure\\GuestAgent_2.7.41491.1010_2021-05-04_032227\\WaAppAgent.exe</Data>\n</EventData>",
    "EventID": 4799,
    "Activity": "4799 - A security-enabled local group membership was enumerated",
    "PartitionKey": "",
    "RowKey": "",
    "StorageAccount": "",
    "AzureDeploymentID": "",
    "AzureTableName": "",
    "AccessList": "",
    "AccessMask": null,
    "HandleId": null,
    "ObjectName": "",
    "ObjectServer": "",
    "ObjectType": "",
    "OperationType": "",
    "SubjectAccount": "WORKGROUP\\MyVM10$",
    "SubcategoryGuid": "",
    "SubcategoryId": "",
    "SubjectDomainName": "WORKGROUP",
    "SubjectKeyIdentifier": "",
    "SubjectLogonId": 30000000,
    "SubjectUserName": "MyVM10$",
    "SubjectUserSid": "S-1-5-18",
    "SourceComputerId": "99c906d4-159a-439b-aa5f-96e9f53058e2",
    "EventOriginId": "f37972d1-b42d-4bfb-b5c9-5c1e6ac76108",
    "MG": "00000000-0000-0000-0000-000000000001",
    "TimeCollected": "5/10/2021, 5:47:51.233 PM",
    "ManagementGroupName": "AOI-83c61c06-76fd-494d-990d-0805b4a177a6"
  },
  {
    "TimeGenerated": "5/10/2021, 5:47:21.697 PM",
    "Account": "WORKGROUP\\MyVM10$",
    "AccountType": "Machine",
    "Computer": "MyVM10",
    "EventSourceName": "Microsoft-Windows-Security-Auditing",
    "Channel": "Security",
    "Task": 13824,
    "Level": 8,
    "EventData": "<EventData xmlns=\"http://schemas.microsoft.com/win/2004/08/events/event\">\n  <Data Name=\"TargetUserName\">My</Data>\n  <Data Name=\"TargetDomainName\">MyVM10</Data>\n  <Data Name=\"TargetSid\">S-1-5-21-2478765507-795370589-586957426-500</Data>\n  <Data Name=\"SubjectUserSid\">S-1-5-18</Data>\n  <Data Name=\"SubjectUserName\">MyVM10$</Data>\n  <Data Name=\"SubjectDomainName\">WORKGROUP</Data>\n  <Data Name=\"SubjectLogonId\">0x3e7</Data>\n  <Data Name=\"CallerProcessId\">0x53c0</Data>\n  <Data Name=\"CallerProcessName\">C:\\WindowsAzure\\GuestAgent_2.7.41491.1010_2021-05-04_032227\\WaAppAgent.exe</Data>\n</EventData>",
    "EventID": 4798,
    "Activity": "4798 - A user's local group membership was enumerated.",
    "PartitionKey": "",
    "RowKey": "",
    "StorageAccount": "",
    "AzureDeploymentID": "",
    "AzureTableName": "",
    "AccessList": "",
    "AccessMask": null,
    "HandleId": null,
    "ObjectName": "",
    "ObjectServer": "",
    "ObjectType": "",
    "OperationType": "",
    "SubjectAccount": "WORKGROUP\\MyVM10$",
    "SubcategoryGuid": "",
    "SubcategoryId": "",
    "SubjectDomainName": "WORKGROUP",
    "SubjectKeyIdentifier": "",
    "SubjectLogonId": 30000000,
    "SubjectUserName": "MyVM10$",
    "SubjectUserSid": "S-1-5-18",
    "SourceComputerId": "99c906d4-159a-439b-aa5f-96e9f53058e2",
    "EventOriginId": "bc709639-71ad-4310-9652-b19cba1593f8",
    "MG": "00000000-0000-0000-0000-000000000001",
    "TimeCollected": "5/10/2021, 5:47:51.233 PM",
    "ManagementGroupName": "AOI-83c61c06-76fd-494d-990d-0805b4a177a6"
  },
  {
    "TimeGenerated": "5/10/2021, 5:47:21.707 PM",
    "Account": "WORKGROUP\\MyVM10$",
    "AccountType": "Machine",
    "Computer": "MyVM10",
    "EventSourceName": "Microsoft-Windows-Security-Auditing",
    "Channel": "Security",
    "Task": 13824,
    "Level": 8,
    "EventData": "<EventData xmlns=\"http://schemas.microsoft.com/win/2004/08/events/event\">\n  <Data Name=\"TargetUserName\">My</Data>\n  <Data Name=\"TargetDomainName\">MyVM10</Data>\n  <Data Name=\"TargetSid\">S-1-5-21-2478765507-795370589-586957426-500</Data>\n  <Data Name=\"SubjectUserSid\">S-1-5-18</Data>\n  <Data Name=\"SubjectUserName\">MyVM10$</Data>\n  <Data Name=\"SubjectDomainName\">WORKGROUP</Data>\n  <Data Name=\"SubjectLogonId\">0x3e7</Data>\n  <Data Name=\"CallerProcessId\">0x3990</Data>\n  <Data Name=\"CallerProcessName\">C:\\Windows\\System32\\wbem\\WmiPrvSE.exe</Data>\n</EventData>",
    "EventID": 4798,
    "Activity": "4798 - A user's local group membership was enumerated.",
    "PartitionKey": "",
    "RowKey": "",
    "StorageAccount": "",
    "AzureDeploymentID": "",
    "AzureTableName": "",
    "AccessList": "",
    "AccessMask": null,
    "HandleId": null,
    "ObjectName": "",
    "ObjectServer": "",
    "ObjectType": "",
    "OperationType": "",
    "SubjectAccount": "WORKGROUP\\MyVM10$",
    "SubcategoryGuid": "",
    "SubcategoryId": "",
    "SubjectDomainName": "WORKGROUP",
    "SubjectKeyIdentifier": "",
    "SubjectLogonId": 30000000,
    "SubjectUserName": "MyVM10$",
    "SubjectUserSid": "S-1-5-18",
    "SourceComputerId": "99c906d4-159a-439b-aa5f-96e9f53058e2",
    "EventOriginId": "5200f87d-cc83-4f4f-be13-b76f43bd9da5",
    "MG": "00000000-0000-0000-0000-000000000001",
    "TimeCollected": "5/10/2021, 5:47:51.233 PM",
    "ManagementGroupName": "AOI-83c61c06-76fd-494d-990d-0805b4a177a6"
  },
  {
    "TimeGenerated": "5/10/2021, 5:47:21.707 PM",
    "Account": "WORKGROUP\\MyVM10$",
    "AccountType": "Machine",
    "Computer": "MyVM10",
    "EventSourceName": "Microsoft-Windows-Security-Auditing",
    "Channel": "Security",
    "Task": 13824,
    "Level": 8,
    "EventData": "<EventData xmlns=\"http://schemas.microsoft.com/win/2004/08/events/event\">\n  <Data Name=\"TargetUserName\">DefaultAccount</Data>\n  <Data Name=\"TargetDomainName\">MyVM10</Data>\n  <Data Name=\"TargetSid\">S-1-5-21-2478765507-795370589-586957426-503</Data>\n  <Data Name=\"SubjectUserSid\">S-1-5-18</Data>\n  <Data Name=\"SubjectUserName\">MyVM10$</Data>\n  <Data Name=\"SubjectDomainName\">WORKGROUP</Data>\n  <Data Name=\"SubjectLogonId\">0x3e7</Data>\n  <Data Name=\"CallerProcessId\">0x3990</Data>\n  <Data Name=\"CallerProcessName\">C:\\Windows\\System32\\wbem\\WmiPrvSE.exe</Data>\n</EventData>",
    "EventID": 4798,
    "Activity": "4798 - A user's local group membership was enumerated.",
    "PartitionKey": "",
    "RowKey": "",
    "StorageAccount": "",
    "AzureDeploymentID": "",
    "AzureTableName": "",
    "AccessList": "",
    "AccessMask": null,
    "HandleId": null,
    "ObjectName": "",
    "ObjectServer": "",
    "ObjectType": "",
    "OperationType": "",
    "SubjectAccount": "WORKGROUP\\MyVM10$",
    "SubcategoryGuid": "",
    "SubcategoryId": "",
    "SubjectDomainName": "WORKGROUP",
    "SubjectKeyIdentifier": "",
    "SubjectLogonId": 30000000,
    "SubjectUserName": "MyVM10$",
    "SubjectUserSid": "S-1-5-18",
    "SourceComputerId": "99c906d4-159a-439b-aa5f-96e9f53058e2",
    "EventOriginId": "5f4e70f0-624d-481e-a88d-70a5127a3930",
    "MG": "00000000-0000-0000-0000-000000000001",
    "TimeCollected": "5/10/2021, 5:47:51.233 PM",
    "ManagementGroupName": "AOI-83c61c06-76fd-494d-990d-0805b4a177a6"
  },
  {
    "TimeGenerated": "5/10/2021, 5:47:21.707 PM",
    "Account": "WORKGROUP\\MyVM10$",
    "AccountType": "Machine",
    "Computer": "MyVM10",
    "EventSourceName": "Microsoft-Windows-Security-Auditing",
    "Channel": "Security",
    "Task": 13824,
    "Level": 8,
    "EventData": "<EventData xmlns=\"http://schemas.microsoft.com/win/2004/08/events/event\">\n  <Data Name=\"TargetUserName\">Guest</Data>\n  <Data Name=\"TargetDomainName\">MyVM10</Data>\n  <Data Name=\"TargetSid\">S-1-5-21-2478765507-795370589-586957426-501</Data>\n  <Data Name=\"SubjectUserSid\">S-1-5-18</Data>\n  <Data Name=\"SubjectUserName\">MyVM10$</Data>\n  <Data Name=\"SubjectDomainName\">WORKGROUP</Data>\n  <Data Name=\"SubjectLogonId\">0x3e7</Data>\n  <Data Name=\"CallerProcessId\">0x3990</Data>\n  <Data Name=\"CallerProcessName\">C:\\Windows\\System32\\wbem\\WmiPrvSE.exe</Data>\n</EventData>",
    "EventID": 4798,
    "Activity": "4798 - A user's local group membership was enumerated.",
    "PartitionKey": "",
    "RowKey": "",
    "StorageAccount": "",
    "AzureDeploymentID": "",
    "AzureTableName": "",
    "AccessList": "",
    "AccessMask": null,
    "HandleId": null,
    "ObjectName": "",
    "ObjectServer": "",
    "ObjectType": "",
    "OperationType": "",
    "SubjectAccount": "WORKGROUP\\MyVM10$",
    "SubcategoryGuid": "",
    "SubcategoryId": "",
    "SubjectDomainName": "WORKGROUP",
    "SubjectKeyIdentifier": "",
    "SubjectLogonId": 30000000,
    "SubjectUserName": "MyVM10$",
    "SubjectUserSid": "S-1-5-18",
    "SourceComputerId": "99c906d4-159a-439b-aa5f-96e9f53058e2",
    "EventOriginId": "c7a0b5ed-4f8a-4df2-929b-9861a369f32b",
    "MG": "00000000-0000-0000-0000-000000000001",
    "TimeCollected": "5/10/2021, 5:47:51.233 PM",
    "ManagementGroupName": "AOI-83c61c06-76fd-494d-990d-0805b4a177a6"
  },
  {
    "TimeGenerated": "5/10/2021, 5:47:21.707 PM",
    "Account": "WORKGROUP\\MyVM10$",
    "AccountType": "Machine",
    "Computer": "MyVM10",
    "EventSourceName": "Microsoft-Windows-Security-Auditing",
    "Channel": "Security",
    "Task": 13824,
    "Level": 8,
    "EventData": "<EventData xmlns=\"http://schemas.microsoft.com/win/2004/08/events/event\">\n  <Data Name=\"TargetUserName\">WDAGUtilityAccount</Data>\n  <Data Name=\"TargetDomainName\">MyVM10</Data>\n  <Data Name=\"TargetSid\">S-1-5-21-2478765507-795370589-586957426-504</Data>\n  <Data Name=\"SubjectUserSid\">S-1-5-18</Data>\n  <Data Name=\"SubjectUserName\">MyVM10$</Data>\n  <Data Name=\"SubjectDomainName\">WORKGROUP</Data>\n  <Data Name=\"SubjectLogonId\">0x3e7</Data>\n  <Data Name=\"CallerProcessId\">0x3990</Data>\n  <Data Name=\"CallerProcessName\">C:\\Windows\\System32\\wbem\\WmiPrvSE.exe</Data>\n</EventData>",
    "EventID": 4798,
    "Activity": "4798 - A user's local group membership was enumerated.",
    "PartitionKey": "",
    "RowKey": "",
    "StorageAccount": "",
    "AzureDeploymentID": "",
    "AzureTableName": "",
    "AccessList": "",
    "AccessMask": null,
    "HandleId": null,
    "ObjectName": "",
    "ObjectServer": "",
    "ObjectType": "",
    "OperationType": "",
    "SubjectAccount": "WORKGROUP\\MyVM10$",
    "SubcategoryGuid": "",
    "SubcategoryId": "",
    "SubjectDomainName": "WORKGROUP",
    "SubjectKeyIdentifier": "",
    "SubjectLogonId": 30000000,
    "SubjectUserName": "MyVM10$",
    "SubjectUserSid": "S-1-5-18",
    "SourceComputerId": "99c906d4-159a-439b-aa5f-96e9f53058e2",
    "EventOriginId": "63b1cef6-f00a-42e7-8f2b-37de734d2229",
    "MG": "00000000-0000-0000-0000-000000000001",
    "TimeCollected": "5/10/2021, 5:47:51.233 PM",
    "ManagementGroupName": "AOI-83c61c06-76fd-494d-990d-0805b4a177a6"
  },
  {
    "TimeGenerated": "5/10/2021, 5:47:24.063 PM",
    "Account": "WORKGROUP\\MyVM10$",
    "AccountType": "Machine",
    "Computer": "MyVM10",
    "EventSourceName": "Microsoft-Windows-Security-Auditing",
    "Channel": "Security",
    "Task": 13824,
    "Level": 8,
    "EventData": "<EventData xmlns=\"http://schemas.microsoft.com/win/2004/08/events/event\">\n  <Data Name=\"TargetUserName\">My</Data>\n  <Data Name=\"TargetDomainName\">MyVM10</Data>\n  <Data Name=\"TargetSid\">S-1-5-21-2478765507-795370589-586957426-500</Data>\n  <Data Name=\"SubjectUserSid\">S-1-5-18</Data>\n  <Data Name=\"SubjectUserName\">MyVM10$</Data>\n  <Data Name=\"SubjectDomainName\">WORKGROUP</Data>\n  <Data Name=\"SubjectLogonId\">0x3e7</Data>\n  <Data Name=\"CallerProcessId\">0x53c0</Data>\n  <Data Name=\"CallerProcessName\">C:\\WindowsAzure\\GuestAgent_2.7.41491.1010_2021-05-04_032227\\WaAppAgent.exe</Data>\n</EventData>",
    "EventID": 4798,
    "Activity": "4798 - A user's local group membership was enumerated.",
    "PartitionKey": "",
    "RowKey": "",
    "StorageAccount": "",
    "AzureDeploymentID": "",
    "AzureTableName": "",
    "AccessList": "",
    "AccessMask": null,
    "HandleId": null,
    "ObjectName": "",
    "ObjectServer": "",
    "ObjectType": "",
    "OperationType": "",
    "SubjectAccount": "WORKGROUP\\MyVM10$",
    "SubcategoryGuid": "",
    "SubcategoryId": "",
    "SubjectDomainName": "WORKGROUP",
    "SubjectKeyIdentifier": "",
    "SubjectLogonId": 30000000,
    "SubjectUserName": "MyVM10$",
    "SubjectUserSid": "S-1-5-18",
    "SourceComputerId": "99c906d4-159a-439b-aa5f-96e9f53058e2",
    "EventOriginId": "dc6b4b19-f548-43e1-9857-775f0ffd4df3",
    "MG": "00000000-0000-0000-0000-000000000001",
    "TimeCollected": "5/10/2021, 5:47:51.233 PM",
    "ManagementGroupName": "AOI-83c61c06-76fd-494d-990d-0805b4a177a6"
  },
  {
    "TimeGenerated": "5/10/2021, 5:47:24.070 PM",
    "Account": "WORKGROUP\\MyVM10$",
    "AccountType": "Machine",
    "Computer": "MyVM10",
    "EventSourceName": "Microsoft-Windows-Security-Auditing",
    "Channel": "Security",
    "Task": 13824,
    "Level": 8,
    "EventData": "<EventData xmlns=\"http://schemas.microsoft.com/win/2004/08/events/event\">\n  <Data Name=\"TargetUserName\">My</Data>\n  <Data Name=\"TargetDomainName\">MyVM10</Data>\n  <Data Name=\"TargetSid\">S-1-5-21-2478765507-795370589-586957426-500</Data>\n  <Data Name=\"SubjectUserSid\">S-1-5-18</Data>\n  <Data Name=\"SubjectUserName\">MyVM10$</Data>\n  <Data Name=\"SubjectDomainName\">WORKGROUP</Data>\n  <Data Name=\"SubjectLogonId\">0x3e7</Data>\n  <Data Name=\"CallerProcessId\">0x0</Data>\n  <Data Name=\"CallerProcessName\">-</Data>\n</EventData>",
    "EventID": 4798,
    "Activity": "4798 - A user's local group membership was enumerated.",
    "PartitionKey": "",
    "RowKey": "",
    "StorageAccount": "",
    "AzureDeploymentID": "",
    "AzureTableName": "",
    "AccessList": "",
    "AccessMask": null,
    "HandleId": null,
    "ObjectName": "",
    "ObjectServer": "",
    "ObjectType": "",
    "OperationType": "",
    "SubjectAccount": "WORKGROUP\\MyVM10$",
    "SubcategoryGuid": "",
    "SubcategoryId": "",
    "SubjectDomainName": "WORKGROUP",
    "SubjectKeyIdentifier": "",
    "SubjectLogonId": 30000000,
    "SubjectUserName": "MyVM10$",
    "SubjectUserSid": "S-1-5-18",
    "SourceComputerId": "99c906d4-159a-439b-aa5f-96e9f53058e2",
    "EventOriginId": "9cb5b433-ee71-469b-a381-370ffa76d534",
    "MG": "00000000-0000-0000-0000-000000000001",
    "TimeCollected": "5/10/2021, 5:47:51.233 PM",
    "ManagementGroupName": "AOI-83c61c06-76fd-494d-990d-0805b4a177a6"
  },
  {
    "TimeGenerated": "5/10/2021, 5:47:44.017 PM",
    "Account": "NT AUTHORITY\\SYSTEM",
    "AccountType": "Machine",
    "Computer": "MyVM10",
    "EventSourceName": "Microsoft-Windows-Security-Auditing",
    "Channel": "Security",
    "Task": 12544,
    "Level": 8,
    "EventData": "",
    "EventID": 4624,
    "Activity": "4624 - An account was successfully logged on.",
    "PartitionKey": "",
    "RowKey": "",
    "StorageAccount": "",
    "AzureDeploymentID": "",
    "AzureTableName": "",
    "AccessList": "",
    "AccessMask": null,
    "HandleId": null,
    "ObjectName": "",
    "ObjectServer": "",
    "ObjectType": "",
    "OperationType": "",
    "SubjectAccount": "WORKGROUP\\MyVM10$",
    "SubcategoryGuid": "",
    "SubcategoryId": "",
    "SubjectDomainName": "WORKGROUP",
    "SubjectKeyIdentifier": "",
    "SubjectLogonId": 30000000,
    "SubjectUserName": "MyVM10$",
    "SubjectUserSid": "S-1-5-18",
    "SourceComputerId": "99c906d4-159a-439b-aa5f-96e9f53058e2",
    "EventOriginId": "f736298c-b4c7-4c26-8dd5-9c0cafb0d30b",
    "MG": "00000000-0000-0000-0000-000000000001",
    "TimeCollected": "5/10/2021, 5:47:51.233 PM",
    "ManagementGroupName": "AOI-83c61c06-76fd-494d-990d-0805b4a177a6"
  },
  {
    "TimeGenerated": "5/10/2021, 5:47:44.017 PM",
    "Account": "NT AUTHORITY\\SYSTEM",
    "AccountType": "Machine",
    "Computer": "MyVM10",
    "EventSourceName": "Microsoft-Windows-Security-Auditing",
    "Channel": "Security",
    "Task": 12548,
    "Level": 8,
    "EventData": "",
    "EventID": 4672,
    "Activity": "4672 - Special privileges assigned to new logon.",
    "PartitionKey": "",
    "RowKey": "",
    "StorageAccount": "",
    "AzureDeploymentID": "",
    "AzureTableName": "",
    "AccessList": "",
    "AccessMask": null,
    "HandleId": null,
    "ObjectName": "",
    "ObjectServer": "",
    "ObjectType": "",
    "OperationType": "",
    "SubjectAccount": "NT AUTHORITY\\SYSTEM",
    "SubcategoryGuid": "",
    "SubcategoryId": "",
    "SubjectDomainName": "NT AUTHORITY",
    "SubjectKeyIdentifier": "",
    "SubjectLogonId": 30000000,
    "SubjectUserName": "SYSTEM",
    "SubjectUserSid": "S-1-5-18",
    "SourceComputerId": "99c906d4-159a-439b-aa5f-96e9f53058e2",
    "EventOriginId": "d2250889-6b47-499b-8dfc-f0b8f7443959",
    "MG": "00000000-0000-0000-0000-000000000001",
    "TimeCollected": "5/10/2021, 5:47:51.233 PM",
    "ManagementGroupName": "AOI-83c61c06-76fd-494d-990d-0805b4a177a6"
  },
  {
    "TimeGenerated": "5/10/2021, 5:47:44.053 PM",
    "Account": "",
    "AccountType": "",
    "Computer": "MyVM10",
    "EventSourceName": "Microsoft-Windows-Security-Auditing",
    "Channel": "Security",
    "Task": 13824,
    "Level": 8,
    "EventData": "<EventData xmlns=\"http://schemas.microsoft.com/win/2004/08/events/event\">\n  <Data Name=\"SubjectUserSid\">S-1-5-18</Data>\n  <Data Name=\"SubjectUserName\">MyVM10$</Data>\n  <Data Name=\"SubjectDomainName\">WORKGROUP</Data>\n  <Data Name=\"SubjectLogonId\">0x3e7</Data>\n  <Data Name=\"TargetName\">WindowsLive:(token):name=02pztrvzkdqypcrf;serviceuri=*</Data>\n  <Data Name=\"Type\">0</Data>\n  <Data Name=\"CountOfCredentialsReturned\">0</Data>\n  <Data Name=\"ReadOperation\">%%8100</Data>\n  <Data Name=\"ReturnCode\">3221226021</Data>\n  <Data Name=\"ProcessCreationTime\">2021-05-10T14:47:44.016970500Z</Data>\n  <Data Name=\"ClientProcessId\">23028</Data>\n</EventData>",
    "EventID": 5379,
    "Activity": "5379",
    "PartitionKey": "",
    "RowKey": "",
    "StorageAccount": "",
    "AzureDeploymentID": "",
    "AzureTableName": "",
    "AccessList": "",
    "AccessMask": null,
    "HandleId": null,
    "ObjectName": "",
    "ObjectServer": "",
    "ObjectType": "",
    "OperationType": "",
    "SubjectAccount": "",
    "SubcategoryGuid": "",
    "SubcategoryId": "",
    "SubjectDomainName": "",
    "SubjectKeyIdentifier": "",
    "SubjectLogonId": null,
    "SubjectUserName": "",
    "SubjectUserSid": "",
    "SourceComputerId": "99c906d4-159a-439b-aa5f-96e9f53058e2",
    "EventOriginId": "94e1b553-e06b-4f79-9ed7-620375fa2914",
    "MG": "00000000-0000-0000-0000-000000000001",
    "TimeCollected": "5/10/2021, 5:47:51.233 PM",
    "ManagementGroupName": "AOI-83c61c06-76fd-494d-990d-0805b4a177a6"
  },
  {
    "TimeGenerated": "5/10/2021, 5:47:44.053 PM",
    "Account": "",
    "AccountType": "",
    "Computer": "MyVM10",
    "EventSourceName": "Microsoft-Windows-Security-Auditing",
    "Channel": "Security",
    "Task": 13824,
    "Level": 8,
    "EventData": "<EventData xmlns=\"http://schemas.microsoft.com/win/2004/08/events/event\">\n  <Data Name=\"SubjectUserSid\">S-1-5-18</Data>\n  <Data Name=\"SubjectUserName\">MyVM10$</Data>\n  <Data Name=\"SubjectDomainName\">WORKGROUP</Data>\n  <Data Name=\"SubjectLogonId\">0x3e7</Data>\n  <Data Name=\"TargetName\">WindowsLive:(cert):name=02pztrvzkdqypcrf;serviceuri=*</Data>\n  <Data Name=\"Type\">0</Data>\n  <Data Name=\"CountOfCredentialsReturned\">0</Data>\n  <Data Name=\"ReadOperation\">%%8100</Data>\n  <Data Name=\"ReturnCode\">3221226021</Data>\n  <Data Name=\"ProcessCreationTime\">2021-05-10T14:47:44.016970500Z</Data>\n  <Data Name=\"ClientProcessId\">23028</Data>\n</EventData>",
    "EventID": 5379,
    "Activity": "5379",
    "PartitionKey": "",
    "RowKey": "",
    "StorageAccount": "",
    "AzureDeploymentID": "",
    "AzureTableName": "",
    "AccessList": "",
    "AccessMask": null,
    "HandleId": null,
    "ObjectName": "",
    "ObjectServer": "",
    "ObjectType": "",
    "OperationType": "",
    "SubjectAccount": "",
    "SubcategoryGuid": "",
    "SubcategoryId": "",
    "SubjectDomainName": "",
    "SubjectKeyIdentifier": "",
    "SubjectLogonId": null,
    "SubjectUserName": "",
    "SubjectUserSid": "",
    "SourceComputerId": "99c906d4-159a-439b-aa5f-96e9f53058e2",
    "EventOriginId": "f8e06398-699a-4a81-9768-ae2eb327c2cc",
    "MG": "00000000-0000-0000-0000-000000000001",
    "TimeCollected": "5/10/2021, 5:47:51.233 PM",
    "ManagementGroupName": "AOI-83c61c06-76fd-494d-990d-0805b4a177a6"
  },
  {
    "TimeGenerated": "5/10/2021, 5:47:44.053 PM",
    "Account": "",
    "AccountType": "",
    "Computer": "MyVM10",
    "EventSourceName": "Microsoft-Windows-Security-Auditing",
    "Channel": "Security",
    "Task": 13824,
    "Level": 8,
    "EventData": "<EventData xmlns=\"http://schemas.microsoft.com/win/2004/08/events/event\">\n  <Data Name=\"SubjectUserSid\">S-1-5-18</Data>\n  <Data Name=\"SubjectUserName\">MyVM10$</Data>\n  <Data Name=\"SubjectDomainName\">WORKGROUP</Data>\n  <Data Name=\"SubjectLogonId\">0x3e7</Data>\n  <Data Name=\"TargetName\">WindowsLive:target=virtualapp/didlogical</Data>\n  <Data Name=\"Type\">0</Data>\n  <Data Name=\"CountOfCredentialsReturned\">1</Data>\n  <Data Name=\"ReadOperation\">%%8100</Data>\n  <Data Name=\"ReturnCode\">0</Data>\n  <Data Name=\"ProcessCreationTime\">2021-05-10T14:47:44.016970500Z</Data>\n  <Data Name=\"ClientProcessId\">23028</Data>\n</EventData>",
    "EventID": 5379,
    "Activity": "5379",
    "PartitionKey": "",
    "RowKey": "",
    "StorageAccount": "",
    "AzureDeploymentID": "",
    "AzureTableName": "",
    "AccessList": "",
    "AccessMask": null,
    "HandleId": null,
    "ObjectName": "",
    "ObjectServer": "",
    "ObjectType": "",
    "OperationType": "",
    "SubjectAccount": "",
    "SubcategoryGuid": "",
    "SubcategoryId": "",
    "SubjectDomainName": "",
    "SubjectKeyIdentifier": "",
    "SubjectLogonId": null,
    "SubjectUserName": "",
    "SubjectUserSid": "",
    "SourceComputerId": "99c906d4-159a-439b-aa5f-96e9f53058e2",
    "EventOriginId": "21adc6ab-8db3-4f5c-bdd0-cfe8c19b1024",
    "MG": "00000000-0000-0000-0000-000000000001",
    "TimeCollected": "5/10/2021, 5:47:51.233 PM",
    "ManagementGroupName": "AOI-83c61c06-76fd-494d-990d-0805b4a177a6"
  },
  {
    "TimeGenerated": "5/10/2021, 5:47:44.063 PM",
    "Account": "",
    "AccountType": "",
    "Computer": "MyVM10",
    "EventSourceName": "Microsoft-Windows-Security-Auditing",
    "Channel": "Security",
    "Task": 13824,
    "Level": 8,
    "EventData": "<EventData xmlns=\"http://schemas.microsoft.com/win/2004/08/events/event\">\n  <Data Name=\"SubjectUserSid\">S-1-5-18</Data>\n  <Data Name=\"SubjectUserName\">MyVM10$</Data>\n  <Data Name=\"SubjectDomainName\">WORKGROUP</Data>\n  <Data Name=\"SubjectLogonId\">0x3e7</Data>\n  <Data Name=\"TargetName\">MicrosoftAccount:user=02pztrvzkdqypcrf</Data>\n  <Data Name=\"Type\">0</Data>\n  <Data Name=\"CountOfCredentialsReturned\">0</Data>\n  <Data Name=\"ReadOperation\">%%8100</Data>\n  <Data Name=\"ReturnCode\">3221226021</Data>\n  <Data Name=\"ProcessCreationTime\">2021-05-10T14:47:44.016970500Z</Data>\n  <Data Name=\"ClientProcessId\">23028</Data>\n</EventData>",
    "EventID": 5379,
    "Activity": "5379",
    "PartitionKey": "",
    "RowKey": "",
    "StorageAccount": "",
    "AzureDeploymentID": "",
    "AzureTableName": "",
    "AccessList": "",
    "AccessMask": null,
    "HandleId": null,
    "ObjectName": "",
    "ObjectServer": "",
    "ObjectType": "",
    "OperationType": "",
    "SubjectAccount": "",
    "SubcategoryGuid": "",
    "SubcategoryId": "",
    "SubjectDomainName": "",
    "SubjectKeyIdentifier": "",
    "SubjectLogonId": null,
    "SubjectUserName": "",
    "SubjectUserSid": "",
    "SourceComputerId": "99c906d4-159a-439b-aa5f-96e9f53058e2",
    "EventOriginId": "0fbdffc9-bbc1-420f-9957-e1566704f1b1",
    "MG": "00000000-0000-0000-0000-000000000001",
    "TimeCollected": "5/10/2021, 5:47:51.233 PM",
    "ManagementGroupName": "AOI-83c61c06-76fd-494d-990d-0805b4a177a6"
  },
  {
    "TimeGenerated": "5/10/2021, 5:47:44.063 PM",
    "Account": "",
    "AccountType": "",
    "Computer": "MyVM10",
    "EventSourceName": "Microsoft-Windows-Security-Auditing",
    "Channel": "Security",
    "Task": 13824,
    "Level": 8,
    "EventData": "<EventData xmlns=\"http://schemas.microsoft.com/win/2004/08/events/event\">\n  <Data Name=\"SubjectUserSid\">S-1-5-18</Data>\n  <Data Name=\"SubjectUserName\">MyVM10$</Data>\n  <Data Name=\"SubjectDomainName\">WORKGROUP</Data>\n  <Data Name=\"SubjectLogonId\">0x3e7</Data>\n  <Data Name=\"TargetName\">WindowsLive:(token):name=02pztrvzkdqypcrf;serviceuri=*</Data>\n  <Data Name=\"Type\">0</Data>\n  <Data Name=\"CountOfCredentialsReturned\">0</Data>\n  <Data Name=\"ReadOperation\">%%8100</Data>\n  <Data Name=\"ReturnCode\">3221226021</Data>\n  <Data Name=\"ProcessCreationTime\">2021-05-10T14:47:44.016970500Z</Data>\n  <Data Name=\"ClientProcessId\">23028</Data>\n</EventData>",
    "EventID": 5379,
    "Activity": "5379",
    "PartitionKey": "",
    "RowKey": "",
    "StorageAccount": "",
    "AzureDeploymentID": "",
    "AzureTableName": "",
    "AccessList": "",
    "AccessMask": null,
    "HandleId": null,
    "ObjectName": "",
    "ObjectServer": "",
    "ObjectType": "",
    "OperationType": "",
    "SubjectAccount": "",
    "SubcategoryGuid": "",
    "SubcategoryId": "",
    "SubjectDomainName": "",
    "SubjectKeyIdentifier": "",
    "SubjectLogonId": null,
    "SubjectUserName": "",
    "SubjectUserSid": "",
    "SourceComputerId": "99c906d4-159a-439b-aa5f-96e9f53058e2",
    "EventOriginId": "0220d717-4d70-4e9d-9363-bd0577fd8b6b",
    "MG": "00000000-0000-0000-0000-000000000001",
    "TimeCollected": "5/10/2021, 5:47:51.233 PM",
    "ManagementGroupName": "AOI-83c61c06-76fd-494d-990d-0805b4a177a6"
  },
  {
    "TimeGenerated": "5/10/2021, 5:47:44.063 PM",
    "Account": "",
    "AccountType": "",
    "Computer": "MyVM10",
    "EventSourceName": "Microsoft-Windows-Security-Auditing",
    "Channel": "Security",
    "Task": 13824,
    "Level": 8,
    "EventData": "<EventData xmlns=\"http://schemas.microsoft.com/win/2004/08/events/event\">\n  <Data Name=\"SubjectUserSid\">S-1-5-18</Data>\n  <Data Name=\"SubjectUserName\">MyVM10$</Data>\n  <Data Name=\"SubjectDomainName\">WORKGROUP</Data>\n  <Data Name=\"SubjectLogonId\">0x3e7</Data>\n  <Data Name=\"TargetName\">WindowsLive:(cert):name=02pztrvzkdqypcrf;serviceuri=*</Data>\n  <Data Name=\"Type\">0</Data>\n  <Data Name=\"CountOfCredentialsReturned\">0</Data>\n  <Data Name=\"ReadOperation\">%%8100</Data>\n  <Data Name=\"ReturnCode\">3221226021</Data>\n  <Data Name=\"ProcessCreationTime\">2021-05-10T14:47:44.016970500Z</Data>\n  <Data Name=\"ClientProcessId\">23028</Data>\n</EventData>",
    "EventID": 5379,
    "Activity": "5379",
    "PartitionKey": "",
    "RowKey": "",
    "StorageAccount": "",
    "AzureDeploymentID": "",
    "AzureTableName": "",
    "AccessList": "",
    "AccessMask": null,
    "HandleId": null,
    "ObjectName": "",
    "ObjectServer": "",
    "ObjectType": "",
    "OperationType": "",
    "SubjectAccount": "",
    "SubcategoryGuid": "",
    "SubcategoryId": "",
    "SubjectDomainName": "",
    "SubjectKeyIdentifier": "",
    "SubjectLogonId": null,
    "SubjectUserName": "",
    "SubjectUserSid": "",
    "SourceComputerId": "99c906d4-159a-439b-aa5f-96e9f53058e2",
    "EventOriginId": "406f832e-e6ce-4d0e-9bc4-0ff20e17ed71",
    "MG": "00000000-0000-0000-0000-000000000001",
    "TimeCollected": "5/10/2021, 5:47:51.233 PM",
    "ManagementGroupName": "AOI-83c61c06-76fd-494d-990d-0805b4a177a6"
  },
