  {
    "TimeGenerated": "5/10/2021, 5:50:10.453 PM",
    "Account": "NT AUTHORITY\\LOCAL SERVICE",
    "AccountType": "Machine",
    "Computer": "VM1.testenv.onmicrosoft.com",
    "EventSourceName": "Microsoft-Windows-Security-Auditing",
    "Channel": "Security",
    "Task": 1,
    "Level": 0,
    "EventData": "",
    "EventID": 4662,
    "Activity": "4662 - An operation was performed on an object.",
    "PartitionKey": "",
    "RowKey": "",
    "StorageAccount": "",
    "AzureDeploymentID": "",
    "AzureTableName": "",
    "AccessList": "%%5649 \t\t\t\t",
    "AccessMask": 2,
    "HandleId": 640700,
    "ObjectName": "Policy\\Secrets\\$MACHINE.ACC",
    "ObjectServer": "LSA",
    "ObjectType": "SecretObject",
    "OperationType": "Query",
    "SubjectAccount": "NT AUTHORITY\\LOCAL SERVICE",
    "SubcategoryGuid": "",
    "SubcategoryId": "",
    "SubjectDomainName": "NT AUTHORITY",
    "SubjectKeyIdentifier": "",
    "SubjectLogonId": 300000,
    "SubjectUserName": "LOCAL SERVICE",
    "SubjectUserSid": "S-1-5-19",
    "SourceComputerId": "5c7f3782-1e64-f470-738c-cf904f80d3d3",
    "EventOriginId": "862c4600-b1f2-46f6-a0c5-c886f4c375e7",
    "MG": "00000000-0000-0000-0000-000000000001",
    "TimeCollected": "5/10/2021, 5:52:12.446 PM",
    "ManagementGroupName": "AOI-83c61c06-76fd-494d-990d-0805b4a177a6"
  },
  {
    "TimeGenerated": "5/10/2021, 5:50:11.060 PM",
    "Account": "",
    "AccountType": "",
    "Computer": "VM1.testenv.onmicrosoft.com",
    "EventSourceName": "Microsoft-Windows-Security-Auditing",
    "Channel": "Security",
    "Task": 1,
    "Level": 0,
    "EventData": "<EventData xmlns=\"http://schemas.microsoft.com/win/2004/08/events/event\">\n  <Data Name=\"ProcessId\">984</Data>\n  <Data Name=\"Application\">\\device\\harddiskvolume1\\windows\\system32\\svchost.exe</Data>\n  <Data Name=\"SourceAddress\">::</Data>\n  <Data Name=\"SourcePort\">53813</Data>\n  <Data Name=\"Protocol\">17</Data>\n  <Data Name=\"FilterRTID\">0</Data>\n  <Data Name=\"LayerName\">%%14608</Data>\n  <Data Name=\"LayerRTID\">36</Data>\n</EventData>",
    "EventID": 5158,
    "Activity": "5158 - The Windows Filtering Platform has permitted a bind to a local port.",
    "PartitionKey": "",
    "RowKey": "",
    "StorageAccount": "",
    "AzureDeploymentID": "",
    "AzureTableName": "",
    "AccessList": "",
    "AccessMask": null,
    "HandleId": null,
    "ObjectName": "",
    "ObjectServer": "",
    "ObjectType": "",
    "OperationType": "",
    "SubjectAccount": "",
    "SubcategoryGuid": "",
    "SubcategoryId": "",
    "SubjectDomainName": "",
    "SubjectKeyIdentifier": "",
    "SubjectLogonId": null,
    "SubjectUserName": "",
    "SubjectUserSid": "",
    "SourceComputerId": "5c7f3782-1e64-f470-738c-cf904f80d3d3",
    "EventOriginId": "862c4600-b1f2-46f6-a0c5-c886f4c375e7",
    "MG": "00000000-0000-0000-0000-000000000001",
    "TimeCollected": "5/10/2021, 5:52:12.446 PM",
    "ManagementGroupName": "AOI-83c61c06-76fd-494d-990d-0805b4a177a6"
  },
  {
    "TimeGenerated": "5/10/2021, 5:50:11.060 PM",
    "Account": "",
    "AccountType": "",
    "Computer": "VM1.testenv.onmicrosoft.com",
    "EventSourceName": "Microsoft-Windows-Security-Auditing",
    "Channel": "Security",
    "Task": 1,
    "Level": 0,
    "EventData": "<EventData xmlns=\"http://schemas.microsoft.com/win/2004/08/events/event\">\n  <Data Name=\"ProcessId\">984</Data>\n  <Data Name=\"Application\">\\device\\harddiskvolume1\\windows\\system32\\svchost.exe</Data>\n  <Data Name=\"SourceAddress\">::</Data>\n  <Data Name=\"SourcePort\">53813</Data>\n  <Data Name=\"Protocol\">17</Data>\n  <Data Name=\"FilterRTID\">0</Data>\n  <Data Name=\"LayerName\">%%14608</Data>\n  <Data Name=\"LayerRTID\">38</Data>\n</EventData>",
    "EventID": 5158,
    "Activity": "5158 - The Windows Filtering Platform has permitted a bind to a local port.",
    "PartitionKey": "",
    "RowKey": "",
    "StorageAccount": "",
    "AzureDeploymentID": "",
    "AzureTableName": "",
    "AccessList": "",
    "AccessMask": null,
    "HandleId": null,
    "ObjectName": "",
    "ObjectServer": "",
    "ObjectType": "",
    "OperationType": "",
    "SubjectAccount": "",
    "SubcategoryGuid": "",
    "SubcategoryId": "",
    "SubjectDomainName": "",
    "SubjectKeyIdentifier": "",
    "SubjectLogonId": null,
    "SubjectUserName": "",
    "SubjectUserSid": "",
    "SourceComputerId": "5c7f3782-1e64-f470-738c-cf904f80d3d3",
    "EventOriginId": "862c4600-b1f2-46f6-a0c5-c886f4c375e7",
    "MG": "00000000-0000-0000-0000-000000000001",
    "TimeCollected": "5/10/2021, 5:52:12.446 PM",
    "ManagementGroupName": "AOI-83c61c06-76fd-494d-990d-0805b4a177a6"
  },
  {
    "TimeGenerated": "5/10/2021, 5:50:11.060 PM",
    "Account": "",
    "AccountType": "",
    "Computer": "VM1.testenv.onmicrosoft.com",
    "EventSourceName": "Microsoft-Windows-Security-Auditing",
    "Channel": "Security",
    "Task": 1,
    "Level": 0,
    "EventData": "<EventData xmlns=\"http://schemas.microsoft.com/win/2004/08/events/event\">\n  <Data Name=\"ProcessID\">984</Data>\n  <Data Name=\"Application\">\\device\\harddiskvolume1\\windows\\system32\\svchost.exe</Data>\n  <Data Name=\"Direction\">%%14593</Data>\n  <Data Name=\"SourceAddress\">10.0.0.5</Data>\n  <Data Name=\"SourcePort\">53813</Data>\n  <Data Name=\"DestAddress\">10.0.0.4</Data>\n  <Data Name=\"DestPort\">53</Data>\n  <Data Name=\"Protocol\">17</Data>\n  <Data Name=\"FilterRTID\">79266</Data>\n  <Data Name=\"LayerName\">%%14611</Data>\n  <Data Name=\"LayerRTID\">48</Data>\n  <Data Name=\"RemoteUserID\">S-1-0-0</Data>\n  <Data Name=\"RemoteMachineID\">S-1-0-0</Data>\n</EventData>",
    "EventID": 5156,
    "Activity": "5156 - The Windows Filtering Platform has allowed a connection.",
    "PartitionKey": "",
    "RowKey": "",
    "StorageAccount": "",
    "AzureDeploymentID": "",
    "AzureTableName": "",
    "AccessList": "",
    "AccessMask": null,
    "HandleId": null,
    "ObjectName": "",
    "ObjectServer": "",
    "ObjectType": "",
    "OperationType": "",
    "SubjectAccount": "",
    "SubcategoryGuid": "",
    "SubcategoryId": "",
    "SubjectDomainName": "",
    "SubjectKeyIdentifier": "",
    "SubjectLogonId": null,
    "SubjectUserName": "",
    "SubjectUserSid": "",
    "SourceComputerId": "5c7f3782-1e64-f470-738c-cf904f80d3d3",
    "EventOriginId": "862c4600-b1f2-46f6-a0c5-c886f4c375e7",
    "MG": "00000000-0000-0000-0000-000000000001",
    "TimeCollected": "5/10/2021, 5:52:12.446 PM",
    "ManagementGroupName": "AOI-83c61c06-76fd-494d-990d-0805b4a177a6"
  },
  {
    "TimeGenerated": "5/10/2021, 5:50:11.060 PM",
    "Account": "",
    "AccountType": "",
    "Computer": "VM1.testenv.onmicrosoft.com",
    "EventSourceName": "Microsoft-Windows-Security-Auditing",
    "Channel": "Security",
    "Task": 1,
    "Level": 0,
    "EventData": "<EventData xmlns=\"http://schemas.microsoft.com/win/2004/08/events/event\">\n  <Data Name=\"ProcessId\">2592</Data>\n  <Data Name=\"Application\">\\device\\harddiskvolume1\\packages\\plugins\\microsoft.azure.monitor.azuremonitorwindowsagent\\1.0.8.0\\monitoring\\agent\\monagentcore.exe</Data>\n  <Data Name=\"SourceAddress\">0.0.0.0</Data>\n  <Data Name=\"SourcePort\">62706</Data>\n  <Data Name=\"Protocol\">6</Data>\n  <Data Name=\"FilterRTID\">0</Data>\n  <Data Name=\"LayerName\">%%14608</Data>\n  <Data Name=\"LayerRTID\">36</Data>\n</EventData>",
    "EventID": 5158,
    "Activity": "5158 - The Windows Filtering Platform has permitted a bind to a local port.",
    "PartitionKey": "",
    "RowKey": "",
    "StorageAccount": "",
    "AzureDeploymentID": "",
    "AzureTableName": "",
    "AccessList": "",
    "AccessMask": null,
    "HandleId": null,
    "ObjectName": "",
    "ObjectServer": "",
    "ObjectType": "",
    "OperationType": "",
    "SubjectAccount": "",
    "SubcategoryGuid": "",
    "SubcategoryId": "",
    "SubjectDomainName": "",
    "SubjectKeyIdentifier": "",
    "SubjectLogonId": null,
    "SubjectUserName": "",
    "SubjectUserSid": "",
    "SourceComputerId": "5c7f3782-1e64-f470-738c-cf904f80d3d3",
    "EventOriginId": "862c4600-b1f2-46f6-a0c5-c886f4c375e7",
    "MG": "00000000-0000-0000-0000-000000000001",
    "TimeCollected": "5/10/2021, 5:52:12.446 PM",
    "ManagementGroupName": "AOI-83c61c06-76fd-494d-990d-0805b4a177a6"
  },
  {
    "TimeGenerated": "5/10/2021, 5:50:11.060 PM",
    "Account": "",
    "AccountType": "",
    "Computer": "VM1.testenv.onmicrosoft.com",
    "EventSourceName": "Microsoft-Windows-Security-Auditing",
    "Channel": "Security",
    "Task": 1,
    "Level": 0,
    "EventData": "<EventData xmlns=\"http://schemas.microsoft.com/win/2004/08/events/event\">\n  <Data Name=\"ProcessID\">2592</Data>\n  <Data Name=\"Application\">\\device\\harddiskvolume1\\packages\\plugins\\microsoft.azure.monitor.azuremonitorwindowsagent\\1.0.8.0\\monitoring\\agent\\monagentcore.exe</Data>\n  <Data Name=\"Direction\">%%14593</Data>\n  <Data Name=\"SourceAddress\">10.0.0.5</Data>\n  <Data Name=\"SourcePort\">62706</Data>\n  <Data Name=\"DestAddress\">13.77.52.23</Data>\n  <Data Name=\"DestPort\">443</Data>\n  <Data Name=\"Protocol\">6</Data>\n  <Data Name=\"FilterRTID\">79270</Data>\n  <Data Name=\"LayerName\">%%14611</Data>\n  <Data Name=\"LayerRTID\">48</Data>\n  <Data Name=\"RemoteUserID\">S-1-0-0</Data>\n  <Data Name=\"RemoteMachineID\">S-1-0-0</Data>\n</EventData>",
    "EventID": 5156,
    "Activity": "5156 - The Windows Filtering Platform has allowed a connection.",
    "PartitionKey": "",
    "RowKey": "",
    "StorageAccount": "",
    "AzureDeploymentID": "",
    "AzureTableName": "",
    "AccessList": "",
    "AccessMask": null,
    "HandleId": null,
    "ObjectName": "",
    "ObjectServer": "",
    "ObjectType": "",
    "OperationType": "",
    "SubjectAccount": "",
    "SubcategoryGuid": "",
    "SubcategoryId": "",
    "SubjectDomainName": "",
    "SubjectKeyIdentifier": "",
    "SubjectLogonId": null,
    "SubjectUserName": "",
    "SubjectUserSid": "",
    "SourceComputerId": "5c7f3782-1e64-f470-738c-cf904f80d3d3",
    "EventOriginId": "862c4600-b1f2-46f6-a0c5-c886f4c375e7",
    "MG": "00000000-0000-0000-0000-000000000001",
    "TimeCollected": "5/10/2021, 5:52:12.446 PM",
    "ManagementGroupName": "AOI-83c61c06-76fd-494d-990d-0805b4a177a6"
  },
  {
    "TimeGenerated": "5/10/2021, 5:50:11.673 PM",
    "Account": "",
    "AccountType": "",
    "Computer": "VM1.testenv.onmicrosoft.com",
    "EventSourceName": "Microsoft-Windows-Security-Auditing",
    "Channel": "Security",
    "Task": 1,
    "Level": 0,
    "EventData": "<EventData xmlns=\"http://schemas.microsoft.com/win/2004/08/events/event\">\n  <Data Name=\"ProcessId\">4016</Data>\n  <Data Name=\"Application\">\\device\\harddiskvolume1\\windowsazure\\guestagent_2.7.41491.1005_2020-11-17_025846\\guestagent\\windowsazureguestagent.exe</Data>\n  <Data Name=\"SourceAddress\">0.0.0.0</Data>\n  <Data Name=\"SourcePort\">62707</Data>\n  <Data Name=\"Protocol\">6</Data>\n  <Data Name=\"FilterRTID\">0</Data>\n  <Data Name=\"LayerName\">%%14608</Data>\n  <Data Name=\"LayerRTID\">36</Data>\n</EventData>",
    "EventID": 5158,
    "Activity": "5158 - The Windows Filtering Platform has permitted a bind to a local port.",
    "PartitionKey": "",
    "RowKey": "",
    "StorageAccount": "",
    "AzureDeploymentID": "",
    "AzureTableName": "",
    "AccessList": "",
    "AccessMask": null,
    "HandleId": null,
    "ObjectName": "",
    "ObjectServer": "",
    "ObjectType": "",
    "OperationType": "",
    "SubjectAccount": "",
    "SubcategoryGuid": "",
    "SubcategoryId": "",
    "SubjectDomainName": "",
    "SubjectKeyIdentifier": "",
    "SubjectLogonId": null,
    "SubjectUserName": "",
    "SubjectUserSid": "",
    "SourceComputerId": "5c7f3782-1e64-f470-738c-cf904f80d3d3",
    "EventOriginId": "862c4600-b1f2-46f6-a0c5-c886f4c375e7",
    "MG": "00000000-0000-0000-0000-000000000001",
    "TimeCollected": "5/10/2021, 5:52:12.446 PM",
    "ManagementGroupName": "AOI-83c61c06-76fd-494d-990d-0805b4a177a6"
  },
  {
    "TimeGenerated": "5/10/2021, 5:50:11.673 PM",
    "Account": "",
    "AccountType": "",
    "Computer": "VM1.testenv.onmicrosoft.com",
    "EventSourceName": "Microsoft-Windows-Security-Auditing",
    "Channel": "Security",
    "Task": 1,
    "Level": 0,
    "EventData": "<EventData xmlns=\"http://schemas.microsoft.com/win/2004/08/events/event\">\n  <Data Name=\"ProcessID\">4016</Data>\n  <Data Name=\"Application\">\\device\\harddiskvolume1\\windowsazure\\guestagent_2.7.41491.1005_2020-11-17_025846\\guestagent\\windowsazureguestagent.exe</Data>\n  <Data Name=\"Direction\">%%14593</Data>\n  <Data Name=\"SourceAddress\">10.0.0.5</Data>\n  <Data Name=\"SourcePort\">62707</Data>\n  <Data Name=\"DestAddress\">168.63.129.16</Data>\n  <Data Name=\"DestPort\">80</Data>\n  <Data Name=\"Protocol\">6</Data>\n  <Data Name=\"FilterRTID\">79531</Data>\n  <Data Name=\"LayerName\">%%14611</Data>\n  <Data Name=\"LayerRTID\">48</Data>\n  <Data Name=\"RemoteUserID\">S-1-0-0</Data>\n  <Data Name=\"RemoteMachineID\">S-1-0-0</Data>\n</EventData>",
    "EventID": 5156,
    "Activity": "5156 - The Windows Filtering Platform has allowed a connection.",
    "PartitionKey": "",
    "RowKey": "",
    "StorageAccount": "",
    "AzureDeploymentID": "",
    "AzureTableName": "",
    "AccessList": "",
    "AccessMask": null,
    "HandleId": null,
    "ObjectName": "",
    "ObjectServer": "",
    "ObjectType": "",
    "OperationType": "",
    "SubjectAccount": "",
    "SubcategoryGuid": "",
    "SubcategoryId": "",
    "SubjectDomainName": "",
    "SubjectKeyIdentifier": "",
    "SubjectLogonId": null,
    "SubjectUserName": "",
    "SubjectUserSid": "",
    "SourceComputerId": "5c7f3782-1e64-f470-738c-cf904f80d3d3",
    "EventOriginId": "862c4600-b1f2-46f6-a0c5-c886f4c375e7",
    "MG": "00000000-0000-0000-0000-000000000001",
    "TimeCollected": "5/10/2021, 5:52:12.446 PM",
    "ManagementGroupName": "AOI-83c61c06-76fd-494d-990d-0805b4a177a6"
  },
  {
    "TimeGenerated": "5/10/2021, 5:50:24.053 PM",
    "Account": "",
    "AccountType": "",
    "Computer": "VM1.testenv.onmicrosoft.com",
    "EventSourceName": "Microsoft-Windows-Security-Auditing",
    "Channel": "Security",
    "Task": 1,
    "Level": 0,
    "EventData": "<EventData xmlns=\"http://schemas.microsoft.com/win/2004/08/events/event\">\n  <Data Name=\"ProcessId\">984</Data>\n  <Data Name=\"Application\">\\device\\harddiskvolume1\\windows\\system32\\svchost.exe</Data>\n  <Data Name=\"SourceAddress\">::</Data>\n  <Data Name=\"SourcePort\">51031</Data>\n  <Data Name=\"Protocol\">17</Data>\n  <Data Name=\"FilterRTID\">0</Data>\n  <Data Name=\"LayerName\">%%14608</Data>\n  <Data Name=\"LayerRTID\">36</Data>\n</EventData>",
    "EventID": 5158,
    "Activity": "5158 - The Windows Filtering Platform has permitted a bind to a local port.",
    "PartitionKey": "",
    "RowKey": "",
    "StorageAccount": "",
    "AzureDeploymentID": "",
    "AzureTableName": "",
    "AccessList": "",
    "AccessMask": null,
    "HandleId": null,
    "ObjectName": "",
    "ObjectServer": "",
    "ObjectType": "",
    "OperationType": "",
    "SubjectAccount": "",
    "SubcategoryGuid": "",
    "SubcategoryId": "",
    "SubjectDomainName": "",
    "SubjectKeyIdentifier": "",
    "SubjectLogonId": null,
    "SubjectUserName": "",
    "SubjectUserSid": "",
    "SourceComputerId": "5c7f3782-1e64-f470-738c-cf904f80d3d3",
    "EventOriginId": "862c4600-b1f2-46f6-a0c5-c886f4c375e7",
    "MG": "00000000-0000-0000-0000-000000000001",
    "TimeCollected": "5/10/2021, 5:52:12.446 PM",
    "ManagementGroupName": "AOI-83c61c06-76fd-494d-990d-0805b4a177a6"
  },
  {
    "TimeGenerated": "5/10/2021, 5:50:24.053 PM",
    "Account": "",
    "AccountType": "",
    "Computer": "VM1.testenv.onmicrosoft.com",
    "EventSourceName": "Microsoft-Windows-Security-Auditing",
    "Channel": "Security",
    "Task": 1,
    "Level": 0,
    "EventData": "<EventData xmlns=\"http://schemas.microsoft.com/win/2004/08/events/event\">\n  <Data Name=\"ProcessId\">984</Data>\n  <Data Name=\"Application\">\\device\\harddiskvolume1\\windows\\system32\\svchost.exe</Data>\n  <Data Name=\"SourceAddress\">::</Data>\n  <Data Name=\"SourcePort\">51031</Data>\n  <Data Name=\"Protocol\">17</Data>\n  <Data Name=\"FilterRTID\">0</Data>\n  <Data Name=\"LayerName\">%%14608</Data>\n  <Data Name=\"LayerRTID\">38</Data>\n</EventData>",
    "EventID": 5158,
    "Activity": "5158 - The Windows Filtering Platform has permitted a bind to a local port.",
    "PartitionKey": "",
    "RowKey": "",
    "StorageAccount": "",
    "AzureDeploymentID": "",
    "AzureTableName": "",
    "AccessList": "",
    "AccessMask": null,
    "HandleId": null,
    "ObjectName": "",
    "ObjectServer": "",
    "ObjectType": "",
    "OperationType": "",
    "SubjectAccount": "",
    "SubcategoryGuid": "",
    "SubcategoryId": "",
    "SubjectDomainName": "",
    "SubjectKeyIdentifier": "",
    "SubjectLogonId": null,
    "SubjectUserName": "",
    "SubjectUserSid": "",
    "SourceComputerId": "5c7f3782-1e64-f470-738c-cf904f80d3d3",
    "EventOriginId": "862c4600-b1f2-46f6-a0c5-c886f4c375e7",
    "MG": "00000000-0000-0000-0000-000000000001",
    "TimeCollected": "5/10/2021, 5:52:12.446 PM",
    "ManagementGroupName": "AOI-83c61c06-76fd-494d-990d-0805b4a177a6"
  },
  {
    "TimeGenerated": "5/10/2021, 5:50:24.053 PM",
    "Account": "",
    "AccountType": "",
    "Computer": "VM1.testenv.onmicrosoft.com",
    "EventSourceName": "Microsoft-Windows-Security-Auditing",
    "Channel": "Security",
    "Task": 1,
    "Level": 0,
    "EventData": "<EventData xmlns=\"http://schemas.microsoft.com/win/2004/08/events/event\">\n  <Data Name=\"ProcessID\">984</Data>\n  <Data Name=\"Application\">\\device\\harddiskvolume1\\windows\\system32\\svchost.exe</Data>\n  <Data Name=\"Direction\">%%14593</Data>\n  <Data Name=\"SourceAddress\">10.0.0.5</Data>\n  <Data Name=\"SourcePort\">51031</Data>\n  <Data Name=\"DestAddress\">10.0.0.4</Data>\n  <Data Name=\"DestPort\">53</Data>\n  <Data Name=\"Protocol\">17</Data>\n  <Data Name=\"FilterRTID\">79266</Data>\n  <Data Name=\"LayerName\">%%14611</Data>\n  <Data Name=\"LayerRTID\">48</Data>\n  <Data Name=\"RemoteUserID\">S-1-0-0</Data>\n  <Data Name=\"RemoteMachineID\">S-1-0-0</Data>\n</EventData>",
    "EventID": 5156,
    "Activity": "5156 - The Windows Filtering Platform has allowed a connection.",
    "PartitionKey": "",
    "RowKey": "",
    "StorageAccount": "",
    "AzureDeploymentID": "",
    "AzureTableName": "",
    "AccessList": "",
    "AccessMask": null,
    "HandleId": null,
    "ObjectName": "",
    "ObjectServer": "",
    "ObjectType": "",
    "OperationType": "",
    "SubjectAccount": "",
    "SubcategoryGuid": "",
    "SubcategoryId": "",
    "SubjectDomainName": "",
    "SubjectKeyIdentifier": "",
    "SubjectLogonId": null,
    "SubjectUserName": "",
    "SubjectUserSid": "",
    "SourceComputerId": "5c7f3782-1e64-f470-738c-cf904f80d3d3",
    "EventOriginId": "862c4600-b1f2-46f6-a0c5-c886f4c375e7",
    "MG": "00000000-0000-0000-0000-000000000001",
    "TimeCollected": "5/10/2021, 5:52:12.446 PM",
    "ManagementGroupName": "AOI-83c61c06-76fd-494d-990d-0805b4a177a6"
  },
  {
    "TimeGenerated": "5/10/2021, 5:50:24.057 PM",
    "Account": "",
    "AccountType": "",
    "Computer": "VM1.testenv.onmicrosoft.com",
    "EventSourceName": "Microsoft-Windows-Security-Auditing",
    "Channel": "Security",
    "Task": 1,
    "Level": 0,
    "EventData": "<EventData xmlns=\"http://schemas.microsoft.com/win/2004/08/events/event\">\n  <Data Name=\"ProcessId\">2592</Data>\n  <Data Name=\"Application\">\\device\\harddiskvolume1\\packages\\plugins\\microsoft.azure.monitor.azuremonitorwindowsagent\\1.0.8.0\\monitoring\\agent\\monagentcore.exe</Data>\n  <Data Name=\"SourceAddress\">0.0.0.0</Data>\n  <Data Name=\"SourcePort\">62708</Data>\n  <Data Name=\"Protocol\">6</Data>\n  <Data Name=\"FilterRTID\">0</Data>\n  <Data Name=\"LayerName\">%%14608</Data>\n  <Data Name=\"LayerRTID\">36</Data>\n</EventData>",
    "EventID": 5158,
    "Activity": "5158 - The Windows Filtering Platform has permitted a bind to a local port.",
    "PartitionKey": "",
    "RowKey": "",
    "StorageAccount": "",
    "AzureDeploymentID": "",
    "AzureTableName": "",
    "AccessList": "",
    "AccessMask": null,
    "HandleId": null,
    "ObjectName": "",
    "ObjectServer": "",
    "ObjectType": "",
    "OperationType": "",
    "SubjectAccount": "",
    "SubcategoryGuid": "",
    "SubcategoryId": "",
    "SubjectDomainName": "",
    "SubjectKeyIdentifier": "",
    "SubjectLogonId": null,
    "SubjectUserName": "",
    "SubjectUserSid": "",
    "SourceComputerId": "5c7f3782-1e64-f470-738c-cf904f80d3d3",
    "EventOriginId": "862c4600-b1f2-46f6-a0c5-c886f4c375e7",
    "MG": "00000000-0000-0000-0000-000000000001",
    "TimeCollected": "5/10/2021, 5:52:12.446 PM",
    "ManagementGroupName": "AOI-83c61c06-76fd-494d-990d-0805b4a177a6"
  },
  {
    "TimeGenerated": "5/10/2021, 5:50:24.057 PM",
    "Account": "",
    "AccountType": "",
    "Computer": "VM1.testenv.onmicrosoft.com",
    "EventSourceName": "Microsoft-Windows-Security-Auditing",
    "Channel": "Security",
    "Task": 1,
    "Level": 0,
    "EventData": "<EventData xmlns=\"http://schemas.microsoft.com/win/2004/08/events/event\">\n  <Data Name=\"ProcessID\">2592</Data>\n  <Data Name=\"Application\">\\device\\harddiskvolume1\\packages\\plugins\\microsoft.azure.monitor.azuremonitorwindowsagent\\1.0.8.0\\monitoring\\agent\\monagentcore.exe</Data>\n  <Data Name=\"Direction\">%%14593</Data>\n  <Data Name=\"SourceAddress\">10.0.0.5</Data>\n  <Data Name=\"SourcePort\">62708</Data>\n  <Data Name=\"DestAddress\">13.77.52.23</Data>\n  <Data Name=\"DestPort\">443</Data>\n  <Data Name=\"Protocol\">6</Data>\n  <Data Name=\"FilterRTID\">79270</Data>\n  <Data Name=\"LayerName\">%%14611</Data>\n  <Data Name=\"LayerRTID\">48</Data>\n  <Data Name=\"RemoteUserID\">S-1-0-0</Data>\n  <Data Name=\"RemoteMachineID\">S-1-0-0</Data>\n</EventData>",
    "EventID": 5156,
    "Activity": "5156 - The Windows Filtering Platform has allowed a connection.",
    "PartitionKey": "",
    "RowKey": "",
    "StorageAccount": "",
    "AzureDeploymentID": "",
    "AzureTableName": "",
    "AccessList": "",
    "AccessMask": null,
    "HandleId": null,
    "ObjectName": "",
    "ObjectServer": "",
    "ObjectType": "",
    "OperationType": "",
    "SubjectAccount": "",
    "SubcategoryGuid": "",
    "SubcategoryId": "",
    "SubjectDomainName": "",
    "SubjectKeyIdentifier": "",
    "SubjectLogonId": null,
    "SubjectUserName": "",
    "SubjectUserSid": "",
    "SourceComputerId": "5c7f3782-1e64-f470-738c-cf904f80d3d3",
    "EventOriginId": "862c4600-b1f2-46f6-a0c5-c886f4c375e7",
    "MG": "00000000-0000-0000-0000-000000000001",
    "TimeCollected": "5/10/2021, 5:52:12.446 PM",
    "ManagementGroupName": "AOI-83c61c06-76fd-494d-990d-0805b4a177a6"
  },
  {
    "TimeGenerated": "5/10/2021, 5:50:26.707 PM",
    "Account": "",
    "AccountType": "",
    "Computer": "VM1.testenv.onmicrosoft.com",
    "EventSourceName": "Microsoft-Windows-Security-Auditing",
    "Channel": "Security",
    "Task": 1,
    "Level": 0,
    "EventData": "<EventData xmlns=\"http://schemas.microsoft.com/win/2004/08/events/event\">\n  <Data Name=\"ProcessId\">4016</Data>\n  <Data Name=\"Application\">\\device\\harddiskvolume1\\windowsazure\\guestagent_2.7.41491.1005_2020-11-17_025846\\guestagent\\windowsazureguestagent.exe</Data>\n  <Data Name=\"SourceAddress\">0.0.0.0</Data>\n  <Data Name=\"SourcePort\">62709</Data>\n  <Data Name=\"Protocol\">6</Data>\n  <Data Name=\"FilterRTID\">0</Data>\n  <Data Name=\"LayerName\">%%14608</Data>\n  <Data Name=\"LayerRTID\">36</Data>\n</EventData>",
    "EventID": 5158,
    "Activity": "5158 - The Windows Filtering Platform has permitted a bind to a local port.",
    "PartitionKey": "",
    "RowKey": "",
    "StorageAccount": "",
    "AzureDeploymentID": "",
    "AzureTableName": "",
    "AccessList": "",
    "AccessMask": null,
    "HandleId": null,
    "ObjectName": "",
    "ObjectServer": "",
    "ObjectType": "",
    "OperationType": "",
    "SubjectAccount": "",
    "SubcategoryGuid": "",
    "SubcategoryId": "",
    "SubjectDomainName": "",
    "SubjectKeyIdentifier": "",
    "SubjectLogonId": null,
    "SubjectUserName": "",
    "SubjectUserSid": "",
    "SourceComputerId": "5c7f3782-1e64-f470-738c-cf904f80d3d3",
    "EventOriginId": "862c4600-b1f2-46f6-a0c5-c886f4c375e7",
    "MG": "00000000-0000-0000-0000-000000000001",
    "TimeCollected": "5/10/2021, 5:52:12.446 PM",
    "ManagementGroupName": "AOI-83c61c06-76fd-494d-990d-0805b4a177a6"
  },
  {
    "TimeGenerated": "5/10/2021, 5:50:26.707 PM",
    "Account": "",
    "AccountType": "",
    "Computer": "VM1.testenv.onmicrosoft.com",
    "EventSourceName": "Microsoft-Windows-Security-Auditing",
    "Channel": "Security",
    "Task": 1,
    "Level": 0,
    "EventData": "<EventData xmlns=\"http://schemas.microsoft.com/win/2004/08/events/event\">\n  <Data Name=\"ProcessID\">4016</Data>\n  <Data Name=\"Application\">\\device\\harddiskvolume1\\windowsazure\\guestagent_2.7.41491.1005_2020-11-17_025846\\guestagent\\windowsazureguestagent.exe</Data>\n  <Data Name=\"Direction\">%%14593</Data>\n  <Data Name=\"SourceAddress\">10.0.0.5</Data>\n  <Data Name=\"SourcePort\">62709</Data>\n  <Data Name=\"DestAddress\">168.63.129.16</Data>\n  <Data Name=\"DestPort\">80</Data>\n  <Data Name=\"Protocol\">6</Data>\n  <Data Name=\"FilterRTID\">79531</Data>\n  <Data Name=\"LayerName\">%%14611</Data>\n  <Data Name=\"LayerRTID\">48</Data>\n  <Data Name=\"RemoteUserID\">S-1-0-0</Data>\n  <Data Name=\"RemoteMachineID\">S-1-0-0</Data>\n</EventData>",
    "EventID": 5156,
    "Activity": "5156 - The Windows Filtering Platform has allowed a connection.",
    "PartitionKey": "",
    "RowKey": "",
    "StorageAccount": "",
    "AzureDeploymentID": "",
    "AzureTableName": "",
    "AccessList": "",
    "AccessMask": null,
    "HandleId": null,
    "ObjectName": "",
    "ObjectServer": "",
    "ObjectType": "",
    "OperationType": "",
    "SubjectAccount": "",
    "SubcategoryGuid": "",
    "SubcategoryId": "",
    "SubjectDomainName": "",
    "SubjectKeyIdentifier": "",
    "SubjectLogonId": null,
    "SubjectUserName": "",
    "SubjectUserSid": "",
    "SourceComputerId": "5c7f3782-1e64-f470-738c-cf904f80d3d3",
    "EventOriginId": "862c4600-b1f2-46f6-a0c5-c886f4c375e7",
    "MG": "00000000-0000-0000-0000-000000000001",
    "TimeCollected": "5/10/2021, 5:52:12.446 PM",
    "ManagementGroupName": "AOI-83c61c06-76fd-494d-990d-0805b4a177a6"
  },
  {
    "TimeGenerated": "5/10/2021, 5:50:41.733 PM",
    "Account": "",
    "AccountType": "",
    "Computer": "VM1.testenv.onmicrosoft.com",
    "EventSourceName": "Microsoft-Windows-Security-Auditing",
    "Channel": "Security",
    "Task": 1,
    "Level": 0,
    "EventData": "<EventData xmlns=\"http://schemas.microsoft.com/win/2004/08/events/event\">\n  <Data Name=\"ProcessId\">4016</Data>\n  <Data Name=\"Application\">\\device\\harddiskvolume1\\windowsazure\\guestagent_2.7.41491.1005_2020-11-17_025846\\guestagent\\windowsazureguestagent.exe</Data>\n  <Data Name=\"SourceAddress\">0.0.0.0</Data>\n  <Data Name=\"SourcePort\">62710</Data>\n  <Data Name=\"Protocol\">6</Data>\n  <Data Name=\"FilterRTID\">0</Data>\n  <Data Name=\"LayerName\">%%14608</Data>\n  <Data Name=\"LayerRTID\">36</Data>\n</EventData>",
    "EventID": 5158,
    "Activity": "5158 - The Windows Filtering Platform has permitted a bind to a local port.",
    "PartitionKey": "",
    "RowKey": "",
    "StorageAccount": "",
    "AzureDeploymentID": "",
    "AzureTableName": "",
    "AccessList": "",
    "AccessMask": null,
    "HandleId": null,
    "ObjectName": "",
    "ObjectServer": "",
    "ObjectType": "",
    "OperationType": "",
    "SubjectAccount": "",
    "SubcategoryGuid": "",
    "SubcategoryId": "",
    "SubjectDomainName": "",
    "SubjectKeyIdentifier": "",
    "SubjectLogonId": null,
    "SubjectUserName": "",
    "SubjectUserSid": "",
    "SourceComputerId": "5c7f3782-1e64-f470-738c-cf904f80d3d3",
    "EventOriginId": "862c4600-b1f2-46f6-a0c5-c886f4c375e7",
    "MG": "00000000-0000-0000-0000-000000000001",
    "TimeCollected": "5/10/2021, 5:52:12.446 PM",
    "ManagementGroupName": "AOI-83c61c06-76fd-494d-990d-0805b4a177a6"
  },
  {
    "TimeGenerated": "5/10/2021, 5:50:41.733 PM",
    "Account": "",
    "AccountType": "",
    "Computer": "VM1.testenv.onmicrosoft.com",
    "EventSourceName": "Microsoft-Windows-Security-Auditing",
    "Channel": "Security",
    "Task": 1,
    "Level": 0,
    "EventData": "<EventData xmlns=\"http://schemas.microsoft.com/win/2004/08/events/event\">\n  <Data Name=\"ProcessID\">4016</Data>\n  <Data Name=\"Application\">\\device\\harddiskvolume1\\windowsazure\\guestagent_2.7.41491.1005_2020-11-17_025846\\guestagent\\windowsazureguestagent.exe</Data>\n  <Data Name=\"Direction\">%%14593</Data>\n  <Data Name=\"SourceAddress\">10.0.0.5</Data>\n  <Data Name=\"SourcePort\">62710</Data>\n  <Data Name=\"DestAddress\">168.63.129.16</Data>\n  <Data Name=\"DestPort\">80</Data>\n  <Data Name=\"Protocol\">6</Data>\n  <Data Name=\"FilterRTID\">79531</Data>\n  <Data Name=\"LayerName\">%%14611</Data>\n  <Data Name=\"LayerRTID\">48</Data>\n  <Data Name=\"RemoteUserID\">S-1-0-0</Data>\n  <Data Name=\"RemoteMachineID\">S-1-0-0</Data>\n</EventData>",
    "EventID": 5156,
    "Activity": "5156 - The Windows Filtering Platform has allowed a connection.",
    "PartitionKey": "",
    "RowKey": "",
    "StorageAccount": "",
    "AzureDeploymentID": "",
    "AzureTableName": "",
    "AccessList": "",
    "AccessMask": null,
    "HandleId": null,
    "ObjectName": "",
    "ObjectServer": "",
    "ObjectType": "",
    "OperationType": "",
    "SubjectAccount": "",
    "SubcategoryGuid": "",
    "SubcategoryId": "",
    "SubjectDomainName": "",
    "SubjectKeyIdentifier": "",
    "SubjectLogonId": null,
    "SubjectUserName": "",
    "SubjectUserSid": "",
    "SourceComputerId": "5c7f3782-1e64-f470-738c-cf904f80d3d3",
    "EventOriginId": "862c4600-b1f2-46f6-a0c5-c886f4c375e7",
    "MG": "00000000-0000-0000-0000-000000000001",
    "TimeCollected": "5/10/2021, 5:52:12.446 PM",
    "ManagementGroupName": "AOI-83c61c06-76fd-494d-990d-0805b4a177a6"
  },
  {
    "TimeGenerated": "5/10/2021, 5:50:56.753 PM",
    "Account": "",
    "AccountType": "",
    "Computer": "VM1.testenv.onmicrosoft.com",
    "EventSourceName": "Microsoft-Windows-Security-Auditing",
    "Channel": "Security",
    "Task": 1,
    "Level": 0,
    "EventData": "<EventData xmlns=\"http://schemas.microsoft.com/win/2004/08/events/event\">\n  <Data Name=\"ProcessId\">4016</Data>\n  <Data Name=\"Application\">\\device\\harddiskvolume1\\windowsazure\\guestagent_2.7.41491.1005_2020-11-17_025846\\guestagent\\windowsazureguestagent.exe</Data>\n  <Data Name=\"SourceAddress\">0.0.0.0</Data>\n  <Data Name=\"SourcePort\">62711</Data>\n  <Data Name=\"Protocol\">6</Data>\n  <Data Name=\"FilterRTID\">0</Data>\n  <Data Name=\"LayerName\">%%14608</Data>\n  <Data Name=\"LayerRTID\">36</Data>\n</EventData>",
    "EventID": 5158,
    "Activity": "5158 - The Windows Filtering Platform has permitted a bind to a local port.",
    "PartitionKey": "",
    "RowKey": "",
    "StorageAccount": "",
    "AzureDeploymentID": "",
    "AzureTableName": "",
    "AccessList": "",
    "AccessMask": null,
    "HandleId": null,
    "ObjectName": "",
    "ObjectServer": "",
    "ObjectType": "",
    "OperationType": "",
    "SubjectAccount": "",
    "SubcategoryGuid": "",
    "SubcategoryId": "",
    "SubjectDomainName": "",
    "SubjectKeyIdentifier": "",
    "SubjectLogonId": null,
    "SubjectUserName": "",
    "SubjectUserSid": "",
    "SourceComputerId": "5c7f3782-1e64-f470-738c-cf904f80d3d3",
    "EventOriginId": "862c4600-b1f2-46f6-a0c5-c886f4c375e7",
    "MG": "00000000-0000-0000-0000-000000000001",
    "TimeCollected": "5/10/2021, 5:52:12.446 PM",
    "ManagementGroupName": "AOI-83c61c06-76fd-494d-990d-0805b4a177a6"
  },
  {
    "TimeGenerated": "5/10/2021, 5:50:56.753 PM",
    "Account": "",
    "AccountType": "",
    "Computer": "VM1.testenv.onmicrosoft.com",
    "EventSourceName": "Microsoft-Windows-Security-Auditing",
    "Channel": "Security",
    "Task": 1,
    "Level": 0,
    "EventData": "<EventData xmlns=\"http://schemas.microsoft.com/win/2004/08/events/event\">\n  <Data Name=\"ProcessID\">4016</Data>\n  <Data Name=\"Application\">\\device\\harddiskvolume1\\windowsazure\\guestagent_2.7.41491.1005_2020-11-17_025846\\guestagent\\windowsazureguestagent.exe</Data>\n  <Data Name=\"Direction\">%%14593</Data>\n  <Data Name=\"SourceAddress\">10.0.0.5</Data>\n  <Data Name=\"SourcePort\">62711</Data>\n  <Data Name=\"DestAddress\">168.63.129.16</Data>\n  <Data Name=\"DestPort\">80</Data>\n  <Data Name=\"Protocol\">6</Data>\n  <Data Name=\"FilterRTID\">79531</Data>\n  <Data Name=\"LayerName\">%%14611</Data>\n  <Data Name=\"LayerRTID\">48</Data>\n  <Data Name=\"RemoteUserID\">S-1-0-0</Data>\n  <Data Name=\"RemoteMachineID\">S-1-0-0</Data>\n</EventData>",
    "EventID": 5156,
    "Activity": "5156 - The Windows Filtering Platform has allowed a connection.",
    "PartitionKey": "",
    "RowKey": "",
    "StorageAccount": "",
    "AzureDeploymentID": "",
    "AzureTableName": "",
    "AccessList": "",
    "AccessMask": null,
    "HandleId": null,
    "ObjectName": "",
    "ObjectServer": "",
    "ObjectType": "",
    "OperationType": "",
    "SubjectAccount": "",
    "SubcategoryGuid": "",
    "SubcategoryId": "",
    "SubjectDomainName": "",
    "SubjectKeyIdentifier": "",
    "SubjectLogonId": null,
    "SubjectUserName": "",
    "SubjectUserSid": "",
    "SourceComputerId": "5c7f3782-1e64-f470-738c-cf904f80d3d3",
    "EventOriginId": "862c4600-b1f2-46f6-a0c5-c886f4c375e7",
    "MG": "00000000-0000-0000-0000-000000000001",
    "TimeCollected": "5/10/2021, 5:52:12.446 PM",
    "ManagementGroupName": "AOI-83c61c06-76fd-494d-990d-0805b4a177a6"
  },
  {
    "TimeGenerated": "5/10/2021, 5:33:59.027 PM",
    "Account": "",
    "AccountType": "",
    "Computer": "VM2.testenv.onmicrosoft.com",
    "EventSourceName": "Service Control Manager",
    "Channel": "System",
    "Task": 1,
    "Level": 4,
    "EventData": "<EventData xmlns=\"http://schemas.microsoft.com/win/2004/08/events/event\">\n  <Data Name=\"param1\">Windows Update</Data>\n  <Data Name=\"param2\">running</Data>\n  <Binary>770075006100750073006500720076002F0034000000</Binary>\n</EventData>",
    "EventID": 7036,
    "Activity": "7036",
    "PartitionKey": "",
    "RowKey": "",
    "StorageAccount": "",
    "AzureDeploymentID": "",
    "AzureTableName": "",
    "AccessList": "",
    "AccessMask": null,
    "HandleId": null,
    "ObjectName": "",
    "ObjectServer": "",
    "ObjectType": "",
    "OperationType": "",
    "SubjectAccount": "",
    "SubcategoryGuid": "",
    "SubcategoryId": "",
    "SubjectDomainName": "",
    "SubjectKeyIdentifier": "",
    "SubjectLogonId": null,
    "SubjectUserName": "",
    "SubjectUserSid": "",
    "SourceComputerId": "5c7f3782-1e64-f470-738c-cf904f80d3d3",
    "EventOriginId": "8b54b9d2-7400-441d-9e96-c56c717847c8",
    "MG": "00000000-0000-0000-0000-000000000001",
    "TimeCollected": "5/10/2021, 5:34:25.830 PM",
    "ManagementGroupName": "AOI-83c61c06-76fd-494d-990d-0805b4a177a6"
  },
  {
    "TimeGenerated": "5/10/2021, 5:46:52.003 PM",
    "Account": "WORKGROUP\\MyVm$",
    "AccountType": "Machine",
    "Computer": "MyVm",
    "EventSourceName": "Microsoft-Windows-Security-Auditing",
    "Channel": "Security",
    "Task": 13312,
    "Level": 8,
    "EventData": "",
    "EventID": 4688,
    "Activity": "4688 - A new process has been created.",
    "PartitionKey": "",
    "RowKey": "",
    "StorageAccount": "",
    "AzureDeploymentID": "",
    "AzureTableName": "",
    "AccessList": "",
    "AccessMask": null,
    "HandleId": null,
    "ObjectName": "",
    "ObjectServer": "",
    "ObjectType": "",
    "OperationType": "",
    "SubjectAccount": "WORKGROUP\\MyVm$",
    "SubcategoryGuid": "",
    "SubcategoryId": "",
    "SubjectDomainName": "WORKGROUP",
    "SubjectKeyIdentifier": "",
    "SubjectLogonId": 30000000,
    "SubjectUserName": "MyVm$",
    "SubjectUserSid": "S-1-5-18",
    "SourceComputerId": "353219d8-904e-483d-86b5-dc9ab6099459",
    "EventOriginId": "b7d67965-5348-499c-ad4b-fc82e2c789d8",
    "MG": "00000000-0000-0000-0000-000000000001",
    "TimeCollected": "5/10/2021, 5:47:23.864 PM",
    "ManagementGroupName": "AOI-83c61c06-76fd-494d-990d-0805b4a177a6"
  },
  {
    "TimeGenerated": "5/10/2021, 5:46:52.007 PM",
    "Account": "WORKGROUP\\MyVm$",
    "AccountType": "Machine",
    "Computer": "MyVm",
    "EventSourceName": "Microsoft-Windows-Security-Auditing",
    "Channel": "Security",
    "Task": 13312,
    "Level": 8,
    "EventData": "",
    "EventID": 4688,
    "Activity": "4688 - A new process has been created.",
    "PartitionKey": "",
    "RowKey": "",
    "StorageAccount": "",
    "AzureDeploymentID": "",
    "AzureTableName": "",
    "AccessList": "",
    "AccessMask": null,
    "HandleId": null,
    "ObjectName": "",
    "ObjectServer": "",
    "ObjectType": "",
    "OperationType": "",
    "SubjectAccount": "WORKGROUP\\MyVm$",
    "SubcategoryGuid": "",
    "SubcategoryId": "",
    "SubjectDomainName": "WORKGROUP",
    "SubjectKeyIdentifier": "",
    "SubjectLogonId": 30000000,
    "SubjectUserName": "MyVm$",
    "SubjectUserSid": "S-1-5-18",
    "SourceComputerId": "353219d8-904e-483d-86b5-dc9ab6099459",
    "EventOriginId": "5d986296-8aa6-4170-a5d4-578b766596a3",
    "MG": "00000000-0000-0000-0000-000000000001",
    "TimeCollected": "5/10/2021, 5:47:23.864 PM",
    "ManagementGroupName": "AOI-83c61c06-76fd-494d-990d-0805b4a177a6"
  },
  {
    "TimeGenerated": "5/10/2021, 5:39:37.277 PM",
    "Account": "WORKGROUP\\MyVM10$",
    "AccountType": "Machine",
    "Computer": "MyVM10",
    "EventSourceName": "Microsoft-Windows-Security-Auditing",
    "Channel": "Security",
    "Task": 12804,
    "Level": 8,
    "EventData": "<EventData xmlns=\"http://schemas.microsoft.com/win/2004/08/events/event\">\n  <Data Name=\"SubjectUserSid\">S-1-5-18</Data>\n  <Data Name=\"SubjectUserName\">MyVM10$</Data>\n  <Data Name=\"SubjectDomainName\">WORKGROUP</Data>\n  <Data Name=\"SubjectLogonId\">0x3e7</Data>\n  <Data Name=\"TaskName\">\\Microsoft\\Windows\\Flighting\\OneSettings\\RefreshCache</Data>\n  <Data Name=\"TaskContentNew\">&lt;?xml version=\"1.0\" encoding=\"UTF-16\"?&gt; &lt;Task version=\"1.6\" xmlns=\"http://schemas.microsoft.com/windows/2004/02/mit/task\"&gt;   &lt;RegistrationInfo&gt;     &lt;Source&gt;$(@%systemroot%\\system32\\wosc.dll,-602)&lt;/Source&gt;     &lt;Author&gt;$(@%systemroot%\\system32\\wosc.dll,-601)&lt;/Author&gt;     &lt;Description&gt;$(@%systemroot%\\system32\\wosc.dll,-603)&lt;/Description&gt;     &lt;URI&gt;\\Microsoft\\Windows\\Flighting\\OneSettings\\RefreshCache&lt;/URI&gt;     &lt;SecurityDescriptor&gt;D:P(A;;FA;;;SY)(A;;FA;;;BA)(A;;FRFX;;;AU)&lt;/SecurityDescriptor&gt;   &lt;/RegistrationInfo&gt;   &lt;Triggers&gt;     &lt;TimeTrigger&gt;       &lt;Repetition&gt;         &lt;Interval&gt;PT265M&lt;/Interval&gt;         &lt;StopAtDurationEnd&gt;false&lt;/StopAtDurationEnd&gt;       &lt;/Repetition&gt;       &lt;StartBoundary&gt;2021-05-10T15:55:37.203Z&lt;/StartBoundary&gt;       &lt;Enabled&gt;true&lt;/Enabled&gt;       &lt;RandomDelay&gt;PT1H&lt;/RandomDelay&gt;     &lt;/TimeTrigger&gt;     &lt;WnfStateChangeTrigger&gt;       &lt;Enabled&gt;true&lt;/Enabled&gt;       &lt;StateName&gt;7538BCA33A019502&lt;/StateName&gt;     &lt;/WnfStateChangeTrigger&gt;   &lt;/Triggers&gt;   &lt;Principals&gt;     &lt;Principal id=\"LocalSystem\"&gt;       &lt;UserId&gt;S-1-5-18&lt;/UserId&gt;       &lt;RunLevel&gt;LeastPrivilege&lt;/RunLevel&gt;     &lt;/Principal&gt;   &lt;/Principals&gt;   &lt;Settings&gt;     &lt;MultipleInstancesPolicy&gt;IgnoreNew&lt;/MultipleInstancesPolicy&gt;     &lt;DisallowStartIfOnBatteries&gt;false&lt;/DisallowStartIfOnBatteries&gt;     &lt;StopIfGoingOnBatteries&gt;false&lt;/StopIfGoingOnBatteries&gt;     &lt;AllowHardTerminate&gt;true&lt;/AllowHardTerminate&gt;     &lt;StartWhenAvailable&gt;false&lt;/StartWhenAvailable&gt;     &lt;RunOnlyIfNetworkAvailable&gt;true&lt;/RunOnlyIfNetworkAvailable&gt;     &lt;IdleSettings&gt;       &lt;StopOnIdleEnd&gt;false&lt;/StopOnIdleEnd&gt;       &lt;RestartOnIdle&gt;false&lt;/RestartOnIdle&gt;     &lt;/IdleSettings&gt;     &lt;AllowStartOnDemand&gt;true&lt;/AllowStartOnDemand&gt;     &lt;Enabled&gt;true&lt;/Enabled&gt;     &lt;Hidden&gt;false&lt;/Hidden&gt;     &lt;RunOnlyIfIdle&gt;false&lt;/RunOnlyIfIdle&gt;     &lt;DisallowStartOnRemoteAppSession&gt;false&lt;/DisallowStartOnRemoteAppSession&gt;     &lt;UseUnifiedSchedulingEngine&gt;true&lt;/UseUnifiedSchedulingEngine&gt;     &lt;WakeToRun&gt;false&lt;/WakeToRun&gt;     &lt;ExecutionTimeLimit&gt;PT5M&lt;/ExecutionTimeLimit&gt;     &lt;Priority&gt;7&lt;/Priority&gt;   &lt;/Settings&gt;   &lt;Actions Context=\"LocalSystem\"&gt;     &lt;ComHandler&gt;       &lt;ClassId&gt;{E07647F7-AED2-48D9-9720-939BC24A8A3C}&lt;/ClassId&gt;     &lt;/ComHandler&gt;   &lt;/Actions&gt; &lt;/Task&gt;</Data>\n  <Data Name=\"ClientProcessStartKey\">2814749767106668</Data>\n  <Data Name=\"ClientProcessId\">2452</Data>\n  <Data Name=\"ParentProcessId\">1952</Data>\n  <Data Name=\"RpcCallClientLocality\">0</Data>\n  <Data Name=\"FQDN\">MyVM10</Data>\n</EventData>",
    "EventID": 4702,
    "Activity": "4702 - A scheduled task was updated.",
    "PartitionKey": "",
    "RowKey": "",
    "StorageAccount": "",
    "AzureDeploymentID": "",
    "AzureTableName": "",
    "AccessList": "",
    "AccessMask": null,
    "HandleId": null,
    "ObjectName": "",
    "ObjectServer": "",
    "ObjectType": "",
    "OperationType": "",
    "SubjectAccount": "WORKGROUP\\MyVM10$",
    "SubcategoryGuid": "",
    "SubcategoryId": "",
    "SubjectDomainName": "WORKGROUP",
    "SubjectKeyIdentifier": "",
    "SubjectLogonId": 30000000,
    "SubjectUserName": "MyVM10$",
    "SubjectUserSid": "S-1-5-18",
    "SourceComputerId": "99c906d4-159a-439b-aa5f-96e9f53058e2",
    "EventOriginId": "672e3909-7c7a-426f-8293-12844af88992",
    "MG": "00000000-0000-0000-0000-000000000001",
    "TimeCollected": "5/10/2021, 5:40:09.261 PM",
    "ManagementGroupName": "AOI-83c61c06-76fd-494d-990d-0805b4a177a6"
  },
  {
    "TimeGenerated": "5/10/2021, 5:51:52.007 PM",
    "Account": "WORKGROUP\\MyVm$",
    "AccountType": "Machine",
    "Computer": "MyVm",
    "EventSourceName": "Microsoft-Windows-Security-Auditing",
    "Channel": "Security",
    "Task": 13312,
    "Level": 8,
    "EventData": "",
    "EventID": 4688,
    "Activity": "4688 - A new process has been created.",
    "PartitionKey": "",
    "RowKey": "",
    "StorageAccount": "",
    "AzureDeploymentID": "",
    "AzureTableName": "",
    "AccessList": "",
    "AccessMask": null,
    "HandleId": null,
    "ObjectName": "",
    "ObjectServer": "",
    "ObjectType": "",
    "OperationType": "",
    "SubjectAccount": "WORKGROUP\\MyVm$",
    "SubcategoryGuid": "",
    "SubcategoryId": "",
    "SubjectDomainName": "WORKGROUP",
    "SubjectKeyIdentifier": "",
    "SubjectLogonId": 30000000,
    "SubjectUserName": "MyVm$",
    "SubjectUserSid": "S-1-5-18",
    "SourceComputerId": "353219d8-904e-483d-86b5-dc9ab6099459",
    "EventOriginId": "90c726cf-5845-4613-8deb-92b92bd457a6",
    "MG": "00000000-0000-0000-0000-000000000001",
    "TimeCollected": "5/10/2021, 5:52:23.845 PM",
    "ManagementGroupName": "AOI-83c61c06-76fd-494d-990d-0805b4a177a6"
  },
  {
    "TimeGenerated": "5/10/2021, 5:51:52.010 PM",
    "Account": "WORKGROUP\\MyVm$",
    "AccountType": "Machine",
    "Computer": "MyVm",
    "EventSourceName": "Microsoft-Windows-Security-Auditing",
    "Channel": "Security",
    "Task": 13312,
    "Level": 8,
    "EventData": "",
    "EventID": 4688,
    "Activity": "4688 - A new process has been created.",
    "PartitionKey": "",
    "RowKey": "",
    "StorageAccount": "",
    "AzureDeploymentID": "",
    "AzureTableName": "",
    "AccessList": "",
    "AccessMask": null,
    "HandleId": null,
    "ObjectName": "",
    "ObjectServer": "",
    "ObjectType": "",
    "OperationType": "",
    "SubjectAccount": "WORKGROUP\\MyVm$",
    "SubcategoryGuid": "",
    "SubcategoryId": "",
    "SubjectDomainName": "WORKGROUP",
    "SubjectKeyIdentifier": "",
    "SubjectLogonId": 30000000,
    "SubjectUserName": "MyVm$",
    "SubjectUserSid": "S-1-5-18",
    "SourceComputerId": "353219d8-904e-483d-86b5-dc9ab6099459",
    "EventOriginId": "e3307d57-ca25-4108-8fe3-313cacfc5ee1",
    "MG": "00000000-0000-0000-0000-000000000001",
    "TimeCollected": "5/10/2021, 5:52:23.845 PM",
    "ManagementGroupName": "AOI-83c61c06-76fd-494d-990d-0805b4a177a6"
  },
  {
    "TimeGenerated": "5/10/2021, 5:33:02.477 PM",
    "Account": "",
    "AccountType": "",
    "Computer": "DC1.testenv.onmicrosoft.com",
    "EventSourceName": "Service Control Manager",
    "Channel": "System",
    "Task": 1,
    "Level": 2,
    "EventData": "<EventData xmlns=\"http://schemas.microsoft.com/win/2004/08/events/event\">\n  <Data Name=\"param1\">Microsoft Advanced Threat Analytics Center</Data>\n  <Data Name=\"param2\">2039769</Data>\n  <Data Name=\"param3\">5000</Data>\n  <Data Name=\"param4\">1</Data>\n  <Data Name=\"param5\">Restart the service</Data>\n  <Binary>410054004100430065006E007400650072000000</Binary>\n</EventData>",
    "EventID": 7031,
    "Activity": "7031",
    "PartitionKey": "",
    "RowKey": "",
    "StorageAccount": "",
    "AzureDeploymentID": "",
    "AzureTableName": "",
    "AccessList": "",
    "AccessMask": null,
    "HandleId": null,
    "ObjectName": "",
    "ObjectServer": "",
    "ObjectType": "",
    "OperationType": "",
    "SubjectAccount": "",
    "SubcategoryGuid": "",
    "SubcategoryId": "",
    "SubjectDomainName": "",
    "SubjectKeyIdentifier": "",
    "SubjectLogonId": null,
    "SubjectUserName": "",
    "SubjectUserSid": "",
    "SourceComputerId": "5c7f3782-1e64-f470-738c-cf904f80d3d3",
    "EventOriginId": "c0e2c38f-750c-4e27-a68e-6e79fdbeeb86",
    "MG": "00000000-0000-0000-0000-000000000001",
    "TimeCollected": "5/10/2021, 5:34:58.326 PM",
    "ManagementGroupName": "AOI-83c61c06-76fd-494d-990d-0805b4a177a6"
  },
  {
    "TimeGenerated": "5/10/2021, 5:33:03.750 PM",
    "Account": "",
    "AccountType": "",
    "Computer": "DC1.testenv.onmicrosoft.com",
    "EventSourceName": "Service Control Manager",
    "Channel": "System",
    "Task": 1,
    "Level": 2,
    "EventData": "<EventData xmlns=\"http://schemas.microsoft.com/win/2004/08/events/event\">\n  <Data Name=\"param1\">Microsoft Advanced Threat Analytics Gateway Updater</Data>\n  <Data Name=\"param2\">1828426</Data>\n  <Data Name=\"param3\">5000</Data>\n  <Data Name=\"param4\">1</Data>\n  <Data Name=\"param5\">Restart the service</Data>\n  <Binary>410054004100470061007400650077006100790055007000640061007400650072000000</Binary>\n</EventData>",
    "EventID": 7031,
    "Activity": "7031",
    "PartitionKey": "",
    "RowKey": "",
    "StorageAccount": "",
    "AzureDeploymentID": "",
    "AzureTableName": "",
    "AccessList": "",
    "AccessMask": null,
    "HandleId": null,
    "ObjectName": "",
    "ObjectServer": "",
    "ObjectType": "",
    "OperationType": "",
    "SubjectAccount": "",
    "SubcategoryGuid": "",
    "SubcategoryId": "",
    "SubjectDomainName": "",
    "SubjectKeyIdentifier": "",
    "SubjectLogonId": null,
    "SubjectUserName": "",
    "SubjectUserSid": "",
    "SourceComputerId": "5c7f3782-1e64-f470-738c-cf904f80d3d3",
    "EventOriginId": "c0e2c38f-750c-4e27-a68e-6e79fdbeeb86",
    "MG": "00000000-0000-0000-0000-000000000001",
    "TimeCollected": "5/10/2021, 5:34:58.326 PM",
    "ManagementGroupName": "AOI-83c61c06-76fd-494d-990d-0805b4a177a6"
  },
