  {
    "TimeGenerated": "5/10/2021, 5:47:44.067 PM",
    "Account": "",
    "AccountType": "",
    "Computer": "MyVM10",
    "EventSourceName": "Microsoft-Windows-Security-Auditing",
    "Channel": "Security",
    "Task": 13824,
    "Level": 8,
    "EventData": "<EventData xmlns=\"http://schemas.microsoft.com/win/2004/08/events/event\">\n  <Data Name=\"SubjectUserSid\">S-1-5-18</Data>\n  <Data Name=\"SubjectUserName\">MyVM10$</Data>\n  <Data Name=\"SubjectDomainName\">WORKGROUP</Data>\n  <Data Name=\"SubjectLogonId\">0x3e7</Data>\n  <Data Name=\"TargetName\">MicrosoftAccount:user=02pztrvzkdqypcrf</Data>\n  <Data Name=\"Type\">0</Data>\n  <Data Name=\"CountOfCredentialsReturned\">0</Data>\n  <Data Name=\"ReadOperation\">%%8100</Data>\n  <Data Name=\"ReturnCode\">3221226021</Data>\n  <Data Name=\"ProcessCreationTime\">2021-05-10T14:47:44.016970500Z</Data>\n  <Data Name=\"ClientProcessId\">23028</Data>\n</EventData>",
    "EventID": 5379,
    "Activity": "5379",
    "PartitionKey": "",
    "RowKey": "",
    "StorageAccount": "",
    "AzureDeploymentID": "",
    "AzureTableName": "",
    "AccessList": "",
    "AccessMask": null,
    "HandleId": null,
    "ObjectName": "",
    "ObjectServer": "",
    "ObjectType": "",
    "OperationType": "",
    "SubjectAccount": "",
    "SubcategoryGuid": "",
    "SubcategoryId": "",
    "SubjectDomainName": "",
    "SubjectKeyIdentifier": "",
    "SubjectLogonId": null,
    "SubjectUserName": "",
    "SubjectUserSid": "",
    "SourceComputerId": "99c906d4-159a-439b-aa5f-96e9f53058e2",
    "EventOriginId": "c6fa1a4e-8c19-4d39-999d-04d155a6b1a0",
    "MG": "00000000-0000-0000-0000-000000000001",
    "TimeCollected": "5/10/2021, 5:47:51.233 PM",
    "ManagementGroupName": "AOI-83c61c06-76fd-494d-990d-0805b4a177a6"
  },
  {
    "TimeGenerated": "5/10/2021, 5:47:44.210 PM",
    "Account": "",
    "AccountType": "",
    "Computer": "MyVM10",
    "EventSourceName": "Microsoft-Windows-Security-Auditing",
    "Channel": "Security",
    "Task": 13824,
    "Level": 8,
    "EventData": "<EventData xmlns=\"http://schemas.microsoft.com/win/2004/08/events/event\">\n  <Data Name=\"SubjectUserSid\">S-1-5-18</Data>\n  <Data Name=\"SubjectUserName\">MyVM10$</Data>\n  <Data Name=\"SubjectDomainName\">WORKGROUP</Data>\n  <Data Name=\"SubjectLogonId\">0x3e7</Data>\n  <Data Name=\"TargetName\">MicrosoftAccount:user=02pztrvzkdqypcrf</Data>\n  <Data Name=\"Type\">0</Data>\n  <Data Name=\"CountOfCredentialsReturned\">0</Data>\n  <Data Name=\"ReadOperation\">%%8100</Data>\n  <Data Name=\"ReturnCode\">3221226021</Data>\n  <Data Name=\"ProcessCreationTime\">2021-05-10T14:47:44.016970500Z</Data>\n  <Data Name=\"ClientProcessId\">23028</Data>\n</EventData>",
    "EventID": 5379,
    "Activity": "5379",
    "PartitionKey": "",
    "RowKey": "",
    "StorageAccount": "",
    "AzureDeploymentID": "",
    "AzureTableName": "",
    "AccessList": "",
    "AccessMask": null,
    "HandleId": null,
    "ObjectName": "",
    "ObjectServer": "",
    "ObjectType": "",
    "OperationType": "",
    "SubjectAccount": "",
    "SubcategoryGuid": "",
    "SubcategoryId": "",
    "SubjectDomainName": "",
    "SubjectKeyIdentifier": "",
    "SubjectLogonId": null,
    "SubjectUserName": "",
    "SubjectUserSid": "",
    "SourceComputerId": "99c906d4-159a-439b-aa5f-96e9f53058e2",
    "EventOriginId": "21892c53-0d62-496e-9b84-04e068f30b08",
    "MG": "00000000-0000-0000-0000-000000000001",
    "TimeCollected": "5/10/2021, 5:47:51.233 PM",
    "ManagementGroupName": "AOI-83c61c06-76fd-494d-990d-0805b4a177a6"
  },
  {
    "TimeGenerated": "5/10/2021, 5:47:44.210 PM",
    "Account": "",
    "AccountType": "",
    "Computer": "MyVM10",
    "EventSourceName": "Microsoft-Windows-Security-Auditing",
    "Channel": "Security",
    "Task": 13824,
    "Level": 8,
    "EventData": "<EventData xmlns=\"http://schemas.microsoft.com/win/2004/08/events/event\">\n  <Data Name=\"SubjectUserSid\">S-1-5-18</Data>\n  <Data Name=\"SubjectUserName\">MyVM10$</Data>\n  <Data Name=\"SubjectDomainName\">WORKGROUP</Data>\n  <Data Name=\"SubjectLogonId\">0x3e7</Data>\n  <Data Name=\"TargetName\">WindowsLive:(token):name=02pztrvzkdqypcrf;serviceuri=*</Data>\n  <Data Name=\"Type\">0</Data>\n  <Data Name=\"CountOfCredentialsReturned\">0</Data>\n  <Data Name=\"ReadOperation\">%%8100</Data>\n  <Data Name=\"ReturnCode\">3221226021</Data>\n  <Data Name=\"ProcessCreationTime\">2021-05-10T14:47:44.016970500Z</Data>\n  <Data Name=\"ClientProcessId\">23028</Data>\n</EventData>",
    "EventID": 5379,
    "Activity": "5379",
    "PartitionKey": "",
    "RowKey": "",
    "StorageAccount": "",
    "AzureDeploymentID": "",
    "AzureTableName": "",
    "AccessList": "",
    "AccessMask": null,
    "HandleId": null,
    "ObjectName": "",
    "ObjectServer": "",
    "ObjectType": "",
    "OperationType": "",
    "SubjectAccount": "",
    "SubcategoryGuid": "",
    "SubcategoryId": "",
    "SubjectDomainName": "",
    "SubjectKeyIdentifier": "",
    "SubjectLogonId": null,
    "SubjectUserName": "",
    "SubjectUserSid": "",
    "SourceComputerId": "99c906d4-159a-439b-aa5f-96e9f53058e2",
    "EventOriginId": "86f432e3-83db-4e1f-8d95-172735c58e2d",
    "MG": "00000000-0000-0000-0000-000000000001",
    "TimeCollected": "5/10/2021, 5:47:51.233 PM",
    "ManagementGroupName": "AOI-83c61c06-76fd-494d-990d-0805b4a177a6"
  },
  {
    "TimeGenerated": "5/10/2021, 5:47:44.210 PM",
    "Account": "",
    "AccountType": "",
    "Computer": "MyVM10",
    "EventSourceName": "Microsoft-Windows-Security-Auditing",
    "Channel": "Security",
    "Task": 13824,
    "Level": 8,
    "EventData": "<EventData xmlns=\"http://schemas.microsoft.com/win/2004/08/events/event\">\n  <Data Name=\"SubjectUserSid\">S-1-5-18</Data>\n  <Data Name=\"SubjectUserName\">MyVM10$</Data>\n  <Data Name=\"SubjectDomainName\">WORKGROUP</Data>\n  <Data Name=\"SubjectLogonId\">0x3e7</Data>\n  <Data Name=\"TargetName\">WindowsLive:(cert):name=02pztrvzkdqypcrf;serviceuri=*</Data>\n  <Data Name=\"Type\">0</Data>\n  <Data Name=\"CountOfCredentialsReturned\">0</Data>\n  <Data Name=\"ReadOperation\">%%8100</Data>\n  <Data Name=\"ReturnCode\">3221226021</Data>\n  <Data Name=\"ProcessCreationTime\">2021-05-10T14:47:44.016970500Z</Data>\n  <Data Name=\"ClientProcessId\">23028</Data>\n</EventData>",
    "EventID": 5379,
    "Activity": "5379",
    "PartitionKey": "",
    "RowKey": "",
    "StorageAccount": "",
    "AzureDeploymentID": "",
    "AzureTableName": "",
    "AccessList": "",
    "AccessMask": null,
    "HandleId": null,
    "ObjectName": "",
    "ObjectServer": "",
    "ObjectType": "",
    "OperationType": "",
    "SubjectAccount": "",
    "SubcategoryGuid": "",
    "SubcategoryId": "",
    "SubjectDomainName": "",
    "SubjectKeyIdentifier": "",
    "SubjectLogonId": null,
    "SubjectUserName": "",
    "SubjectUserSid": "",
    "SourceComputerId": "99c906d4-159a-439b-aa5f-96e9f53058e2",
    "EventOriginId": "52b48fb6-b494-4e44-9a52-85d3f3970921",
    "MG": "00000000-0000-0000-0000-000000000001",
    "TimeCollected": "5/10/2021, 5:47:51.233 PM",
    "ManagementGroupName": "AOI-83c61c06-76fd-494d-990d-0805b4a177a6"
  },
  {
    "TimeGenerated": "5/10/2021, 5:47:44.210 PM",
    "Account": "",
    "AccountType": "",
    "Computer": "MyVM10",
    "EventSourceName": "Microsoft-Windows-Security-Auditing",
    "Channel": "Security",
    "Task": 13824,
    "Level": 8,
    "EventData": "<EventData xmlns=\"http://schemas.microsoft.com/win/2004/08/events/event\">\n  <Data Name=\"SubjectUserSid\">S-1-5-18</Data>\n  <Data Name=\"SubjectUserName\">MyVM10$</Data>\n  <Data Name=\"SubjectDomainName\">WORKGROUP</Data>\n  <Data Name=\"SubjectLogonId\">0x3e7</Data>\n  <Data Name=\"TargetName\">MicrosoftAccount:user=02pztrvzkdqypcrf</Data>\n  <Data Name=\"Type\">0</Data>\n  <Data Name=\"CountOfCredentialsReturned\">0</Data>\n  <Data Name=\"ReadOperation\">%%8100</Data>\n  <Data Name=\"ReturnCode\">3221226021</Data>\n  <Data Name=\"ProcessCreationTime\">2021-05-10T14:47:44.016970500Z</Data>\n  <Data Name=\"ClientProcessId\">23028</Data>\n</EventData>",
    "EventID": 5379,
    "Activity": "5379",
    "PartitionKey": "",
    "RowKey": "",
    "StorageAccount": "",
    "AzureDeploymentID": "",
    "AzureTableName": "",
    "AccessList": "",
    "AccessMask": null,
    "HandleId": null,
    "ObjectName": "",
    "ObjectServer": "",
    "ObjectType": "",
    "OperationType": "",
    "SubjectAccount": "",
    "SubcategoryGuid": "",
    "SubcategoryId": "",
    "SubjectDomainName": "",
    "SubjectKeyIdentifier": "",
    "SubjectLogonId": null,
    "SubjectUserName": "",
    "SubjectUserSid": "",
    "SourceComputerId": "99c906d4-159a-439b-aa5f-96e9f53058e2",
    "EventOriginId": "6ffd908e-87d0-4e94-bdfd-a43751d4444b",
    "MG": "00000000-0000-0000-0000-000000000001",
    "TimeCollected": "5/10/2021, 5:47:51.233 PM",
    "ManagementGroupName": "AOI-83c61c06-76fd-494d-990d-0805b4a177a6"
  },
  {
    "TimeGenerated": "5/10/2021, 5:47:44.247 PM",
    "Account": "",
    "AccountType": "",
    "Computer": "MyVM10",
    "EventSourceName": "Microsoft-Windows-Security-Auditing",
    "Channel": "Security",
    "Task": 13824,
    "Level": 8,
    "EventData": "<EventData xmlns=\"http://schemas.microsoft.com/win/2004/08/events/event\">\n  <Data Name=\"SubjectUserSid\">S-1-5-18</Data>\n  <Data Name=\"SubjectUserName\">MyVM10$</Data>\n  <Data Name=\"SubjectDomainName\">WORKGROUP</Data>\n  <Data Name=\"SubjectLogonId\">0x3e7</Data>\n  <Data Name=\"TargetName\">MicrosoftAccount:user=02pztrvzkdqypcrf</Data>\n  <Data Name=\"Type\">0</Data>\n  <Data Name=\"CountOfCredentialsReturned\">0</Data>\n  <Data Name=\"ReadOperation\">%%8100</Data>\n  <Data Name=\"ReturnCode\">3221226021</Data>\n  <Data Name=\"ProcessCreationTime\">2021-05-10T14:47:44.016970500Z</Data>\n  <Data Name=\"ClientProcessId\">23028</Data>\n</EventData>",
    "EventID": 5379,
    "Activity": "5379",
    "PartitionKey": "",
    "RowKey": "",
    "StorageAccount": "",
    "AzureDeploymentID": "",
    "AzureTableName": "",
    "AccessList": "",
    "AccessMask": null,
    "HandleId": null,
    "ObjectName": "",
    "ObjectServer": "",
    "ObjectType": "",
    "OperationType": "",
    "SubjectAccount": "",
    "SubcategoryGuid": "",
    "SubcategoryId": "",
    "SubjectDomainName": "",
    "SubjectKeyIdentifier": "",
    "SubjectLogonId": null,
    "SubjectUserName": "",
    "SubjectUserSid": "",
    "SourceComputerId": "99c906d4-159a-439b-aa5f-96e9f53058e2",
    "EventOriginId": "a0028cc8-516e-4ce7-b295-c20fb8cb3dd8",
    "MG": "00000000-0000-0000-0000-000000000001",
    "TimeCollected": "5/10/2021, 5:47:51.233 PM",
    "ManagementGroupName": "AOI-83c61c06-76fd-494d-990d-0805b4a177a6"
  },
  {
    "TimeGenerated": "5/10/2021, 5:47:44.247 PM",
    "Account": "",
    "AccountType": "",
    "Computer": "MyVM10",
    "EventSourceName": "Microsoft-Windows-Security-Auditing",
    "Channel": "Security",
    "Task": 13824,
    "Level": 8,
    "EventData": "<EventData xmlns=\"http://schemas.microsoft.com/win/2004/08/events/event\">\n  <Data Name=\"SubjectUserSid\">S-1-5-18</Data>\n  <Data Name=\"SubjectUserName\">MyVM10$</Data>\n  <Data Name=\"SubjectDomainName\">WORKGROUP</Data>\n  <Data Name=\"SubjectLogonId\">0x3e7</Data>\n  <Data Name=\"TargetName\">WindowsLive:(token):name=02pztrvzkdqypcrf;serviceuri=*</Data>\n  <Data Name=\"Type\">0</Data>\n  <Data Name=\"CountOfCredentialsReturned\">0</Data>\n  <Data Name=\"ReadOperation\">%%8100</Data>\n  <Data Name=\"ReturnCode\">3221226021</Data>\n  <Data Name=\"ProcessCreationTime\">2021-05-10T14:47:44.016970500Z</Data>\n  <Data Name=\"ClientProcessId\">23028</Data>\n</EventData>",
    "EventID": 5379,
    "Activity": "5379",
    "PartitionKey": "",
    "RowKey": "",
    "StorageAccount": "",
    "AzureDeploymentID": "",
    "AzureTableName": "",
    "AccessList": "",
    "AccessMask": null,
    "HandleId": null,
    "ObjectName": "",
    "ObjectServer": "",
    "ObjectType": "",
    "OperationType": "",
    "SubjectAccount": "",
    "SubcategoryGuid": "",
    "SubcategoryId": "",
    "SubjectDomainName": "",
    "SubjectKeyIdentifier": "",
    "SubjectLogonId": null,
    "SubjectUserName": "",
    "SubjectUserSid": "",
    "SourceComputerId": "99c906d4-159a-439b-aa5f-96e9f53058e2",
    "EventOriginId": "6c1f8be3-d232-4c56-98d8-d13bab31da0b",
    "MG": "00000000-0000-0000-0000-000000000001",
    "TimeCollected": "5/10/2021, 5:47:51.233 PM",
    "ManagementGroupName": "AOI-83c61c06-76fd-494d-990d-0805b4a177a6"
  },
  {
    "TimeGenerated": "5/10/2021, 5:47:44.247 PM",
    "Account": "",
    "AccountType": "",
    "Computer": "MyVM10",
    "EventSourceName": "Microsoft-Windows-Security-Auditing",
    "Channel": "Security",
    "Task": 13824,
    "Level": 8,
    "EventData": "<EventData xmlns=\"http://schemas.microsoft.com/win/2004/08/events/event\">\n  <Data Name=\"SubjectUserSid\">S-1-5-18</Data>\n  <Data Name=\"SubjectUserName\">MyVM10$</Data>\n  <Data Name=\"SubjectDomainName\">WORKGROUP</Data>\n  <Data Name=\"SubjectLogonId\">0x3e7</Data>\n  <Data Name=\"TargetName\">WindowsLive:(cert):name=02pztrvzkdqypcrf;serviceuri=*</Data>\n  <Data Name=\"Type\">0</Data>\n  <Data Name=\"CountOfCredentialsReturned\">0</Data>\n  <Data Name=\"ReadOperation\">%%8100</Data>\n  <Data Name=\"ReturnCode\">3221226021</Data>\n  <Data Name=\"ProcessCreationTime\">2021-05-10T14:47:44.016970500Z</Data>\n  <Data Name=\"ClientProcessId\">23028</Data>\n</EventData>",
    "EventID": 5379,
    "Activity": "5379",
    "PartitionKey": "",
    "RowKey": "",
    "StorageAccount": "",
    "AzureDeploymentID": "",
    "AzureTableName": "",
    "AccessList": "",
    "AccessMask": null,
    "HandleId": null,
    "ObjectName": "",
    "ObjectServer": "",
    "ObjectType": "",
    "OperationType": "",
    "SubjectAccount": "",
    "SubcategoryGuid": "",
    "SubcategoryId": "",
    "SubjectDomainName": "",
    "SubjectKeyIdentifier": "",
    "SubjectLogonId": null,
    "SubjectUserName": "",
    "SubjectUserSid": "",
    "SourceComputerId": "99c906d4-159a-439b-aa5f-96e9f53058e2",
    "EventOriginId": "1e19e217-570a-43e9-ba2f-968ba3b3aec9",
    "MG": "00000000-0000-0000-0000-000000000001",
    "TimeCollected": "5/10/2021, 5:47:51.233 PM",
    "ManagementGroupName": "AOI-83c61c06-76fd-494d-990d-0805b4a177a6"
  },
  {
    "TimeGenerated": "5/10/2021, 5:47:44.250 PM",
    "Account": "",
    "AccountType": "",
    "Computer": "MyVM10",
    "EventSourceName": "Microsoft-Windows-Security-Auditing",
    "Channel": "Security",
    "Task": 13824,
    "Level": 8,
    "EventData": "<EventData xmlns=\"http://schemas.microsoft.com/win/2004/08/events/event\">\n  <Data Name=\"SubjectUserSid\">S-1-5-18</Data>\n  <Data Name=\"SubjectUserName\">MyVM10$</Data>\n  <Data Name=\"SubjectDomainName\">WORKGROUP</Data>\n  <Data Name=\"SubjectLogonId\">0x3e7</Data>\n  <Data Name=\"TargetName\">MicrosoftAccount:user=02pztrvzkdqypcrf</Data>\n  <Data Name=\"Type\">0</Data>\n  <Data Name=\"CountOfCredentialsReturned\">0</Data>\n  <Data Name=\"ReadOperation\">%%8100</Data>\n  <Data Name=\"ReturnCode\">3221226021</Data>\n  <Data Name=\"ProcessCreationTime\">2021-05-10T14:47:44.016970500Z</Data>\n  <Data Name=\"ClientProcessId\">23028</Data>\n</EventData>",
    "EventID": 5379,
    "Activity": "5379",
    "PartitionKey": "",
    "RowKey": "",
    "StorageAccount": "",
    "AzureDeploymentID": "",
    "AzureTableName": "",
    "AccessList": "",
    "AccessMask": null,
    "HandleId": null,
    "ObjectName": "",
    "ObjectServer": "",
    "ObjectType": "",
    "OperationType": "",
    "SubjectAccount": "",
    "SubcategoryGuid": "",
    "SubcategoryId": "",
    "SubjectDomainName": "",
    "SubjectKeyIdentifier": "",
    "SubjectLogonId": null,
    "SubjectUserName": "",
    "SubjectUserSid": "",
    "SourceComputerId": "99c906d4-159a-439b-aa5f-96e9f53058e2",
    "EventOriginId": "e1790237-f553-4c6c-84f7-8d5414a4d364",
    "MG": "00000000-0000-0000-0000-000000000001",
    "TimeCollected": "5/10/2021, 5:47:51.233 PM",
    "ManagementGroupName": "AOI-83c61c06-76fd-494d-990d-0805b4a177a6"
  },
  {
    "TimeGenerated": "5/10/2021, 5:32:49.050 PM",
    "Account": "WORKGROUP\\MyVm$",
    "AccountType": "Machine",
    "Computer": "MyVm",
    "EventSourceName": "Microsoft-Windows-Security-Auditing",
    "Channel": "Security",
    "Task": 13312,
    "Level": 8,
    "EventData": "",
    "EventID": 4688,
    "Activity": "4688 - A new process has been created.",
    "PartitionKey": "",
    "RowKey": "",
    "StorageAccount": "",
    "AzureDeploymentID": "",
    "AzureTableName": "",
    "AccessList": "",
    "AccessMask": null,
    "HandleId": null,
    "ObjectName": "",
    "ObjectServer": "",
    "ObjectType": "",
    "OperationType": "",
    "SubjectAccount": "WORKGROUP\\MyVm$",
    "SubcategoryGuid": "",
    "SubcategoryId": "",
    "SubjectDomainName": "WORKGROUP",
    "SubjectKeyIdentifier": "",
    "SubjectLogonId": 30000000,
    "SubjectUserName": "MyVm$",
    "SubjectUserSid": "S-1-5-18",
    "SourceComputerId": "353219d8-904e-483d-86b5-dc9ab6099459",
    "EventOriginId": "73439c21-b2b3-4f4b-8645-cbafb722be39",
    "MG": "00000000-0000-0000-0000-000000000001",
    "TimeCollected": "5/10/2021, 5:33:20.842 PM",
    "ManagementGroupName": "AOI-83c61c06-76fd-494d-990d-0805b4a177a6"
  },
  {
    "TimeGenerated": "5/10/2021, 5:32:49.053 PM",
    "Account": "NT AUTHORITY\\LOCAL SERVICE",
    "AccountType": "Machine",
    "Computer": "MyVm",
    "EventSourceName": "Microsoft-Windows-Security-Auditing",
    "Channel": "Security",
    "Task": 13312,
    "Level": 8,
    "EventData": "",
    "EventID": 4688,
    "Activity": "4688 - A new process has been created.",
    "PartitionKey": "",
    "RowKey": "",
    "StorageAccount": "",
    "AzureDeploymentID": "",
    "AzureTableName": "",
    "AccessList": "",
    "AccessMask": null,
    "HandleId": null,
    "ObjectName": "",
    "ObjectServer": "",
    "ObjectType": "",
    "OperationType": "",
    "SubjectAccount": "NT AUTHORITY\\LOCAL SERVICE",
    "SubcategoryGuid": "",
    "SubcategoryId": "",
    "SubjectDomainName": "NT AUTHORITY",
    "SubjectKeyIdentifier": "",
    "SubjectLogonId": 300000,
    "SubjectUserName": "LOCAL SERVICE",
    "SubjectUserSid": "S-1-5-19",
    "SourceComputerId": "353219d8-904e-483d-86b5-dc9ab6099459",
    "EventOriginId": "0eb73ad7-9b7f-400e-bfaa-1d690902e35d",
    "MG": "00000000-0000-0000-0000-000000000001",
    "TimeCollected": "5/10/2021, 5:33:20.842 PM",
    "ManagementGroupName": "AOI-83c61c06-76fd-494d-990d-0805b4a177a6"
  },
  {
    "TimeGenerated": "5/10/2021, 5:32:52.013 PM",
    "Account": "WORKGROUP\\MyVm$",
    "AccountType": "Machine",
    "Computer": "MyVm",
    "EventSourceName": "Microsoft-Windows-Security-Auditing",
    "Channel": "Security",
    "Task": 13312,
    "Level": 8,
    "EventData": "",
    "EventID": 4688,
    "Activity": "4688 - A new process has been created.",
    "PartitionKey": "",
    "RowKey": "",
    "StorageAccount": "",
    "AzureDeploymentID": "",
    "AzureTableName": "",
    "AccessList": "",
    "AccessMask": null,
    "HandleId": null,
    "ObjectName": "",
    "ObjectServer": "",
    "ObjectType": "",
    "OperationType": "",
    "SubjectAccount": "WORKGROUP\\MyVm$",
    "SubcategoryGuid": "",
    "SubcategoryId": "",
    "SubjectDomainName": "WORKGROUP",
    "SubjectKeyIdentifier": "",
    "SubjectLogonId": 30000000,
    "SubjectUserName": "MyVm$",
    "SubjectUserSid": "S-1-5-18",
    "SourceComputerId": "353219d8-904e-483d-86b5-dc9ab6099459",
    "EventOriginId": "73845d1f-6acb-4c3a-8c60-f526e847c24f",
    "MG": "00000000-0000-0000-0000-000000000001",
    "TimeCollected": "5/10/2021, 5:33:20.842 PM",
    "ManagementGroupName": "AOI-83c61c06-76fd-494d-990d-0805b4a177a6"
  },
  {
    "TimeGenerated": "5/10/2021, 5:32:52.017 PM",
    "Account": "WORKGROUP\\MyVm$",
    "AccountType": "Machine",
    "Computer": "MyVm",
    "EventSourceName": "Microsoft-Windows-Security-Auditing",
    "Channel": "Security",
    "Task": 13312,
    "Level": 8,
    "EventData": "",
    "EventID": 4688,
    "Activity": "4688 - A new process has been created.",
    "PartitionKey": "",
    "RowKey": "",
    "StorageAccount": "",
    "AzureDeploymentID": "",
    "AzureTableName": "",
    "AccessList": "",
    "AccessMask": null,
    "HandleId": null,
    "ObjectName": "",
    "ObjectServer": "",
    "ObjectType": "",
    "OperationType": "",
    "SubjectAccount": "WORKGROUP\\MyVm$",
    "SubcategoryGuid": "",
    "SubcategoryId": "",
    "SubjectDomainName": "WORKGROUP",
    "SubjectKeyIdentifier": "",
    "SubjectLogonId": 30000000,
    "SubjectUserName": "MyVm$",
    "SubjectUserSid": "S-1-5-18",
    "SourceComputerId": "353219d8-904e-483d-86b5-dc9ab6099459",
    "EventOriginId": "75fe9758-023f-4d47-8add-bbd070c3a87a",
    "MG": "00000000-0000-0000-0000-000000000001",
    "TimeCollected": "5/10/2021, 5:33:20.842 PM",
    "ManagementGroupName": "AOI-83c61c06-76fd-494d-990d-0805b4a177a6"
  },
  {
    "TimeGenerated": "5/10/2021, 5:44:03.377 PM",
    "Account": "",
    "AccountType": "",
    "Computer": "VM1.testenv.onmicrosoft.com",
    "EventSourceName": "Microsoft-Windows-Security-Auditing",
    "Channel": "Security",
    "Task": 1,
    "Level": 0,
    "EventData": "<EventData xmlns=\"http://schemas.microsoft.com/win/2004/08/events/event\">\n  <Data Name=\"ProcessId\">2856</Data>\n  <Data Name=\"Application\">\\device\\harddiskvolume1\\windowsazure\\guestagent_2.7.41491.1005_2020-11-17_025846\\waappagent.exe</Data>\n  <Data Name=\"SourceAddress\">0.0.0.0</Data>\n  <Data Name=\"SourcePort\">62648</Data>\n  <Data Name=\"Protocol\">6</Data>\n  <Data Name=\"FilterRTID\">0</Data>\n  <Data Name=\"LayerName\">%%14608</Data>\n  <Data Name=\"LayerRTID\">36</Data>\n</EventData>",
    "EventID": 5158,
    "Activity": "5158 - The Windows Filtering Platform has permitted a bind to a local port.",
    "PartitionKey": "",
    "RowKey": "",
    "StorageAccount": "",
    "AzureDeploymentID": "",
    "AzureTableName": "",
    "AccessList": "",
    "AccessMask": null,
    "HandleId": null,
    "ObjectName": "",
    "ObjectServer": "",
    "ObjectType": "",
    "OperationType": "",
    "SubjectAccount": "",
    "SubcategoryGuid": "",
    "SubcategoryId": "",
    "SubjectDomainName": "",
    "SubjectKeyIdentifier": "",
    "SubjectLogonId": null,
    "SubjectUserName": "",
    "SubjectUserSid": "",
    "SourceComputerId": "5c7f3782-1e64-f470-738c-cf904f80d3d3",
    "EventOriginId": "862c4600-b1f2-46f6-a0c5-c886f4c375e7",
    "MG": "00000000-0000-0000-0000-000000000001",
    "TimeCollected": "5/10/2021, 5:46:12.704 PM",
    "ManagementGroupName": "AOI-83c61c06-76fd-494d-990d-0805b4a177a6"
  },
  {
    "TimeGenerated": "5/10/2021, 5:44:03.377 PM",
    "Account": "",
    "AccountType": "",
    "Computer": "VM1.testenv.onmicrosoft.com",
    "EventSourceName": "Microsoft-Windows-Security-Auditing",
    "Channel": "Security",
    "Task": 1,
    "Level": 0,
    "EventData": "<EventData xmlns=\"http://schemas.microsoft.com/win/2004/08/events/event\">\n  <Data Name=\"ProcessID\">2856</Data>\n  <Data Name=\"Application\">\\device\\harddiskvolume1\\windowsazure\\guestagent_2.7.41491.1005_2020-11-17_025846\\waappagent.exe</Data>\n  <Data Name=\"Direction\">%%14593</Data>\n  <Data Name=\"SourceAddress\">10.0.0.5</Data>\n  <Data Name=\"SourcePort\">62648</Data>\n  <Data Name=\"DestAddress\">168.63.129.16</Data>\n  <Data Name=\"DestPort\">80</Data>\n  <Data Name=\"Protocol\">6</Data>\n  <Data Name=\"FilterRTID\">79531</Data>\n  <Data Name=\"LayerName\">%%14611</Data>\n  <Data Name=\"LayerRTID\">48</Data>\n  <Data Name=\"RemoteUserID\">S-1-0-0</Data>\n  <Data Name=\"RemoteMachineID\">S-1-0-0</Data>\n</EventData>",
    "EventID": 5156,
    "Activity": "5156 - The Windows Filtering Platform has allowed a connection.",
    "PartitionKey": "",
    "RowKey": "",
    "StorageAccount": "",
    "AzureDeploymentID": "",
    "AzureTableName": "",
    "AccessList": "",
    "AccessMask": null,
    "HandleId": null,
    "ObjectName": "",
    "ObjectServer": "",
    "ObjectType": "",
    "OperationType": "",
    "SubjectAccount": "",
    "SubcategoryGuid": "",
    "SubcategoryId": "",
    "SubjectDomainName": "",
    "SubjectKeyIdentifier": "",
    "SubjectLogonId": null,
    "SubjectUserName": "",
    "SubjectUserSid": "",
    "SourceComputerId": "5c7f3782-1e64-f470-738c-cf904f80d3d3",
    "EventOriginId": "862c4600-b1f2-46f6-a0c5-c886f4c375e7",
    "MG": "00000000-0000-0000-0000-000000000001",
    "TimeCollected": "5/10/2021, 5:46:12.704 PM",
    "ManagementGroupName": "AOI-83c61c06-76fd-494d-990d-0805b4a177a6"
  },
  {
    "TimeGenerated": "5/10/2021, 5:44:08.227 PM",
    "Account": "",
    "AccountType": "",
    "Computer": "VM1.testenv.onmicrosoft.com",
    "EventSourceName": "Microsoft-Windows-Security-Auditing",
    "Channel": "Security",
    "Task": 1,
    "Level": 0,
    "EventData": "<EventData xmlns=\"http://schemas.microsoft.com/win/2004/08/events/event\">\n  <Data Name=\"ProcessId\">4016</Data>\n  <Data Name=\"Application\">\\device\\harddiskvolume1\\windowsazure\\guestagent_2.7.41491.1005_2020-11-17_025846\\guestagent\\windowsazureguestagent.exe</Data>\n  <Data Name=\"SourceAddress\">0.0.0.0</Data>\n  <Data Name=\"SourcePort\">62649</Data>\n  <Data Name=\"Protocol\">6</Data>\n  <Data Name=\"FilterRTID\">0</Data>\n  <Data Name=\"LayerName\">%%14608</Data>\n  <Data Name=\"LayerRTID\">36</Data>\n</EventData>",
    "EventID": 5158,
    "Activity": "5158 - The Windows Filtering Platform has permitted a bind to a local port.",
    "PartitionKey": "",
    "RowKey": "",
    "StorageAccount": "",
    "AzureDeploymentID": "",
    "AzureTableName": "",
    "AccessList": "",
    "AccessMask": null,
    "HandleId": null,
    "ObjectName": "",
    "ObjectServer": "",
    "ObjectType": "",
    "OperationType": "",
    "SubjectAccount": "",
    "SubcategoryGuid": "",
    "SubcategoryId": "",
    "SubjectDomainName": "",
    "SubjectKeyIdentifier": "",
    "SubjectLogonId": null,
    "SubjectUserName": "",
    "SubjectUserSid": "",
    "SourceComputerId": "5c7f3782-1e64-f470-738c-cf904f80d3d3",
    "EventOriginId": "862c4600-b1f2-46f6-a0c5-c886f4c375e7",
    "MG": "00000000-0000-0000-0000-000000000001",
    "TimeCollected": "5/10/2021, 5:46:12.704 PM",
    "ManagementGroupName": "AOI-83c61c06-76fd-494d-990d-0805b4a177a6"
  },
  {
    "TimeGenerated": "5/10/2021, 5:44:08.227 PM",
    "Account": "",
    "AccountType": "",
    "Computer": "VM1.testenv.onmicrosoft.com",
    "EventSourceName": "Microsoft-Windows-Security-Auditing",
    "Channel": "Security",
    "Task": 1,
    "Level": 0,
    "EventData": "<EventData xmlns=\"http://schemas.microsoft.com/win/2004/08/events/event\">\n  <Data Name=\"ProcessID\">4016</Data>\n  <Data Name=\"Application\">\\device\\harddiskvolume1\\windowsazure\\guestagent_2.7.41491.1005_2020-11-17_025846\\guestagent\\windowsazureguestagent.exe</Data>\n  <Data Name=\"Direction\">%%14593</Data>\n  <Data Name=\"SourceAddress\">10.0.0.5</Data>\n  <Data Name=\"SourcePort\">62649</Data>\n  <Data Name=\"DestAddress\">169.254.169.254</Data>\n  <Data Name=\"DestPort\">80</Data>\n  <Data Name=\"Protocol\">6</Data>\n  <Data Name=\"FilterRTID\">79266</Data>\n  <Data Name=\"LayerName\">%%14611</Data>\n  <Data Name=\"LayerRTID\">48</Data>\n  <Data Name=\"RemoteUserID\">S-1-0-0</Data>\n  <Data Name=\"RemoteMachineID\">S-1-0-0</Data>\n</EventData>",
    "EventID": 5156,
    "Activity": "5156 - The Windows Filtering Platform has allowed a connection.",
    "PartitionKey": "",
    "RowKey": "",
    "StorageAccount": "",
    "AzureDeploymentID": "",
    "AzureTableName": "",
    "AccessList": "",
    "AccessMask": null,
    "HandleId": null,
    "ObjectName": "",
    "ObjectServer": "",
    "ObjectType": "",
    "OperationType": "",
    "SubjectAccount": "",
    "SubcategoryGuid": "",
    "SubcategoryId": "",
    "SubjectDomainName": "",
    "SubjectKeyIdentifier": "",
    "SubjectLogonId": null,
    "SubjectUserName": "",
    "SubjectUserSid": "",
    "SourceComputerId": "5c7f3782-1e64-f470-738c-cf904f80d3d3",
    "EventOriginId": "862c4600-b1f2-46f6-a0c5-c886f4c375e7",
    "MG": "00000000-0000-0000-0000-000000000001",
    "TimeCollected": "5/10/2021, 5:46:12.704 PM",
    "ManagementGroupName": "AOI-83c61c06-76fd-494d-990d-0805b4a177a6"
  },
  {
    "TimeGenerated": "5/10/2021, 5:44:10.980 PM",
    "Account": "",
    "AccountType": "",
    "Computer": "VM1.testenv.onmicrosoft.com",
    "EventSourceName": "Microsoft-Windows-Security-Auditing",
    "Channel": "Security",
    "Task": 1,
    "Level": 0,
    "EventData": "<EventData xmlns=\"http://schemas.microsoft.com/win/2004/08/events/event\">\n  <Data Name=\"ProcessId\">4016</Data>\n  <Data Name=\"Application\">\\device\\harddiskvolume1\\windowsazure\\guestagent_2.7.41491.1005_2020-11-17_025846\\guestagent\\windowsazureguestagent.exe</Data>\n  <Data Name=\"SourceAddress\">0.0.0.0</Data>\n  <Data Name=\"SourcePort\">62650</Data>\n  <Data Name=\"Protocol\">6</Data>\n  <Data Name=\"FilterRTID\">0</Data>\n  <Data Name=\"LayerName\">%%14608</Data>\n  <Data Name=\"LayerRTID\">36</Data>\n</EventData>",
    "EventID": 5158,
    "Activity": "5158 - The Windows Filtering Platform has permitted a bind to a local port.",
    "PartitionKey": "",
    "RowKey": "",
    "StorageAccount": "",
    "AzureDeploymentID": "",
    "AzureTableName": "",
    "AccessList": "",
    "AccessMask": null,
    "HandleId": null,
    "ObjectName": "",
    "ObjectServer": "",
    "ObjectType": "",
    "OperationType": "",
    "SubjectAccount": "",
    "SubcategoryGuid": "",
    "SubcategoryId": "",
    "SubjectDomainName": "",
    "SubjectKeyIdentifier": "",
    "SubjectLogonId": null,
    "SubjectUserName": "",
    "SubjectUserSid": "",
    "SourceComputerId": "5c7f3782-1e64-f470-738c-cf904f80d3d3",
    "EventOriginId": "862c4600-b1f2-46f6-a0c5-c886f4c375e7",
    "MG": "00000000-0000-0000-0000-000000000001",
    "TimeCollected": "5/10/2021, 5:46:12.704 PM",
    "ManagementGroupName": "AOI-83c61c06-76fd-494d-990d-0805b4a177a6"
  },
  {
    "TimeGenerated": "5/10/2021, 5:44:10.980 PM",
    "Account": "",
    "AccountType": "",
    "Computer": "VM1.testenv.onmicrosoft.com",
    "EventSourceName": "Microsoft-Windows-Security-Auditing",
    "Channel": "Security",
    "Task": 1,
    "Level": 0,
    "EventData": "<EventData xmlns=\"http://schemas.microsoft.com/win/2004/08/events/event\">\n  <Data Name=\"ProcessID\">4016</Data>\n  <Data Name=\"Application\">\\device\\harddiskvolume1\\windowsazure\\guestagent_2.7.41491.1005_2020-11-17_025846\\guestagent\\windowsazureguestagent.exe</Data>\n  <Data Name=\"Direction\">%%14593</Data>\n  <Data Name=\"SourceAddress\">10.0.0.5</Data>\n  <Data Name=\"SourcePort\">62650</Data>\n  <Data Name=\"DestAddress\">168.63.129.16</Data>\n  <Data Name=\"DestPort\">80</Data>\n  <Data Name=\"Protocol\">6</Data>\n  <Data Name=\"FilterRTID\">79531</Data>\n  <Data Name=\"LayerName\">%%14611</Data>\n  <Data Name=\"LayerRTID\">48</Data>\n  <Data Name=\"RemoteUserID\">S-1-0-0</Data>\n  <Data Name=\"RemoteMachineID\">S-1-0-0</Data>\n</EventData>",
    "EventID": 5156,
    "Activity": "5156 - The Windows Filtering Platform has allowed a connection.",
    "PartitionKey": "",
    "RowKey": "",
    "StorageAccount": "",
    "AzureDeploymentID": "",
    "AzureTableName": "",
    "AccessList": "",
    "AccessMask": null,
    "HandleId": null,
    "ObjectName": "",
    "ObjectServer": "",
    "ObjectType": "",
    "OperationType": "",
    "SubjectAccount": "",
    "SubcategoryGuid": "",
    "SubcategoryId": "",
    "SubjectDomainName": "",
    "SubjectKeyIdentifier": "",
    "SubjectLogonId": null,
    "SubjectUserName": "",
    "SubjectUserSid": "",
    "SourceComputerId": "5c7f3782-1e64-f470-738c-cf904f80d3d3",
    "EventOriginId": "862c4600-b1f2-46f6-a0c5-c886f4c375e7",
    "MG": "00000000-0000-0000-0000-000000000001",
    "TimeCollected": "5/10/2021, 5:46:12.704 PM",
    "ManagementGroupName": "AOI-83c61c06-76fd-494d-990d-0805b4a177a6"
  },
  {
    "TimeGenerated": "5/10/2021, 5:44:11.060 PM",
    "Account": "",
    "AccountType": "",
    "Computer": "VM1.testenv.onmicrosoft.com",
    "EventSourceName": "Microsoft-Windows-Security-Auditing",
    "Channel": "Security",
    "Task": 1,
    "Level": 0,
    "EventData": "<EventData xmlns=\"http://schemas.microsoft.com/win/2004/08/events/event\">\n  <Data Name=\"ProcessId\">984</Data>\n  <Data Name=\"Application\">\\device\\harddiskvolume1\\windows\\system32\\svchost.exe</Data>\n  <Data Name=\"SourceAddress\">::</Data>\n  <Data Name=\"SourcePort\">53873</Data>\n  <Data Name=\"Protocol\">17</Data>\n  <Data Name=\"FilterRTID\">0</Data>\n  <Data Name=\"LayerName\">%%14608</Data>\n  <Data Name=\"LayerRTID\">36</Data>\n</EventData>",
    "EventID": 5158,
    "Activity": "5158 - The Windows Filtering Platform has permitted a bind to a local port.",
    "PartitionKey": "",
    "RowKey": "",
    "StorageAccount": "",
    "AzureDeploymentID": "",
    "AzureTableName": "",
    "AccessList": "",
    "AccessMask": null,
    "HandleId": null,
    "ObjectName": "",
    "ObjectServer": "",
    "ObjectType": "",
    "OperationType": "",
    "SubjectAccount": "",
    "SubcategoryGuid": "",
    "SubcategoryId": "",
    "SubjectDomainName": "",
    "SubjectKeyIdentifier": "",
    "SubjectLogonId": null,
    "SubjectUserName": "",
    "SubjectUserSid": "",
    "SourceComputerId": "5c7f3782-1e64-f470-738c-cf904f80d3d3",
    "EventOriginId": "862c4600-b1f2-46f6-a0c5-c886f4c375e7",
    "MG": "00000000-0000-0000-0000-000000000001",
    "TimeCollected": "5/10/2021, 5:46:12.704 PM",
    "ManagementGroupName": "AOI-83c61c06-76fd-494d-990d-0805b4a177a6"
  },
  {
    "TimeGenerated": "5/10/2021, 5:44:11.060 PM",
    "Account": "",
    "AccountType": "",
    "Computer": "VM1.testenv.onmicrosoft.com",
    "EventSourceName": "Microsoft-Windows-Security-Auditing",
    "Channel": "Security",
    "Task": 1,
    "Level": 0,
    "EventData": "<EventData xmlns=\"http://schemas.microsoft.com/win/2004/08/events/event\">\n  <Data Name=\"ProcessId\">984</Data>\n  <Data Name=\"Application\">\\device\\harddiskvolume1\\windows\\system32\\svchost.exe</Data>\n  <Data Name=\"SourceAddress\">::</Data>\n  <Data Name=\"SourcePort\">53873</Data>\n  <Data Name=\"Protocol\">17</Data>\n  <Data Name=\"FilterRTID\">0</Data>\n  <Data Name=\"LayerName\">%%14608</Data>\n  <Data Name=\"LayerRTID\">38</Data>\n</EventData>",
    "EventID": 5158,
    "Activity": "5158 - The Windows Filtering Platform has permitted a bind to a local port.",
    "PartitionKey": "",
    "RowKey": "",
    "StorageAccount": "",
    "AzureDeploymentID": "",
    "AzureTableName": "",
    "AccessList": "",
    "AccessMask": null,
    "HandleId": null,
    "ObjectName": "",
    "ObjectServer": "",
    "ObjectType": "",
    "OperationType": "",
    "SubjectAccount": "",
    "SubcategoryGuid": "",
    "SubcategoryId": "",
    "SubjectDomainName": "",
    "SubjectKeyIdentifier": "",
    "SubjectLogonId": null,
    "SubjectUserName": "",
    "SubjectUserSid": "",
    "SourceComputerId": "5c7f3782-1e64-f470-738c-cf904f80d3d3",
    "EventOriginId": "862c4600-b1f2-46f6-a0c5-c886f4c375e7",
    "MG": "00000000-0000-0000-0000-000000000001",
    "TimeCollected": "5/10/2021, 5:46:12.704 PM",
    "ManagementGroupName": "AOI-83c61c06-76fd-494d-990d-0805b4a177a6"
  },
  {
    "TimeGenerated": "5/10/2021, 5:44:11.060 PM",
    "Account": "",
    "AccountType": "",
    "Computer": "VM1.testenv.onmicrosoft.com",
    "EventSourceName": "Microsoft-Windows-Security-Auditing",
    "Channel": "Security",
    "Task": 1,
    "Level": 0,
    "EventData": "<EventData xmlns=\"http://schemas.microsoft.com/win/2004/08/events/event\">\n  <Data Name=\"ProcessID\">984</Data>\n  <Data Name=\"Application\">\\device\\harddiskvolume1\\windows\\system32\\svchost.exe</Data>\n  <Data Name=\"Direction\">%%14593</Data>\n  <Data Name=\"SourceAddress\">10.0.0.5</Data>\n  <Data Name=\"SourcePort\">53873</Data>\n  <Data Name=\"DestAddress\">10.0.0.4</Data>\n  <Data Name=\"DestPort\">53</Data>\n  <Data Name=\"Protocol\">17</Data>\n  <Data Name=\"FilterRTID\">79266</Data>\n  <Data Name=\"LayerName\">%%14611</Data>\n  <Data Name=\"LayerRTID\">48</Data>\n  <Data Name=\"RemoteUserID\">S-1-0-0</Data>\n  <Data Name=\"RemoteMachineID\">S-1-0-0</Data>\n</EventData>",
    "EventID": 5156,
    "Activity": "5156 - The Windows Filtering Platform has allowed a connection.",
    "PartitionKey": "",
    "RowKey": "",
    "StorageAccount": "",
    "AzureDeploymentID": "",
    "AzureTableName": "",
    "AccessList": "",
    "AccessMask": null,
    "HandleId": null,
    "ObjectName": "",
    "ObjectServer": "",
    "ObjectType": "",
    "OperationType": "",
    "SubjectAccount": "",
    "SubcategoryGuid": "",
    "SubcategoryId": "",
    "SubjectDomainName": "",
    "SubjectKeyIdentifier": "",
    "SubjectLogonId": null,
    "SubjectUserName": "",
    "SubjectUserSid": "",
    "SourceComputerId": "5c7f3782-1e64-f470-738c-cf904f80d3d3",
    "EventOriginId": "862c4600-b1f2-46f6-a0c5-c886f4c375e7",
    "MG": "00000000-0000-0000-0000-000000000001",
    "TimeCollected": "5/10/2021, 5:46:12.704 PM",
    "ManagementGroupName": "AOI-83c61c06-76fd-494d-990d-0805b4a177a6"
  },
  {
    "TimeGenerated": "5/10/2021, 5:44:11.060 PM",
    "Account": "",
    "AccountType": "",
    "Computer": "VM1.testenv.onmicrosoft.com",
    "EventSourceName": "Microsoft-Windows-Security-Auditing",
    "Channel": "Security",
    "Task": 1,
    "Level": 0,
    "EventData": "<EventData xmlns=\"http://schemas.microsoft.com/win/2004/08/events/event\">\n  <Data Name=\"ProcessId\">2592</Data>\n  <Data Name=\"Application\">\\device\\harddiskvolume1\\packages\\plugins\\microsoft.azure.monitor.azuremonitorwindowsagent\\1.0.8.0\\monitoring\\agent\\monagentcore.exe</Data>\n  <Data Name=\"SourceAddress\">0.0.0.0</Data>\n  <Data Name=\"SourcePort\">62651</Data>\n  <Data Name=\"Protocol\">6</Data>\n  <Data Name=\"FilterRTID\">0</Data>\n  <Data Name=\"LayerName\">%%14608</Data>\n  <Data Name=\"LayerRTID\">36</Data>\n</EventData>",
    "EventID": 5158,
    "Activity": "5158 - The Windows Filtering Platform has permitted a bind to a local port.",
    "PartitionKey": "",
    "RowKey": "",
    "StorageAccount": "",
    "AzureDeploymentID": "",
    "AzureTableName": "",
    "AccessList": "",
    "AccessMask": null,
    "HandleId": null,
    "ObjectName": "",
    "ObjectServer": "",
    "ObjectType": "",
    "OperationType": "",
    "SubjectAccount": "",
    "SubcategoryGuid": "",
    "SubcategoryId": "",
    "SubjectDomainName": "",
    "SubjectKeyIdentifier": "",
    "SubjectLogonId": null,
    "SubjectUserName": "",
    "SubjectUserSid": "",
    "SourceComputerId": "5c7f3782-1e64-f470-738c-cf904f80d3d3",
    "EventOriginId": "862c4600-b1f2-46f6-a0c5-c886f4c375e7",
    "MG": "00000000-0000-0000-0000-000000000001",
    "TimeCollected": "5/10/2021, 5:46:12.704 PM",
    "ManagementGroupName": "AOI-83c61c06-76fd-494d-990d-0805b4a177a6"
  },
  {
    "TimeGenerated": "5/10/2021, 5:44:11.060 PM",
    "Account": "",
    "AccountType": "",
    "Computer": "VM1.testenv.onmicrosoft.com",
    "EventSourceName": "Microsoft-Windows-Security-Auditing",
    "Channel": "Security",
    "Task": 1,
    "Level": 0,
    "EventData": "<EventData xmlns=\"http://schemas.microsoft.com/win/2004/08/events/event\">\n  <Data Name=\"ProcessID\">2592</Data>\n  <Data Name=\"Application\">\\device\\harddiskvolume1\\packages\\plugins\\microsoft.azure.monitor.azuremonitorwindowsagent\\1.0.8.0\\monitoring\\agent\\monagentcore.exe</Data>\n  <Data Name=\"Direction\">%%14593</Data>\n  <Data Name=\"SourceAddress\">10.0.0.5</Data>\n  <Data Name=\"SourcePort\">62651</Data>\n  <Data Name=\"DestAddress\">13.77.52.23</Data>\n  <Data Name=\"DestPort\">443</Data>\n  <Data Name=\"Protocol\">6</Data>\n  <Data Name=\"FilterRTID\">79270</Data>\n  <Data Name=\"LayerName\">%%14611</Data>\n  <Data Name=\"LayerRTID\">48</Data>\n  <Data Name=\"RemoteUserID\">S-1-0-0</Data>\n  <Data Name=\"RemoteMachineID\">S-1-0-0</Data>\n</EventData>",
    "EventID": 5156,
    "Activity": "5156 - The Windows Filtering Platform has allowed a connection.",
    "PartitionKey": "",
    "RowKey": "",
    "StorageAccount": "",
    "AzureDeploymentID": "",
    "AzureTableName": "",
    "AccessList": "",
    "AccessMask": null,
    "HandleId": null,
    "ObjectName": "",
    "ObjectServer": "",
    "ObjectType": "",
    "OperationType": "",
    "SubjectAccount": "",
    "SubcategoryGuid": "",
    "SubcategoryId": "",
    "SubjectDomainName": "",
    "SubjectKeyIdentifier": "",
    "SubjectLogonId": null,
    "SubjectUserName": "",
    "SubjectUserSid": "",
    "SourceComputerId": "5c7f3782-1e64-f470-738c-cf904f80d3d3",
    "EventOriginId": "862c4600-b1f2-46f6-a0c5-c886f4c375e7",
    "MG": "00000000-0000-0000-0000-000000000001",
    "TimeCollected": "5/10/2021, 5:46:12.704 PM",
    "ManagementGroupName": "AOI-83c61c06-76fd-494d-990d-0805b4a177a6"
  },
  {
    "TimeGenerated": "5/10/2021, 5:44:24.057 PM",
    "Account": "",
    "AccountType": "",
    "Computer": "VM1.testenv.onmicrosoft.com",
    "EventSourceName": "Microsoft-Windows-Security-Auditing",
    "Channel": "Security",
    "Task": 1,
    "Level": 0,
    "EventData": "<EventData xmlns=\"http://schemas.microsoft.com/win/2004/08/events/event\">\n  <Data Name=\"ProcessId\">984</Data>\n  <Data Name=\"Application\">\\device\\harddiskvolume1\\windows\\system32\\svchost.exe</Data>\n  <Data Name=\"SourceAddress\">::</Data>\n  <Data Name=\"SourcePort\">62360</Data>\n  <Data Name=\"Protocol\">17</Data>\n  <Data Name=\"FilterRTID\">0</Data>\n  <Data Name=\"LayerName\">%%14608</Data>\n  <Data Name=\"LayerRTID\">36</Data>\n</EventData>",
    "EventID": 5158,
    "Activity": "5158 - The Windows Filtering Platform has permitted a bind to a local port.",
    "PartitionKey": "",
    "RowKey": "",
    "StorageAccount": "",
    "AzureDeploymentID": "",
    "AzureTableName": "",
    "AccessList": "",
    "AccessMask": null,
    "HandleId": null,
    "ObjectName": "",
    "ObjectServer": "",
    "ObjectType": "",
    "OperationType": "",
    "SubjectAccount": "",
    "SubcategoryGuid": "",
    "SubcategoryId": "",
    "SubjectDomainName": "",
    "SubjectKeyIdentifier": "",
    "SubjectLogonId": null,
    "SubjectUserName": "",
    "SubjectUserSid": "",
    "SourceComputerId": "5c7f3782-1e64-f470-738c-cf904f80d3d3",
    "EventOriginId": "862c4600-b1f2-46f6-a0c5-c886f4c375e7",
    "MG": "00000000-0000-0000-0000-000000000001",
    "TimeCollected": "5/10/2021, 5:46:12.704 PM",
    "ManagementGroupName": "AOI-83c61c06-76fd-494d-990d-0805b4a177a6"
  },
  {
    "TimeGenerated": "5/10/2021, 5:44:24.057 PM",
    "Account": "",
    "AccountType": "",
    "Computer": "VM1.testenv.onmicrosoft.com",
    "EventSourceName": "Microsoft-Windows-Security-Auditing",
    "Channel": "Security",
    "Task": 1,
    "Level": 0,
    "EventData": "<EventData xmlns=\"http://schemas.microsoft.com/win/2004/08/events/event\">\n  <Data Name=\"ProcessId\">984</Data>\n  <Data Name=\"Application\">\\device\\harddiskvolume1\\windows\\system32\\svchost.exe</Data>\n  <Data Name=\"SourceAddress\">::</Data>\n  <Data Name=\"SourcePort\">62360</Data>\n  <Data Name=\"Protocol\">17</Data>\n  <Data Name=\"FilterRTID\">0</Data>\n  <Data Name=\"LayerName\">%%14608</Data>\n  <Data Name=\"LayerRTID\">38</Data>\n</EventData>",
    "EventID": 5158,
    "Activity": "5158 - The Windows Filtering Platform has permitted a bind to a local port.",
    "PartitionKey": "",
    "RowKey": "",
    "StorageAccount": "",
    "AzureDeploymentID": "",
    "AzureTableName": "",
    "AccessList": "",
    "AccessMask": null,
    "HandleId": null,
    "ObjectName": "",
    "ObjectServer": "",
    "ObjectType": "",
    "OperationType": "",
    "SubjectAccount": "",
    "SubcategoryGuid": "",
    "SubcategoryId": "",
    "SubjectDomainName": "",
    "SubjectKeyIdentifier": "",
    "SubjectLogonId": null,
    "SubjectUserName": "",
    "SubjectUserSid": "",
    "SourceComputerId": "5c7f3782-1e64-f470-738c-cf904f80d3d3",
    "EventOriginId": "862c4600-b1f2-46f6-a0c5-c886f4c375e7",
    "MG": "00000000-0000-0000-0000-000000000001",
    "TimeCollected": "5/10/2021, 5:46:12.704 PM",
    "ManagementGroupName": "AOI-83c61c06-76fd-494d-990d-0805b4a177a6"
  },
  {
    "TimeGenerated": "5/10/2021, 5:44:24.057 PM",
    "Account": "",
    "AccountType": "",
    "Computer": "VM1.testenv.onmicrosoft.com",
    "EventSourceName": "Microsoft-Windows-Security-Auditing",
    "Channel": "Security",
    "Task": 1,
    "Level": 0,
    "EventData": "<EventData xmlns=\"http://schemas.microsoft.com/win/2004/08/events/event\">\n  <Data Name=\"ProcessID\">984</Data>\n  <Data Name=\"Application\">\\device\\harddiskvolume1\\windows\\system32\\svchost.exe</Data>\n  <Data Name=\"Direction\">%%14593</Data>\n  <Data Name=\"SourceAddress\">10.0.0.5</Data>\n  <Data Name=\"SourcePort\">62360</Data>\n  <Data Name=\"DestAddress\">10.0.0.4</Data>\n  <Data Name=\"DestPort\">53</Data>\n  <Data Name=\"Protocol\">17</Data>\n  <Data Name=\"FilterRTID\">79266</Data>\n  <Data Name=\"LayerName\">%%14611</Data>\n  <Data Name=\"LayerRTID\">48</Data>\n  <Data Name=\"RemoteUserID\">S-1-0-0</Data>\n  <Data Name=\"RemoteMachineID\">S-1-0-0</Data>\n</EventData>",
    "EventID": 5156,
    "Activity": "5156 - The Windows Filtering Platform has allowed a connection.",
    "PartitionKey": "",
    "RowKey": "",
    "StorageAccount": "",
    "AzureDeploymentID": "",
    "AzureTableName": "",
    "AccessList": "",
    "AccessMask": null,
    "HandleId": null,
    "ObjectName": "",
    "ObjectServer": "",
    "ObjectType": "",
    "OperationType": "",
    "SubjectAccount": "",
    "SubcategoryGuid": "",
    "SubcategoryId": "",
    "SubjectDomainName": "",
    "SubjectKeyIdentifier": "",
    "SubjectLogonId": null,
    "SubjectUserName": "",
    "SubjectUserSid": "",
    "SourceComputerId": "5c7f3782-1e64-f470-738c-cf904f80d3d3",
    "EventOriginId": "862c4600-b1f2-46f6-a0c5-c886f4c375e7",
    "MG": "00000000-0000-0000-0000-000000000001",
    "TimeCollected": "5/10/2021, 5:46:12.704 PM",
    "ManagementGroupName": "AOI-83c61c06-76fd-494d-990d-0805b4a177a6"
  },
  {
    "TimeGenerated": "5/10/2021, 5:44:24.057 PM",
    "Account": "",
    "AccountType": "",
    "Computer": "VM1.testenv.onmicrosoft.com",
    "EventSourceName": "Microsoft-Windows-Security-Auditing",
    "Channel": "Security",
    "Task": 1,
    "Level": 0,
    "EventData": "<EventData xmlns=\"http://schemas.microsoft.com/win/2004/08/events/event\">\n  <Data Name=\"ProcessId\">2592</Data>\n  <Data Name=\"Application\">\\device\\harddiskvolume1\\packages\\plugins\\microsoft.azure.monitor.azuremonitorwindowsagent\\1.0.8.0\\monitoring\\agent\\monagentcore.exe</Data>\n  <Data Name=\"SourceAddress\">0.0.0.0</Data>\n  <Data Name=\"SourcePort\">62652</Data>\n  <Data Name=\"Protocol\">6</Data>\n  <Data Name=\"FilterRTID\">0</Data>\n  <Data Name=\"LayerName\">%%14608</Data>\n  <Data Name=\"LayerRTID\">36</Data>\n</EventData>",
    "EventID": 5158,
    "Activity": "5158 - The Windows Filtering Platform has permitted a bind to a local port.",
    "PartitionKey": "",
    "RowKey": "",
    "StorageAccount": "",
    "AzureDeploymentID": "",
    "AzureTableName": "",
    "AccessList": "",
    "AccessMask": null,
    "HandleId": null,
    "ObjectName": "",
    "ObjectServer": "",
    "ObjectType": "",
    "OperationType": "",
    "SubjectAccount": "",
    "SubcategoryGuid": "",
    "SubcategoryId": "",
    "SubjectDomainName": "",
    "SubjectKeyIdentifier": "",
    "SubjectLogonId": null,
    "SubjectUserName": "",
    "SubjectUserSid": "",
    "SourceComputerId": "5c7f3782-1e64-f470-738c-cf904f80d3d3",
    "EventOriginId": "862c4600-b1f2-46f6-a0c5-c886f4c375e7",
    "MG": "00000000-0000-0000-0000-000000000001",
    "TimeCollected": "5/10/2021, 5:46:12.704 PM",
    "ManagementGroupName": "AOI-83c61c06-76fd-494d-990d-0805b4a177a6"
  },
